[ 2021-06-19T06:25:09+08:00 ] 47.102.44.66 /
INFO: [ app_init ] --START--
INFO: Run Behavior\BuildLiteBehavior [ RunTime:0.000006s ]
INFO: [ app_init ] --END-- [ RunTime:0.000026s ]
INFO: [ app_begin ] --START--
INFO: Run Behavior\ReadHtmlCacheBehavior [ RunTime:0.000196s ]
INFO: [ app_begin ] --END-- [ RunTime:0.000212s ]
SQL: SHOW COLUMNS FROM `qw_setting` [ RunTime:0.0006s ]
SQL: SELECT `k`,`v` FROM `qw_setting`  [ RunTime:0.0015s ]
NOTIC: [8] Undefined offset: 1 /opt/lampp/www/picServer/App/Qwadmin/Controller/ComController.class.php 第 27 行.

[ 2021-06-19T06:25:09+08:00 ] 47.102.44.66 /login/index.html
INFO: [ app_init ] --START--
INFO: Run Behavior\BuildLiteBehavior [ RunTime:0.000005s ]
INFO: [ app_init ] --END-- [ RunTime:0.000024s ]
INFO: [ app_begin ] --START--
INFO: Run Behavior\ReadHtmlCacheBehavior [ RunTime:0.000203s ]
INFO: [ app_begin ] --END-- [ RunTime:0.000217s ]
SQL: SHOW COLUMNS FROM `qw_setting` [ RunTime:0.0007s ]
SQL: SELECT `k`,`v` FROM `qw_setting`  [ RunTime:0.0002s ]
NOTIC: [8] Undefined offset: 1 /opt/lampp/www/picServer/App/Qwadmin/Controller/LoginController.class.php 第 21 行.
INFO: [ view_parse ] --START--
INFO: [ template_filter ] --START--
INFO: Run Behavior\ContentReplaceBehavior [ RunTime:0.000045s ]
INFO: [ template_filter ] --END-- [ RunTime:0.000071s ]
INFO: Run Behavior\ParseTemplateBehavior [ RunTime:0.017791s ]
INFO: [ view_parse ] --END-- [ RunTime:0.017809s ]
INFO: [ view_filter ] --START--
INFO: Run Behavior\WriteHtmlCacheBehavior [ RunTime:0.003441s ]
INFO: [ view_filter ] --END-- [ RunTime:0.003455s ]
INFO: [ app_end ] --START--
INFO: Run Behavior\ShowPageTraceBehavior [ RunTime:0.000320s ]
INFO: [ app_end ] --END-- [ RunTime:0.000334s ]

[ 2021-06-19T07:08:27+08:00 ] 120.206.55.111 /picapi/config/wx8dfbc97733f412a1
INFO: [ app_init ] --START--
INFO: Run Behavior\BuildLiteBehavior [ RunTime:0.000005s ]
INFO: [ app_init ] --END-- [ RunTime:0.000025s ]
INFO: [ app_begin ] --START--
INFO: Run Behavior\ReadHtmlCacheBehavior [ RunTime:0.000187s ]
INFO: [ app_begin ] --END-- [ RunTime:0.000201s ]
SQL: SHOW COLUMNS FROM `qw_setting` [ RunTime:0.0006s ]
SQL: SELECT `k`,`v` FROM `qw_setting`  [ RunTime:0.0002s ]
INFO: [ app_end ] --START--
INFO: Run Behavior\ShowPageTraceBehavior [ RunTime:0.000243s ]
INFO: [ app_end ] --END-- [ RunTime:0.000257s ]

[ 2021-06-19T07:08:27+08:00 ] 120.206.55.111 /picapi//index?version=v2&page=0&size=10
INFO: [ app_init ] --START--
INFO: Run Behavior\BuildLiteBehavior [ RunTime:0.000005s ]
INFO: [ app_init ] --END-- [ RunTime:0.000021s ]
INFO: [ app_begin ] --START--
INFO: Run Behavior\ReadHtmlCacheBehavior [ RunTime:0.000196s ]
INFO: [ app_begin ] --END-- [ RunTime:0.000225s ]
SQL: SHOW COLUMNS FROM `qw_setting` [ RunTime:0.0007s ]
SQL: SELECT `k`,`v` FROM `qw_setting`  [ RunTime:0.0003s ]
SQL: SHOW COLUMNS FROM `qw_photo` [ RunTime:0.0005s ]
SQL: SELECT * FROM `qw_photo` ORDER BY id DESC LIMIT 0,10   [ RunTime:0.0017s ]
SQL: SELECT COUNT(*) AS tp_count FROM `qw_photo` LIMIT 1   [ RunTime:0.0002s ]
NOTIC: [8] Undefined index: datetime /opt/lampp/www/picServer/App/Qwadmin/Controller/PicapiController.class.php 第 28 行.
NOTIC: [8] Undefined index: datetime /opt/lampp/www/picServer/App/Qwadmin/Controller/PicapiController.class.php 第 28 行.
NOTIC: [8] Undefined index: datetime /opt/lampp/www/picServer/App/Qwadmin/Controller/PicapiController.class.php 第 28 行.
NOTIC: [8] Undefined index: datetime /opt/lampp/www/picServer/App/Qwadmin/Controller/PicapiController.class.php 第 28 行.
NOTIC: [8] Undefined index: datetime /opt/lampp/www/picServer/App/Qwadmin/Controller/PicapiController.class.php 第 28 行.
NOTIC: [8] Undefined index: datetime /opt/lampp/www/picServer/App/Qwadmin/Controller/PicapiController.class.php 第 28 行.
NOTIC: [8] Undefined index: datetime /opt/lampp/www/picServer/App/Qwadmin/Controller/PicapiController.class.php 第 28 行.
NOTIC: [8] Undefined index: datetime /opt/lampp/www/picServer/App/Qwadmin/Controller/PicapiController.class.php 第 28 行.
NOTIC: [8] Undefined index: datetime /opt/lampp/www/picServer/App/Qwadmin/Controller/PicapiController.class.php 第 28 行.
NOTIC: [8] Undefined index: datetime /opt/lampp/www/picServer/App/Qwadmin/Controller/PicapiController.class.php 第 28 行.
INFO: [ app_end ] --START--
INFO: Run Behavior\ShowPageTraceBehavior [ RunTime:0.000265s ]
INFO: [ app_end ] --END-- [ RunTime:0.000278s ]

[ 2021-06-19T11:48:51+08:00 ] 127.0.0.1 /
INFO: [ app_init ] --START--
INFO: Run Behavior\BuildLiteBehavior [ RunTime:0.000006s ]
INFO: [ app_init ] --END-- [ RunTime:0.000027s ]
INFO: [ app_begin ] --START--
INFO: Run Behavior\ReadHtmlCacheBehavior [ RunTime:0.000223s ]
INFO: [ app_begin ] --END-- [ RunTime:0.000241s ]
SQL: SHOW COLUMNS FROM `qw_setting` [ RunTime:0.0007s ]
SQL: SELECT `k`,`v` FROM `qw_setting`  [ RunTime:0.0015s ]
NOTIC: [8] Undefined offset: 1 /opt/lampp/www/picServer/App/Qwadmin/Controller/ComController.class.php 第 27 行.

[ 2021-06-19T11:48:51+08:00 ] 127.0.0.1 /login/index.html
INFO: [ app_init ] --START--
INFO: Run Behavior\BuildLiteBehavior [ RunTime:0.000005s ]
INFO: [ app_init ] --END-- [ RunTime:0.000043s ]
INFO: [ app_begin ] --START--
INFO: Run Behavior\ReadHtmlCacheBehavior [ RunTime:0.000250s ]
INFO: [ app_begin ] --END-- [ RunTime:0.000270s ]
SQL: SHOW COLUMNS FROM `qw_setting` [ RunTime:0.0007s ]
SQL: SELECT `k`,`v` FROM `qw_setting`  [ RunTime:0.0002s ]
NOTIC: [8] Undefined offset: 1 /opt/lampp/www/picServer/App/Qwadmin/Controller/LoginController.class.php 第 21 行.
INFO: [ view_parse ] --START--
INFO: [ template_filter ] --START--
INFO: Run Behavior\ContentReplaceBehavior [ RunTime:0.000029s ]
INFO: [ template_filter ] --END-- [ RunTime:0.000063s ]
INFO: Run Behavior\ParseTemplateBehavior [ RunTime:0.010316s ]
INFO: [ view_parse ] --END-- [ RunTime:0.010329s ]
INFO: [ view_filter ] --START--
INFO: Run Behavior\WriteHtmlCacheBehavior [ RunTime:0.001766s ]
INFO: [ view_filter ] --END-- [ RunTime:0.001782s ]
INFO: [ app_end ] --START--
INFO: Run Behavior\ShowPageTraceBehavior [ RunTime:0.000274s ]
INFO: [ app_end ] --END-- [ RunTime:0.000288s ]

[ 2021-06-19T11:48:52+08:00 ] 127.0.0.1 /login/verify.html
INFO: [ app_init ] --START--
INFO: Run Behavior\BuildLiteBehavior [ RunTime:0.000004s ]
INFO: [ app_init ] --END-- [ RunTime:0.000038s ]
INFO: [ app_begin ] --START--
INFO: Run Behavior\ReadHtmlCacheBehavior [ RunTime:0.000231s ]
INFO: [ app_begin ] --END-- [ RunTime:0.000249s ]
SQL: SHOW COLUMNS FROM `qw_setting` [ RunTime:0.0006s ]
SQL: SELECT `k`,`v` FROM `qw_setting`  [ RunTime:0.0002s ]
INFO: [ app_end ] --START--
INFO: Run Behavior\ShowPageTraceBehavior [ RunTime:0.000248s ]
INFO: [ app_end ] --END-- [ RunTime:0.000268s ]

[ 2021-06-19T12:02:09+08:00 ] 120.230.60.255 /picapi/config/wx8dfbc97733f412a1
INFO: [ app_init ] --START--
INFO: Run Behavior\BuildLiteBehavior [ RunTime:0.000004s ]
INFO: [ app_init ] --END-- [ RunTime:0.000021s ]
INFO: [ app_begin ] --START--
INFO: Run Behavior\ReadHtmlCacheBehavior [ RunTime:0.000191s ]
INFO: [ app_begin ] --END-- [ RunTime:0.000206s ]
SQL: SHOW COLUMNS FROM `qw_setting` [ RunTime:0.0006s ]
SQL: SELECT `k`,`v` FROM `qw_setting`  [ RunTime:0.0002s ]
INFO: [ app_end ] --START--
INFO: Run Behavior\ShowPageTraceBehavior [ RunTime:0.000234s ]
INFO: [ app_end ] --END-- [ RunTime:0.000250s ]

[ 2021-06-19T12:02:09+08:00 ] 120.230.60.255 /picapi//index?version=v2&page=0&size=10
INFO: [ app_init ] --START--
INFO: Run Behavior\BuildLiteBehavior [ RunTime:0.000005s ]
INFO: [ app_init ] --END-- [ RunTime:0.000026s ]
INFO: [ app_begin ] --START--
INFO: Run Behavior\ReadHtmlCacheBehavior [ RunTime:0.000196s ]
INFO: [ app_begin ] --END-- [ RunTime:0.000213s ]
SQL: SHOW COLUMNS FROM `qw_setting` [ RunTime:0.0005s ]
SQL: SELECT `k`,`v` FROM `qw_setting`  [ RunTime:0.0002s ]
SQL: SHOW COLUMNS FROM `qw_photo` [ RunTime:0.0004s ]
SQL: SELECT * FROM `qw_photo` ORDER BY id DESC LIMIT 0,10   [ RunTime:0.0016s ]
SQL: SELECT COUNT(*) AS tp_count FROM `qw_photo` LIMIT 1   [ RunTime:0.0002s ]
NOTIC: [8] Undefined index: datetime /opt/lampp/www/picServer/App/Qwadmin/Controller/PicapiController.class.php 第 28 行.
NOTIC: [8] Undefined index: datetime /opt/lampp/www/picServer/App/Qwadmin/Controller/PicapiController.class.php 第 28 行.
NOTIC: [8] Undefined index: datetime /opt/lampp/www/picServer/App/Qwadmin/Controller/PicapiController.class.php 第 28 行.
NOTIC: [8] Undefined index: datetime /opt/lampp/www/picServer/App/Qwadmin/Controller/PicapiController.class.php 第 28 行.
NOTIC: [8] Undefined index: datetime /opt/lampp/www/picServer/App/Qwadmin/Controller/PicapiController.class.php 第 28 行.
NOTIC: [8] Undefined index: datetime /opt/lampp/www/picServer/App/Qwadmin/Controller/PicapiController.class.php 第 28 行.
NOTIC: [8] Undefined index: datetime /opt/lampp/www/picServer/App/Qwadmin/Controller/PicapiController.class.php 第 28 行.
NOTIC: [8] Undefined index: datetime /opt/lampp/www/picServer/App/Qwadmin/Controller/PicapiController.class.php 第 28 行.
NOTIC: [8] Undefined index: datetime /opt/lampp/www/picServer/App/Qwadmin/Controller/PicapiController.class.php 第 28 行.
NOTIC: [8] Undefined index: datetime /opt/lampp/www/picServer/App/Qwadmin/Controller/PicapiController.class.php 第 28 行.
INFO: [ app_end ] --START--
INFO: Run Behavior\ShowPageTraceBehavior [ RunTime:0.000266s ]
INFO: [ app_end ] --END-- [ RunTime:0.000280s ]

[ 2021-06-19T12:53:40+08:00 ] 223.97.211.198 /picapi/config/wx8dfbc97733f412a1
INFO: [ app_init ] --START--
INFO: Run Behavior\BuildLiteBehavior [ RunTime:0.000005s ]
INFO: [ app_init ] --END-- [ RunTime:0.000029s ]
INFO: [ app_begin ] --START--
INFO: Run Behavior\ReadHtmlCacheBehavior [ RunTime:0.000195s ]
INFO: [ app_begin ] --END-- [ RunTime:0.000210s ]
SQL: SHOW COLUMNS FROM `qw_setting` [ RunTime:0.0006s ]
SQL: SELECT `k`,`v` FROM `qw_setting`  [ RunTime:0.0002s ]
INFO: [ app_end ] --START--
INFO: Run Behavior\ShowPageTraceBehavior [ RunTime:0.000275s ]
INFO: [ app_end ] --END-- [ RunTime:0.000290s ]

[ 2021-06-19T12:53:41+08:00 ] 223.97.211.198 /picapi//index?version=v2&page=0&size=10
INFO: [ app_init ] --START--
INFO: Run Behavior\BuildLiteBehavior [ RunTime:0.000005s ]
INFO: [ app_init ] --END-- [ RunTime:0.000042s ]
INFO: [ app_begin ] --START--
INFO: Run Behavior\ReadHtmlCacheBehavior [ RunTime:0.000205s ]
INFO: [ app_begin ] --END-- [ RunTime:0.000221s ]
SQL: SHOW COLUMNS FROM `qw_setting` [ RunTime:0.0006s ]
SQL: SELECT `k`,`v` FROM `qw_setting`  [ RunTime:0.0002s ]
SQL: SHOW COLUMNS FROM `qw_photo` [ RunTime:0.0004s ]
SQL: SELECT * FROM `qw_photo` ORDER BY id DESC LIMIT 0,10   [ RunTime:0.0017s ]
SQL: SELECT COUNT(*) AS tp_count FROM `qw_photo` LIMIT 1   [ RunTime:0.0002s ]
NOTIC: [8] Undefined index: datetime /opt/lampp/www/picServer/App/Qwadmin/Controller/PicapiController.class.php 第 28 行.
NOTIC: [8] Undefined index: datetime /opt/lampp/www/picServer/App/Qwadmin/Controller/PicapiController.class.php 第 28 行.
NOTIC: [8] Undefined index: datetime /opt/lampp/www/picServer/App/Qwadmin/Controller/PicapiController.class.php 第 28 行.
NOTIC: [8] Undefined index: datetime /opt/lampp/www/picServer/App/Qwadmin/Controller/PicapiController.class.php 第 28 行.
NOTIC: [8] Undefined index: datetime /opt/lampp/www/picServer/App/Qwadmin/Controller/PicapiController.class.php 第 28 行.
NOTIC: [8] Undefined index: datetime /opt/lampp/www/picServer/App/Qwadmin/Controller/PicapiController.class.php 第 28 行.
NOTIC: [8] Undefined index: datetime /opt/lampp/www/picServer/App/Qwadmin/Controller/PicapiController.class.php 第 28 行.
NOTIC: [8] Undefined index: datetime /opt/lampp/www/picServer/App/Qwadmin/Controller/PicapiController.class.php 第 28 行.
NOTIC: [8] Undefined index: datetime /opt/lampp/www/picServer/App/Qwadmin/Controller/PicapiController.class.php 第 28 行.
NOTIC: [8] Undefined index: datetime /opt/lampp/www/picServer/App/Qwadmin/Controller/PicapiController.class.php 第 28 行.
INFO: [ app_end ] --START--
INFO: Run Behavior\ShowPageTraceBehavior [ RunTime:0.000266s ]
INFO: [ app_end ] --END-- [ RunTime:0.000281s ]

[ 2021-06-19T12:55:40+08:00 ] 223.97.211.198 /picapi/config/wx8dfbc97733f412a1
INFO: [ app_init ] --START--
INFO: Run Behavior\BuildLiteBehavior [ RunTime:0.000005s ]
INFO: [ app_init ] --END-- [ RunTime:0.000027s ]
INFO: [ app_begin ] --START--
INFO: Run Behavior\ReadHtmlCacheBehavior [ RunTime:0.000261s ]
INFO: [ app_begin ] --END-- [ RunTime:0.000279s ]
SQL: SHOW COLUMNS FROM `qw_setting` [ RunTime:0.0007s ]
SQL: SELECT `k`,`v` FROM `qw_setting`  [ RunTime:0.0002s ]
INFO: [ app_end ] --START--
INFO: Run Behavior\ShowPageTraceBehavior [ RunTime:0.000321s ]
INFO: [ app_end ] --END-- [ RunTime:0.000339s ]

[ 2021-06-19T12:55:40+08:00 ] 223.97.211.198 /picapi//index?version=v2&page=0&size=10
INFO: [ app_init ] --START--
INFO: Run Behavior\BuildLiteBehavior [ RunTime:0.000004s ]
INFO: [ app_init ] --END-- [ RunTime:0.000042s ]
INFO: [ app_begin ] --START--
INFO: Run Behavior\ReadHtmlCacheBehavior [ RunTime:0.000221s ]
INFO: [ app_begin ] --END-- [ RunTime:0.000239s ]
SQL: SHOW COLUMNS FROM `qw_setting` [ RunTime:0.0006s ]
SQL: SELECT `k`,`v` FROM `qw_setting`  [ RunTime:0.0002s ]
SQL: SHOW COLUMNS FROM `qw_photo` [ RunTime:0.0005s ]
SQL: SELECT * FROM `qw_photo` ORDER BY id DESC LIMIT 0,10   [ RunTime:0.0003s ]
SQL: SELECT COUNT(*) AS tp_count FROM `qw_photo` LIMIT 1   [ RunTime:0.0002s ]
NOTIC: [8] Undefined index: datetime /opt/lampp/www/picServer/App/Qwadmin/Controller/PicapiController.class.php 第 28 行.
NOTIC: [8] Undefined index: datetime /opt/lampp/www/picServer/App/Qwadmin/Controller/PicapiController.class.php 第 28 行.
NOTIC: [8] Undefined index: datetime /opt/lampp/www/picServer/App/Qwadmin/Controller/PicapiController.class.php 第 28 行.
NOTIC: [8] Undefined index: datetime /opt/lampp/www/picServer/App/Qwadmin/Controller/PicapiController.class.php 第 28 行.
NOTIC: [8] Undefined index: datetime /opt/lampp/www/picServer/App/Qwadmin/Controller/PicapiController.class.php 第 28 行.
NOTIC: [8] Undefined index: datetime /opt/lampp/www/picServer/App/Qwadmin/Controller/PicapiController.class.php 第 28 行.
NOTIC: [8] Undefined index: datetime /opt/lampp/www/picServer/App/Qwadmin/Controller/PicapiController.class.php 第 28 行.
NOTIC: [8] Undefined index: datetime /opt/lampp/www/picServer/App/Qwadmin/Controller/PicapiController.class.php 第 28 行.
NOTIC: [8] Undefined index: datetime /opt/lampp/www/picServer/App/Qwadmin/Controller/PicapiController.class.php 第 28 行.
NOTIC: [8] Undefined index: datetime /opt/lampp/www/picServer/App/Qwadmin/Controller/PicapiController.class.php 第 28 行.
INFO: [ app_end ] --START--
INFO: Run Behavior\ShowPageTraceBehavior [ RunTime:0.000364s ]
INFO: [ app_end ] --END-- [ RunTime:0.000379s ]

[ 2021-06-19T13:09:15+08:00 ] 175.24.35.82 /picapi/config/wx8dfbc97733f412a1
INFO: [ app_init ] --START--
INFO: Run Behavior\BuildLiteBehavior [ RunTime:0.000005s ]
INFO: [ app_init ] --END-- [ RunTime:0.000024s ]
INFO: [ app_begin ] --START--
INFO: Run Behavior\ReadHtmlCacheBehavior [ RunTime:0.000227s ]
INFO: [ app_begin ] --END-- [ RunTime:0.000246s ]
SQL: SHOW COLUMNS FROM `qw_setting` [ RunTime:0.0006s ]
SQL: SELECT `k`,`v` FROM `qw_setting`  [ RunTime:0.0002s ]
INFO: [ app_end ] --START--
INFO: Run Behavior\ShowPageTraceBehavior [ RunTime:0.000264s ]
INFO: [ app_end ] --END-- [ RunTime:0.000279s ]

[ 2021-06-19T13:09:15+08:00 ] 49.235.205.223 /picapi//index?version=v2&page=0&size=10
INFO: [ app_init ] --START--
INFO: Run Behavior\BuildLiteBehavior [ RunTime:0.000005s ]
INFO: [ app_init ] --END-- [ RunTime:0.000020s ]
INFO: [ app_begin ] --START--
INFO: Run Behavior\ReadHtmlCacheBehavior [ RunTime:0.000195s ]
INFO: [ app_begin ] --END-- [ RunTime:0.000210s ]
SQL: SHOW COLUMNS FROM `qw_setting` [ RunTime:0.0004s ]
SQL: SELECT `k`,`v` FROM `qw_setting`  [ RunTime:0.0002s ]
SQL: SHOW COLUMNS FROM `qw_photo` [ RunTime:0.0004s ]
SQL: SELECT * FROM `qw_photo` ORDER BY id DESC LIMIT 0,10   [ RunTime:0.0002s ]
SQL: SELECT COUNT(*) AS tp_count FROM `qw_photo` LIMIT 1   [ RunTime:0.0001s ]
NOTIC: [8] Undefined index: datetime /opt/lampp/www/picServer/App/Qwadmin/Controller/PicapiController.class.php 第 28 行.
NOTIC: [8] Undefined index: datetime /opt/lampp/www/picServer/App/Qwadmin/Controller/PicapiController.class.php 第 28 行.
NOTIC: [8] Undefined index: datetime /opt/lampp/www/picServer/App/Qwadmin/Controller/PicapiController.class.php 第 28 行.
NOTIC: [8] Undefined index: datetime /opt/lampp/www/picServer/App/Qwadmin/Controller/PicapiController.class.php 第 28 行.
NOTIC: [8] Undefined index: datetime /opt/lampp/www/picServer/App/Qwadmin/Controller/PicapiController.class.php 第 28 行.
NOTIC: [8] Undefined index: datetime /opt/lampp/www/picServer/App/Qwadmin/Controller/PicapiController.class.php 第 28 行.
NOTIC: [8] Undefined index: datetime /opt/lampp/www/picServer/App/Qwadmin/Controller/PicapiController.class.php 第 28 行.
NOTIC: [8] Undefined index: datetime /opt/lampp/www/picServer/App/Qwadmin/Controller/PicapiController.class.php 第 28 行.
NOTIC: [8] Undefined index: datetime /opt/lampp/www/picServer/App/Qwadmin/Controller/PicapiController.class.php 第 28 行.
NOTIC: [8] Undefined index: datetime /opt/lampp/www/picServer/App/Qwadmin/Controller/PicapiController.class.php 第 28 行.
INFO: [ app_end ] --START--
INFO: Run Behavior\ShowPageTraceBehavior [ RunTime:0.000260s ]
INFO: [ app_end ] --END-- [ RunTime:0.000277s ]

[ 2021-06-19T13:09:49+08:00 ] 175.24.110.45 /picapi//nineList?version=v2&page=0&size=10
INFO: [ app_init ] --START--
INFO: Run Behavior\BuildLiteBehavior [ RunTime:0.000005s ]
INFO: [ app_init ] --END-- [ RunTime:0.000078s ]
INFO: [ app_begin ] --START--
INFO: Run Behavior\ReadHtmlCacheBehavior [ RunTime:0.000202s ]
INFO: [ app_begin ] --END-- [ RunTime:0.000219s ]
SQL: SHOW COLUMNS FROM `qw_setting` [ RunTime:0.0006s ]
SQL: SELECT `k`,`v` FROM `qw_setting`  [ RunTime:0.0002s ]
SQL: SHOW COLUMNS FROM `qw_photo` [ RunTime:0.0004s ]
SQL: SELECT * FROM `qw_photo` ORDER BY id DESC LIMIT 0,10   [ RunTime:0.0003s ]
SQL: SELECT COUNT(*) AS tp_count FROM `qw_photo` LIMIT 1   [ RunTime:0.0002s ]
INFO: [ app_end ] --START--
INFO: Run Behavior\ShowPageTraceBehavior [ RunTime:0.000250s ]
INFO: [ app_end ] --END-- [ RunTime:0.000266s ]

[ 2021-06-19T13:10:03+08:00 ] 175.24.19.94 /picapi//nineDetail?id=3399&version=v2
INFO: [ app_init ] --START--
INFO: Run Behavior\BuildLiteBehavior [ RunTime:0.000005s ]
INFO: [ app_init ] --END-- [ RunTime:0.000025s ]
INFO: [ app_begin ] --START--
INFO: Run Behavior\ReadHtmlCacheBehavior [ RunTime:0.000205s ]
INFO: [ app_begin ] --END-- [ RunTime:0.000220s ]
SQL: SHOW COLUMNS FROM `qw_setting` [ RunTime:0.0006s ]
SQL: SELECT `k`,`v` FROM `qw_setting`  [ RunTime:0.0002s ]
SQL: SHOW COLUMNS FROM `qw_photo` [ RunTime:0.0004s ]
SQL: SELECT * FROM `qw_photo` WHERE `id` = 3399 LIMIT 1   [ RunTime:0.0003s ]
SQL: SELECT COUNT(*) AS tp_count FROM `qw_photo` WHERE `id` = 3399 LIMIT 1   [ RunTime:0.0002s ]
INFO: [ app_end ] --START--
INFO: Run Behavior\ShowPageTraceBehavior [ RunTime:0.000286s ]
INFO: [ app_end ] --END-- [ RunTime:0.000303s ]

[ 2021-06-19T13:10:07+08:00 ] 175.24.110.241 /picapi//nineDetail?id=3398&version=v2
INFO: [ app_init ] --START--
INFO: Run Behavior\BuildLiteBehavior [ RunTime:0.000008s ]
INFO: [ app_init ] --END-- [ RunTime:0.000034s ]
INFO: [ app_begin ] --START--
INFO: Run Behavior\ReadHtmlCacheBehavior [ RunTime:0.000251s ]
INFO: [ app_begin ] --END-- [ RunTime:0.000269s ]
SQL: SHOW COLUMNS FROM `qw_setting` [ RunTime:0.0006s ]
SQL: SELECT `k`,`v` FROM `qw_setting`  [ RunTime:0.0002s ]
SQL: SHOW COLUMNS FROM `qw_photo` [ RunTime:0.0004s ]
SQL: SELECT * FROM `qw_photo` WHERE `id` = 3398 LIMIT 1   [ RunTime:0.0002s ]
SQL: SELECT COUNT(*) AS tp_count FROM `qw_photo` WHERE `id` = 3398 LIMIT 1   [ RunTime:0.0002s ]
INFO: [ app_end ] --START--
INFO: Run Behavior\ShowPageTraceBehavior [ RunTime:0.000316s ]
INFO: [ app_end ] --END-- [ RunTime:0.000336s ]

[ 2021-06-19T13:10:07+08:00 ] 175.24.100.96 /picapi/add
INFO: [ app_init ] --START--
INFO: Run Behavior\BuildLiteBehavior [ RunTime:0.000005s ]
INFO: [ app_init ] --END-- [ RunTime:0.000025s ]
INFO: [ app_begin ] --START--
INFO: Run Behavior\ReadHtmlCacheBehavior [ RunTime:0.000192s ]
INFO: [ app_begin ] --END-- [ RunTime:0.000207s ]
SQL: SHOW COLUMNS FROM `qw_setting` [ RunTime:0.0008s ]
SQL: SELECT `k`,`v` FROM `qw_setting`  [ RunTime:0.0003s ]
NOTIC: [2] call_user_func() expects parameter 1 to be a valid callback, no array or string given /opt/lampp/www/picServer/ThinkPHP/Library/Think/Upload.class.php 第 170 行.
INFO: [ app_end ] --START--
INFO: Run Behavior\ShowPageTraceBehavior [ RunTime:0.000426s ]
INFO: [ app_end ] --END-- [ RunTime:0.000469s ]

[ 2021-06-19T13:10:07+08:00 ] 175.24.68.75 /picapi/add
INFO: [ app_init ] --START--
INFO: Run Behavior\BuildLiteBehavior [ RunTime:0.000007s ]
INFO: [ app_init ] --END-- [ RunTime:0.000053s ]
INFO: [ app_begin ] --START--
INFO: Run Behavior\ReadHtmlCacheBehavior [ RunTime:0.000232s ]
INFO: [ app_begin ] --END-- [ RunTime:0.000251s ]
SQL: SHOW COLUMNS FROM `qw_setting` [ RunTime:0.0006s ]
SQL: SELECT `k`,`v` FROM `qw_setting`  [ RunTime:0.0002s ]
NOTIC: [2] call_user_func() expects parameter 1 to be a valid callback, no array or string given /opt/lampp/www/picServer/ThinkPHP/Library/Think/Upload.class.php 第 170 行.
INFO: [ app_end ] --START--
INFO: Run Behavior\ShowPageTraceBehavior [ RunTime:0.000536s ]
INFO: [ app_end ] --END-- [ RunTime:0.000579s ]

[ 2021-06-19T13:10:07+08:00 ] 175.24.19.94 /picapi/add
INFO: [ app_init ] --START--
INFO: Run Behavior\BuildLiteBehavior [ RunTime:0.000005s ]
INFO: [ app_init ] --END-- [ RunTime:0.000025s ]
INFO: [ app_begin ] --START--
INFO: Run Behavior\ReadHtmlCacheBehavior [ RunTime:0.000221s ]
INFO: [ app_begin ] --END-- [ RunTime:0.000236s ]
SQL: SHOW COLUMNS FROM `qw_setting` [ RunTime:0.0006s ]
SQL: SELECT `k`,`v` FROM `qw_setting`  [ RunTime:0.0003s ]
NOTIC: [2] call_user_func() expects parameter 1 to be a valid callback, no array or string given /opt/lampp/www/picServer/ThinkPHP/Library/Think/Upload.class.php 第 170 行.
INFO: [ app_end ] --START--
INFO: Run Behavior\ShowPageTraceBehavior [ RunTime:0.000297s ]
INFO: [ app_end ] --END-- [ RunTime:0.000322s ]

[ 2021-06-19T13:10:08+08:00 ] 175.24.68.130 /picapi/add
INFO: [ app_init ] --START--
INFO: Run Behavior\BuildLiteBehavior [ RunTime:0.000005s ]
INFO: [ app_init ] --END-- [ RunTime:0.000060s ]
INFO: [ app_begin ] --START--
INFO: Run Behavior\ReadHtmlCacheBehavior [ RunTime:0.000205s ]
INFO: [ app_begin ] --END-- [ RunTime:0.000221s ]
SQL: SHOW COLUMNS FROM `qw_setting` [ RunTime:0.0006s ]
SQL: SELECT `k`,`v` FROM `qw_setting`  [ RunTime:0.0010s ]
NOTIC: [2] call_user_func() expects parameter 1 to be a valid callback, no array or string given /opt/lampp/www/picServer/ThinkPHP/Library/Think/Upload.class.php 第 170 行.
INFO: [ app_end ] --START--
INFO: Run Behavior\ShowPageTraceBehavior [ RunTime:0.000411s ]
INFO: [ app_end ] --END-- [ RunTime:0.000453s ]

[ 2021-06-19T13:10:11+08:00 ] 175.24.19.94 /picapi/add
INFO: [ app_init ] --START--
INFO: Run Behavior\BuildLiteBehavior [ RunTime:0.000006s ]
INFO: [ app_init ] --END-- [ RunTime:0.000021s ]
INFO: [ app_begin ] --START--
INFO: Run Behavior\ReadHtmlCacheBehavior [ RunTime:0.000221s ]
INFO: [ app_begin ] --END-- [ RunTime:0.000236s ]
SQL: SHOW COLUMNS FROM `qw_setting` [ RunTime:0.0005s ]
SQL: SELECT `k`,`v` FROM `qw_setting`  [ RunTime:0.0002s ]
NOTIC: [2] call_user_func() expects parameter 1 to be a valid callback, no array or string given /opt/lampp/www/picServer/ThinkPHP/Library/Think/Upload.class.php 第 170 行.
INFO: [ app_end ] --START--
INFO: Run Behavior\ShowPageTraceBehavior [ RunTime:0.000438s ]
INFO: [ app_end ] --END-- [ RunTime:0.000478s ]

[ 2021-06-19T13:10:11+08:00 ] 175.24.68.130 /picapi/add
INFO: [ app_init ] --START--
INFO: Run Behavior\BuildLiteBehavior [ RunTime:0.000005s ]
INFO: [ app_init ] --END-- [ RunTime:0.000032s ]
INFO: [ app_begin ] --START--
INFO: Run Behavior\ReadHtmlCacheBehavior [ RunTime:0.000186s ]
INFO: [ app_begin ] --END-- [ RunTime:0.000200s ]
SQL: SHOW COLUMNS FROM `qw_setting` [ RunTime:0.0006s ]
SQL: SELECT `k`,`v` FROM `qw_setting`  [ RunTime:0.0002s ]
NOTIC: [2] call_user_func() expects parameter 1 to be a valid callback, no array or string given /opt/lampp/www/picServer/ThinkPHP/Library/Think/Upload.class.php 第 170 行.
INFO: [ app_end ] --START--
INFO: Run Behavior\ShowPageTraceBehavior [ RunTime:0.000484s ]
INFO: [ app_end ] --END-- [ RunTime:0.000522s ]

[ 2021-06-19T13:10:11+08:00 ] 175.24.68.75 /picapi/add
INFO: [ app_init ] --START--
INFO: Run Behavior\BuildLiteBehavior [ RunTime:0.000006s ]
INFO: [ app_init ] --END-- [ RunTime:0.000030s ]
INFO: [ app_begin ] --START--
INFO: Run Behavior\ReadHtmlCacheBehavior [ RunTime:0.000198s ]
INFO: [ app_begin ] --END-- [ RunTime:0.000214s ]
SQL: SHOW COLUMNS FROM `qw_setting` [ RunTime:0.0006s ]
SQL: SELECT `k`,`v` FROM `qw_setting`  [ RunTime:0.0002s ]
NOTIC: [2] call_user_func() expects parameter 1 to be a valid callback, no array or string given /opt/lampp/www/picServer/ThinkPHP/Library/Think/Upload.class.php 第 170 行.
INFO: [ app_end ] --START--
INFO: Run Behavior\ShowPageTraceBehavior [ RunTime:0.000570s ]
INFO: [ app_end ] --END-- [ RunTime:0.000624s ]

[ 2021-06-19T13:10:12+08:00 ] 175.24.100.96 /picapi/add
INFO: [ app_init ] --START--
INFO: Run Behavior\BuildLiteBehavior [ RunTime:0.000004s ]
INFO: [ app_init ] --END-- [ RunTime:0.000021s ]
INFO: [ app_begin ] --START--
INFO: Run Behavior\ReadHtmlCacheBehavior [ RunTime:0.000232s ]
INFO: [ app_begin ] --END-- [ RunTime:0.000248s ]
SQL: SHOW COLUMNS FROM `qw_setting` [ RunTime:0.0005s ]
SQL: SELECT `k`,`v` FROM `qw_setting`  [ RunTime:0.0002s ]
NOTIC: [2] call_user_func() expects parameter 1 to be a valid callback, no array or string given /opt/lampp/www/picServer/ThinkPHP/Library/Think/Upload.class.php 第 170 行.
INFO: [ app_end ] --START--
INFO: Run Behavior\ShowPageTraceBehavior [ RunTime:0.000470s ]
INFO: [ app_end ] --END-- [ RunTime:0.000523s ]

[ 2021-06-19T13:10:45+08:00 ] 175.24.19.105 /picapi//nineDetail?id=undefined&version=v2
INFO: [ app_init ] --START--
INFO: Run Behavior\BuildLiteBehavior [ RunTime:0.000005s ]
INFO: [ app_init ] --END-- [ RunTime:0.000024s ]
INFO: [ app_begin ] --START--
INFO: Run Behavior\ReadHtmlCacheBehavior [ RunTime:0.000205s ]
INFO: [ app_begin ] --END-- [ RunTime:0.000218s ]
SQL: SHOW COLUMNS FROM `qw_setting` [ RunTime:0.0006s ]
SQL: SELECT `k`,`v` FROM `qw_setting`  [ RunTime:0.0002s ]
SQL: SHOW COLUMNS FROM `qw_photo` [ RunTime:0.0004s ]
SQL: SELECT * FROM `qw_photo` WHERE `id` = 0 LIMIT 1   [ RunTime:0.0002s ]
SQL: SELECT COUNT(*) AS tp_count FROM `qw_photo` WHERE `id` = 0 LIMIT 1   [ RunTime:0.0002s ]
INFO: [ app_end ] --START--
INFO: Run Behavior\ShowPageTraceBehavior [ RunTime:0.000229s ]
INFO: [ app_end ] --END-- [ RunTime:0.000242s ]

[ 2021-06-19T13:43:16+08:00 ] 106.14.189.48 /
INFO: [ app_init ] --START--
INFO: Run Behavior\BuildLiteBehavior [ RunTime:0.000005s ]
INFO: [ app_init ] --END-- [ RunTime:0.000041s ]
INFO: [ app_begin ] --START--
INFO: Run Behavior\ReadHtmlCacheBehavior [ RunTime:0.000201s ]
INFO: [ app_begin ] --END-- [ RunTime:0.000217s ]
SQL: SHOW COLUMNS FROM `qw_setting` [ RunTime:0.0009s ]
SQL: SELECT `k`,`v` FROM `qw_setting`  [ RunTime:0.0003s ]
NOTIC: [8] Undefined offset: 1 /opt/lampp/www/picServer/App/Qwadmin/Controller/ComController.class.php 第 27 行.

[ 2021-06-19T13:43:16+08:00 ] 106.14.189.48 /login/index.html
INFO: [ app_init ] --START--
INFO: Run Behavior\BuildLiteBehavior [ RunTime:0.000004s ]
INFO: [ app_init ] --END-- [ RunTime:0.000022s ]
INFO: [ app_begin ] --START--
INFO: Run Behavior\ReadHtmlCacheBehavior [ RunTime:0.000220s ]
INFO: [ app_begin ] --END-- [ RunTime:0.000235s ]
SQL: SHOW COLUMNS FROM `qw_setting` [ RunTime:0.0005s ]
SQL: SELECT `k`,`v` FROM `qw_setting`  [ RunTime:0.0002s ]
NOTIC: [8] Undefined offset: 1 /opt/lampp/www/picServer/App/Qwadmin/Controller/LoginController.class.php 第 21 行.
INFO: [ view_parse ] --START--
INFO: [ template_filter ] --START--
INFO: Run Behavior\ContentReplaceBehavior [ RunTime:0.000027s ]
INFO: [ template_filter ] --END-- [ RunTime:0.000044s ]
INFO: Run Behavior\ParseTemplateBehavior [ RunTime:0.003705s ]
INFO: [ view_parse ] --END-- [ RunTime:0.003719s ]
INFO: [ view_filter ] --START--
INFO: Run Behavior\WriteHtmlCacheBehavior [ RunTime:0.000068s ]
INFO: [ view_filter ] --END-- [ RunTime:0.000077s ]
INFO: [ app_end ] --START--
INFO: Run Behavior\ShowPageTraceBehavior [ RunTime:0.000272s ]
INFO: [ app_end ] --END-- [ RunTime:0.000285s ]

[ 2021-06-19T13:43:18+08:00 ] 106.14.189.48 /login/verify.html
INFO: [ app_init ] --START--
INFO: Run Behavior\BuildLiteBehavior [ RunTime:0.000007s ]
INFO: [ app_init ] --END-- [ RunTime:0.000037s ]
INFO: [ app_begin ] --START--
INFO: Run Behavior\ReadHtmlCacheBehavior [ RunTime:0.000324s ]
INFO: [ app_begin ] --END-- [ RunTime:0.000345s ]
SQL: SHOW COLUMNS FROM `qw_setting` [ RunTime:0.0009s ]
SQL: SELECT `k`,`v` FROM `qw_setting`  [ RunTime:0.0003s ]
INFO: [ app_end ] --START--
INFO: Run Behavior\ShowPageTraceBehavior [ RunTime:0.000261s ]
INFO: [ app_end ] --END-- [ RunTime:0.000281s ]

[ 2021-06-19T14:34:28+08:00 ] 183.253.115.185 /picapi//index?version=v2&page=0&size=10
INFO: [ app_init ] --START--
INFO: Run Behavior\BuildLiteBehavior [ RunTime:0.000005s ]
INFO: [ app_init ] --END-- [ RunTime:0.000027s ]
INFO: [ app_begin ] --START--
INFO: Run Behavior\ReadHtmlCacheBehavior [ RunTime:0.000188s ]
INFO: [ app_begin ] --END-- [ RunTime:0.000201s ]
SQL: SHOW COLUMNS FROM `qw_setting` [ RunTime:0.0006s ]
SQL: SELECT `k`,`v` FROM `qw_setting`  [ RunTime:0.0002s ]
SQL: SHOW COLUMNS FROM `qw_photo` [ RunTime:0.0004s ]
SQL: SELECT * FROM `qw_photo` ORDER BY id DESC LIMIT 0,10   [ RunTime:0.0002s ]
SQL: SELECT COUNT(*) AS tp_count FROM `qw_photo` LIMIT 1   [ RunTime:0.0001s ]
NOTIC: [8] Undefined index: datetime /opt/lampp/www/picServer/App/Qwadmin/Controller/PicapiController.class.php 第 28 行.
NOTIC: [8] Undefined index: datetime /opt/lampp/www/picServer/App/Qwadmin/Controller/PicapiController.class.php 第 28 行.
NOTIC: [8] Undefined index: datetime /opt/lampp/www/picServer/App/Qwadmin/Controller/PicapiController.class.php 第 28 行.
NOTIC: [8] Undefined index: datetime /opt/lampp/www/picServer/App/Qwadmin/Controller/PicapiController.class.php 第 28 行.
NOTIC: [8] Undefined index: datetime /opt/lampp/www/picServer/App/Qwadmin/Controller/PicapiController.class.php 第 28 行.
NOTIC: [8] Undefined index: datetime /opt/lampp/www/picServer/App/Qwadmin/Controller/PicapiController.class.php 第 28 行.
NOTIC: [8] Undefined index: datetime /opt/lampp/www/picServer/App/Qwadmin/Controller/PicapiController.class.php 第 28 行.
NOTIC: [8] Undefined index: datetime /opt/lampp/www/picServer/App/Qwadmin/Controller/PicapiController.class.php 第 28 行.
NOTIC: [8] Undefined index: datetime /opt/lampp/www/picServer/App/Qwadmin/Controller/PicapiController.class.php 第 28 行.
NOTIC: [8] Undefined index: datetime /opt/lampp/www/picServer/App/Qwadmin/Controller/PicapiController.class.php 第 28 行.
INFO: [ app_end ] --START--
INFO: Run Behavior\ShowPageTraceBehavior [ RunTime:0.000237s ]
INFO: [ app_end ] --END-- [ RunTime:0.000251s ]

[ 2021-06-19T14:34:28+08:00 ] 183.253.115.185 /picapi/config/wx8dfbc97733f412a1
INFO: [ app_init ] --START--
INFO: Run Behavior\BuildLiteBehavior [ RunTime:0.000004s ]
INFO: [ app_init ] --END-- [ RunTime:0.000020s ]
INFO: [ app_begin ] --START--
INFO: Run Behavior\ReadHtmlCacheBehavior [ RunTime:0.000188s ]
INFO: [ app_begin ] --END-- [ RunTime:0.000202s ]
SQL: SHOW COLUMNS FROM `qw_setting` [ RunTime:0.0006s ]
SQL: SELECT `k`,`v` FROM `qw_setting`  [ RunTime:0.0002s ]
INFO: [ app_end ] --START--
INFO: Run Behavior\ShowPageTraceBehavior [ RunTime:0.000276s ]
INFO: [ app_end ] --END-- [ RunTime:0.000291s ]

[ 2021-06-19T14:40:09+08:00 ] 47.98.100.161 /
INFO: [ app_init ] --START--
INFO: Run Behavior\BuildLiteBehavior [ RunTime:0.000006s ]
INFO: [ app_init ] --END-- [ RunTime:0.000050s ]
INFO: [ app_begin ] --START--
INFO: Run Behavior\ReadHtmlCacheBehavior [ RunTime:0.000199s ]
INFO: [ app_begin ] --END-- [ RunTime:0.000212s ]
SQL: SHOW COLUMNS FROM `qw_setting` [ RunTime:0.0007s ]
SQL: SELECT `k`,`v` FROM `qw_setting`  [ RunTime:0.0002s ]
NOTIC: [8] Undefined offset: 1 /opt/lampp/www/picServer/App/Qwadmin/Controller/ComController.class.php 第 27 行.

[ 2021-06-19T14:40:09+08:00 ] 47.98.100.161 /login/index.html
INFO: [ app_init ] --START--
INFO: Run Behavior\BuildLiteBehavior [ RunTime:0.000005s ]
INFO: [ app_init ] --END-- [ RunTime:0.000026s ]
INFO: [ app_begin ] --START--
INFO: Run Behavior\ReadHtmlCacheBehavior [ RunTime:0.000202s ]
INFO: [ app_begin ] --END-- [ RunTime:0.000218s ]
SQL: SHOW COLUMNS FROM `qw_setting` [ RunTime:0.0006s ]
SQL: SELECT `k`,`v` FROM `qw_setting`  [ RunTime:0.0002s ]
NOTIC: [8] Undefined offset: 1 /opt/lampp/www/picServer/App/Qwadmin/Controller/LoginController.class.php 第 21 行.
INFO: [ view_parse ] --START--
INFO: [ template_filter ] --START--
INFO: Run Behavior\ContentReplaceBehavior [ RunTime:0.000028s ]
INFO: [ template_filter ] --END-- [ RunTime:0.000046s ]
INFO: Run Behavior\ParseTemplateBehavior [ RunTime:0.003504s ]
INFO: [ view_parse ] --END-- [ RunTime:0.003518s ]
INFO: [ view_filter ] --START--
INFO: Run Behavior\WriteHtmlCacheBehavior [ RunTime:0.000071s ]
INFO: [ view_filter ] --END-- [ RunTime:0.000082s ]
INFO: [ app_end ] --START--
INFO: Run Behavior\ShowPageTraceBehavior [ RunTime:0.000269s ]
INFO: [ app_end ] --END-- [ RunTime:0.000283s ]

[ 2021-06-19T14:40:10+08:00 ] 47.98.100.161 /login/verify.html
INFO: [ app_init ] --START--
INFO: Run Behavior\BuildLiteBehavior [ RunTime:0.000005s ]
INFO: [ app_init ] --END-- [ RunTime:0.000023s ]
INFO: [ app_begin ] --START--
INFO: Run Behavior\ReadHtmlCacheBehavior [ RunTime:0.000228s ]
INFO: [ app_begin ] --END-- [ RunTime:0.000242s ]
SQL: SHOW COLUMNS FROM `qw_setting` [ RunTime:0.0006s ]
SQL: SELECT `k`,`v` FROM `qw_setting`  [ RunTime:0.0002s ]
INFO: [ app_end ] --START--
INFO: Run Behavior\ShowPageTraceBehavior [ RunTime:0.000269s ]
INFO: [ app_end ] --END-- [ RunTime:0.000287s ]

[ 2021-06-19T17:45:55+08:00 ] 27.129.192.78 /picapi/config/wx8dfbc97733f412a1
INFO: [ app_init ] --START--
INFO: Run Behavior\BuildLiteBehavior [ RunTime:0.000005s ]
INFO: [ app_init ] --END-- [ RunTime:0.000024s ]
INFO: [ app_begin ] --START--
INFO: Run Behavior\ReadHtmlCacheBehavior [ RunTime:0.000191s ]
INFO: [ app_begin ] --END-- [ RunTime:0.000205s ]
SQL: SHOW COLUMNS FROM `qw_setting` [ RunTime:0.0006s ]
SQL: SELECT `k`,`v` FROM `qw_setting`  [ RunTime:0.0016s ]
INFO: [ app_end ] --START--
INFO: Run Behavior\ShowPageTraceBehavior [ RunTime:0.000234s ]
INFO: [ app_end ] --END-- [ RunTime:0.000247s ]

[ 2021-06-19T17:45:55+08:00 ] 27.129.192.78 /picapi//index?version=v2&page=0&size=10
INFO: [ app_init ] --START--
INFO: Run Behavior\BuildLiteBehavior [ RunTime:0.000004s ]
INFO: [ app_init ] --END-- [ RunTime:0.000037s ]
INFO: [ app_begin ] --START--
INFO: Run Behavior\ReadHtmlCacheBehavior [ RunTime:0.000209s ]
INFO: [ app_begin ] --END-- [ RunTime:0.000225s ]
SQL: SHOW COLUMNS FROM `qw_setting` [ RunTime:0.0004s ]
SQL: SELECT `k`,`v` FROM `qw_setting`  [ RunTime:0.0006s ]
SQL: SHOW COLUMNS FROM `qw_photo` [ RunTime:0.0005s ]
SQL: SELECT * FROM `qw_photo` ORDER BY id DESC LIMIT 0,10   [ RunTime:0.0016s ]
SQL: SELECT COUNT(*) AS tp_count FROM `qw_photo` LIMIT 1   [ RunTime:0.0002s ]
NOTIC: [8] Undefined index: datetime /opt/lampp/www/picServer/App/Qwadmin/Controller/PicapiController.class.php 第 28 行.
NOTIC: [8] Undefined index: datetime /opt/lampp/www/picServer/App/Qwadmin/Controller/PicapiController.class.php 第 28 行.
NOTIC: [8] Undefined index: datetime /opt/lampp/www/picServer/App/Qwadmin/Controller/PicapiController.class.php 第 28 行.
NOTIC: [8] Undefined index: datetime /opt/lampp/www/picServer/App/Qwadmin/Controller/PicapiController.class.php 第 28 行.
NOTIC: [8] Undefined index: datetime /opt/lampp/www/picServer/App/Qwadmin/Controller/PicapiController.class.php 第 28 行.
NOTIC: [8] Undefined index: datetime /opt/lampp/www/picServer/App/Qwadmin/Controller/PicapiController.class.php 第 28 行.
NOTIC: [8] Undefined index: datetime /opt/lampp/www/picServer/App/Qwadmin/Controller/PicapiController.class.php 第 28 行.
NOTIC: [8] Undefined index: datetime /opt/lampp/www/picServer/App/Qwadmin/Controller/PicapiController.class.php 第 28 行.
NOTIC: [8] Undefined index: datetime /opt/lampp/www/picServer/App/Qwadmin/Controller/PicapiController.class.php 第 28 行.
NOTIC: [8] Undefined index: datetime /opt/lampp/www/picServer/App/Qwadmin/Controller/PicapiController.class.php 第 28 行.
INFO: [ app_end ] --START--
INFO: Run Behavior\ShowPageTraceBehavior [ RunTime:0.000281s ]
INFO: [ app_end ] --END-- [ RunTime:0.000297s ]

[ 2021-06-19T20:06:19+08:00 ] 127.0.0.1 /
INFO: [ app_init ] --START--
INFO: Run Behavior\BuildLiteBehavior [ RunTime:0.000007s ]
INFO: [ app_init ] --END-- [ RunTime:0.000028s ]
INFO: [ app_begin ] --START--
INFO: Run Behavior\ReadHtmlCacheBehavior [ RunTime:0.000208s ]
INFO: [ app_begin ] --END-- [ RunTime:0.000223s ]
SQL: SHOW COLUMNS FROM `qw_setting` [ RunTime:0.0006s ]
SQL: SELECT `k`,`v` FROM `qw_setting`  [ RunTime:0.0002s ]
NOTIC: [8] Undefined offset: 1 /opt/lampp/www/picServer/App/Qwadmin/Controller/ComController.class.php 第 27 行.

[ 2021-06-19T20:06:21+08:00 ] 127.0.0.1 /login/index.html
INFO: [ app_init ] --START--
INFO: Run Behavior\BuildLiteBehavior [ RunTime:0.000007s ]
INFO: [ app_init ] --END-- [ RunTime:0.000054s ]
INFO: [ app_begin ] --START--
INFO: Run Behavior\ReadHtmlCacheBehavior [ RunTime:0.000301s ]
INFO: [ app_begin ] --END-- [ RunTime:0.000320s ]
SQL: SHOW COLUMNS FROM `qw_setting` [ RunTime:0.0007s ]
SQL: SELECT `k`,`v` FROM `qw_setting`  [ RunTime:0.0002s ]
NOTIC: [8] Undefined offset: 1 /opt/lampp/www/picServer/App/Qwadmin/Controller/LoginController.class.php 第 21 行.
INFO: [ view_parse ] --START--
INFO: [ template_filter ] --START--
INFO: Run Behavior\ContentReplaceBehavior [ RunTime:0.000032s ]
INFO: [ template_filter ] --END-- [ RunTime:0.000060s ]
INFO: Run Behavior\ParseTemplateBehavior [ RunTime:0.019858s ]
INFO: [ view_parse ] --END-- [ RunTime:0.019881s ]
INFO: [ view_filter ] --START--
INFO: Run Behavior\WriteHtmlCacheBehavior [ RunTime:0.003223s ]
INFO: [ view_filter ] --END-- [ RunTime:0.003241s ]
INFO: [ app_end ] --START--
INFO: Run Behavior\ShowPageTraceBehavior [ RunTime:0.000367s ]
INFO: [ app_end ] --END-- [ RunTime:0.000381s ]

[ 2021-06-19T21:14:13+08:00 ] 113.31.114.242 /
INFO: [ app_init ] --START--
INFO: Run Behavior\BuildLiteBehavior [ RunTime:0.000006s ]
INFO: [ app_init ] --END-- [ RunTime:0.000027s ]
INFO: [ app_begin ] --START--
INFO: Run Behavior\ReadHtmlCacheBehavior [ RunTime:0.000256s ]
INFO: [ app_begin ] --END-- [ RunTime:0.000273s ]
SQL: SHOW COLUMNS FROM `qw_setting` [ RunTime:0.0006s ]
SQL: SELECT `k`,`v` FROM `qw_setting`  [ RunTime:0.0003s ]
NOTIC: [8] Undefined offset: 1 /opt/lampp/www/picServer/App/Qwadmin/Controller/ComController.class.php 第 27 行.

[ 2021-06-19T21:14:14+08:00 ] 113.31.114.242 /login/index.html
INFO: [ app_init ] --START--
INFO: Run Behavior\BuildLiteBehavior [ RunTime:0.000006s ]
INFO: [ app_init ] --END-- [ RunTime:0.000035s ]
INFO: [ app_begin ] --START--
INFO: Run Behavior\ReadHtmlCacheBehavior [ RunTime:0.000208s ]
INFO: [ app_begin ] --END-- [ RunTime:0.000221s ]
SQL: SHOW COLUMNS FROM `qw_setting` [ RunTime:0.0006s ]
SQL: SELECT `k`,`v` FROM `qw_setting`  [ RunTime:0.0002s ]
NOTIC: [8] Undefined offset: 1 /opt/lampp/www/picServer/App/Qwadmin/Controller/LoginController.class.php 第 21 行.
INFO: [ view_parse ] --START--
INFO: [ template_filter ] --START--
INFO: Run Behavior\ContentReplaceBehavior [ RunTime:0.000030s ]
INFO: [ template_filter ] --END-- [ RunTime:0.000066s ]
INFO: Run Behavior\ParseTemplateBehavior [ RunTime:0.003730s ]
INFO: [ view_parse ] --END-- [ RunTime:0.003745s ]
INFO: [ view_filter ] --START--
INFO: Run Behavior\WriteHtmlCacheBehavior [ RunTime:0.000070s ]
INFO: [ view_filter ] --END-- [ RunTime:0.000082s ]
INFO: [ app_end ] --START--
INFO: Run Behavior\ShowPageTraceBehavior [ RunTime:0.000345s ]
INFO: [ app_end ] --END-- [ RunTime:0.000360s ]

[ 2021-06-19T21:41:09+08:00 ] 127.0.0.1 /
INFO: [ app_init ] --START--
INFO: Run Behavior\BuildLiteBehavior [ RunTime:0.000007s ]
INFO: [ app_init ] --END-- [ RunTime:0.000072s ]
INFO: [ app_begin ] --START--
INFO: Run Behavior\ReadHtmlCacheBehavior [ RunTime:0.000188s ]
INFO: [ app_begin ] --END-- [ RunTime:0.000203s ]
SQL: SHOW COLUMNS FROM `qw_setting` [ RunTime:0.0006s ]
SQL: SELECT `k`,`v` FROM `qw_setting`  [ RunTime:0.0002s ]
NOTIC: [8] Undefined offset: 1 /opt/lampp/www/picServer/App/Qwadmin/Controller/ComController.class.php 第 27 行.

[ 2021-06-19T21:41:09+08:00 ] 127.0.0.1 /login/index.html
INFO: [ app_init ] --START--
INFO: Run Behavior\BuildLiteBehavior [ RunTime:0.000005s ]
INFO: [ app_init ] --END-- [ RunTime:0.000022s ]
INFO: [ app_begin ] --START--
INFO: Run Behavior\ReadHtmlCacheBehavior [ RunTime:0.000207s ]
INFO: [ app_begin ] --END-- [ RunTime:0.000220s ]
SQL: SHOW COLUMNS FROM `qw_setting` [ RunTime:0.0005s ]
SQL: SELECT `k`,`v` FROM `qw_setting`  [ RunTime:0.0002s ]
NOTIC: [8] Undefined offset: 1 /opt/lampp/www/picServer/App/Qwadmin/Controller/LoginController.class.php 第 21 行.
INFO: [ view_parse ] --START--
INFO: [ template_filter ] --START--
INFO: Run Behavior\ContentReplaceBehavior [ RunTime:0.000026s ]
INFO: [ template_filter ] --END-- [ RunTime:0.000042s ]
INFO: Run Behavior\ParseTemplateBehavior [ RunTime:0.003535s ]
INFO: [ view_parse ] --END-- [ RunTime:0.003551s ]
INFO: [ view_filter ] --START--
INFO: Run Behavior\WriteHtmlCacheBehavior [ RunTime:0.000077s ]
INFO: [ view_filter ] --END-- [ RunTime:0.000088s ]
INFO: [ app_end ] --START--
INFO: Run Behavior\ShowPageTraceBehavior [ RunTime:0.000269s ]
INFO: [ app_end ] --END-- [ RunTime:0.000281s ]

[ 2021-06-19T21:41:11+08:00 ] 127.0.0.1 /login/verify.html
INFO: [ app_init ] --START--
INFO: Run Behavior\BuildLiteBehavior [ RunTime:0.000006s ]
INFO: [ app_init ] --END-- [ RunTime:0.000026s ]
INFO: [ app_begin ] --START--
INFO: Run Behavior\ReadHtmlCacheBehavior [ RunTime:0.000206s ]
INFO: [ app_begin ] --END-- [ RunTime:0.000221s ]
SQL: SHOW COLUMNS FROM `qw_setting` [ RunTime:0.0006s ]
SQL: SELECT `k`,`v` FROM `qw_setting`  [ RunTime:0.0002s ]
INFO: [ app_end ] --START--
INFO: Run Behavior\ShowPageTraceBehavior [ RunTime:0.000266s ]
INFO: [ app_end ] --END-- [ RunTime:0.000285s ]

[ 2021-06-19T22:21:49+08:00 ] 182.131.97.163 /picapi/config/wx8dfbc97733f412a1
INFO: [ app_init ] --START--
INFO: Run Behavior\BuildLiteBehavior [ RunTime:0.000021s ]
INFO: [ app_init ] --END-- [ RunTime:0.000045s ]
INFO: [ app_begin ] --START--
INFO: Run Behavior\ReadHtmlCacheBehavior [ RunTime:0.000190s ]
INFO: [ app_begin ] --END-- [ RunTime:0.000204s ]
SQL: SHOW COLUMNS FROM `qw_setting` [ RunTime:0.0005s ]
SQL: SELECT `k`,`v` FROM `qw_setting`  [ RunTime:0.0002s ]
INFO: [ app_end ] --START--
INFO: Run Behavior\ShowPageTraceBehavior [ RunTime:0.000324s ]
INFO: [ app_end ] --END-- [ RunTime:0.000341s ]

[ 2021-06-19T22:21:49+08:00 ] 182.131.97.163 /picapi//index?version=v2&page=0&size=10
INFO: [ app_init ] --START--
INFO: Run Behavior\BuildLiteBehavior [ RunTime:0.000004s ]
INFO: [ app_init ] --END-- [ RunTime:0.000037s ]
INFO: [ app_begin ] --START--
INFO: Run Behavior\ReadHtmlCacheBehavior [ RunTime:0.000199s ]
INFO: [ app_begin ] --END-- [ RunTime:0.000215s ]
SQL: SHOW COLUMNS FROM `qw_setting` [ RunTime:0.0006s ]
SQL: SELECT `k`,`v` FROM `qw_setting`  [ RunTime:0.0002s ]
SQL: SHOW COLUMNS FROM `qw_photo` [ RunTime:0.0004s ]
SQL: SELECT * FROM `qw_photo` ORDER BY id DESC LIMIT 0,10   [ RunTime:0.0021s ]
SQL: SELECT COUNT(*) AS tp_count FROM `qw_photo` LIMIT 1   [ RunTime:0.0001s ]
NOTIC: [8] Undefined index: datetime /opt/lampp/www/picServer/App/Qwadmin/Controller/PicapiController.class.php 第 28 行.
NOTIC: [8] Undefined index: datetime /opt/lampp/www/picServer/App/Qwadmin/Controller/PicapiController.class.php 第 28 行.
NOTIC: [8] Undefined index: datetime /opt/lampp/www/picServer/App/Qwadmin/Controller/PicapiController.class.php 第 28 行.
NOTIC: [8] Undefined index: datetime /opt/lampp/www/picServer/App/Qwadmin/Controller/PicapiController.class.php 第 28 行.
NOTIC: [8] Undefined index: datetime /opt/lampp/www/picServer/App/Qwadmin/Controller/PicapiController.class.php 第 28 行.
NOTIC: [8] Undefined index: datetime /opt/lampp/www/picServer/App/Qwadmin/Controller/PicapiController.class.php 第 28 行.
NOTIC: [8] Undefined index: datetime /opt/lampp/www/picServer/App/Qwadmin/Controller/PicapiController.class.php 第 28 行.
NOTIC: [8] Undefined index: datetime /opt/lampp/www/picServer/App/Qwadmin/Controller/PicapiController.class.php 第 28 行.
NOTIC: [8] Undefined index: datetime /opt/lampp/www/picServer/App/Qwadmin/Controller/PicapiController.class.php 第 28 行.
NOTIC: [8] Undefined index: datetime /opt/lampp/www/picServer/App/Qwadmin/Controller/PicapiController.class.php 第 28 行.
INFO: [ app_end ] --START--
INFO: Run Behavior\ShowPageTraceBehavior [ RunTime:0.000236s ]
INFO: [ app_end ] --END-- [ RunTime:0.000261s ]

[ 2021-06-19T23:07:24+08:00 ] 124.162.238.226 /picapi/config/wx8dfbc97733f412a1
INFO: [ app_init ] --START--
INFO: Run Behavior\BuildLiteBehavior [ RunTime:0.000005s ]
INFO: [ app_init ] --END-- [ RunTime:0.000025s ]
INFO: [ app_begin ] --START--
INFO: Run Behavior\ReadHtmlCacheBehavior [ RunTime:0.000196s ]
INFO: [ app_begin ] --END-- [ RunTime:0.000211s ]
SQL: SHOW COLUMNS FROM `qw_setting` [ RunTime:0.0007s ]
SQL: SELECT `k`,`v` FROM `qw_setting`  [ RunTime:0.0002s ]
INFO: [ app_end ] --START--
INFO: Run Behavior\ShowPageTraceBehavior [ RunTime:0.000270s ]
INFO: [ app_end ] --END-- [ RunTime:0.000286s ]

[ 2021-06-19T23:07:24+08:00 ] 124.162.238.226 /picapi//index?version=v2&page=0&size=10
INFO: [ app_init ] --START--
INFO: Run Behavior\BuildLiteBehavior [ RunTime:0.000004s ]
INFO: [ app_init ] --END-- [ RunTime:0.000066s ]
INFO: [ app_begin ] --START--
INFO: Run Behavior\ReadHtmlCacheBehavior [ RunTime:0.000191s ]
INFO: [ app_begin ] --END-- [ RunTime:0.000206s ]
SQL: SHOW COLUMNS FROM `qw_setting` [ RunTime:0.0006s ]
SQL: SELECT `k`,`v` FROM `qw_setting`  [ RunTime:0.0003s ]
SQL: SHOW COLUMNS FROM `qw_photo` [ RunTime:0.0005s ]
SQL: SELECT * FROM `qw_photo` ORDER BY id DESC LIMIT 0,10   [ RunTime:0.0003s ]
SQL: SELECT COUNT(*) AS tp_count FROM `qw_photo` LIMIT 1   [ RunTime:0.0002s ]
NOTIC: [8] Undefined index: datetime /opt/lampp/www/picServer/App/Qwadmin/Controller/PicapiController.class.php 第 28 行.
NOTIC: [8] Undefined index: datetime /opt/lampp/www/picServer/App/Qwadmin/Controller/PicapiController.class.php 第 28 行.
NOTIC: [8] Undefined index: datetime /opt/lampp/www/picServer/App/Qwadmin/Controller/PicapiController.class.php 第 28 行.
NOTIC: [8] Undefined index: datetime /opt/lampp/www/picServer/App/Qwadmin/Controller/PicapiController.class.php 第 28 行.
NOTIC: [8] Undefined index: datetime /opt/lampp/www/picServer/App/Qwadmin/Controller/PicapiController.class.php 第 28 行.
NOTIC: [8] Undefined index: datetime /opt/lampp/www/picServer/App/Qwadmin/Controller/PicapiController.class.php 第 28 行.
NOTIC: [8] Undefined index: datetime /opt/lampp/www/picServer/App/Qwadmin/Controller/PicapiController.class.php 第 28 行.
NOTIC: [8] Undefined index: datetime /opt/lampp/www/picServer/App/Qwadmin/Controller/PicapiController.class.php 第 28 行.
NOTIC: [8] Undefined index: datetime /opt/lampp/www/picServer/App/Qwadmin/Controller/PicapiController.class.php 第 28 行.
NOTIC: [8] Undefined index: datetime /opt/lampp/www/picServer/App/Qwadmin/Controller/PicapiController.class.php 第 28 行.
INFO: [ app_end ] --START--
INFO: Run Behavior\ShowPageTraceBehavior [ RunTime:0.000283s ]
INFO: [ app_end ] --END-- [ RunTime:0.000298s ]

[ 2021-06-19T23:08:30+08:00 ] 124.162.238.226 /picapi//index?version=v2&page=1&size=10
INFO: [ app_init ] --START--
INFO: Run Behavior\BuildLiteBehavior [ RunTime:0.000006s ]
INFO: [ app_init ] --END-- [ RunTime:0.000026s ]
INFO: [ app_begin ] --START--
INFO: Run Behavior\ReadHtmlCacheBehavior [ RunTime:0.000192s ]
INFO: [ app_begin ] --END-- [ RunTime:0.000207s ]
SQL: SHOW COLUMNS FROM `qw_setting` [ RunTime:0.0006s ]
SQL: SELECT `k`,`v` FROM `qw_setting`  [ RunTime:0.0002s ]
SQL: SHOW COLUMNS FROM `qw_photo` [ RunTime:0.0004s ]
SQL: SELECT * FROM `qw_photo` ORDER BY id DESC LIMIT 10,10   [ RunTime:0.0003s ]
SQL: SELECT COUNT(*) AS tp_count FROM `qw_photo` LIMIT 1   [ RunTime:0.0001s ]
NOTIC: [8] Undefined index: datetime /opt/lampp/www/picServer/App/Qwadmin/Controller/PicapiController.class.php 第 28 行.
NOTIC: [8] Undefined index: datetime /opt/lampp/www/picServer/App/Qwadmin/Controller/PicapiController.class.php 第 28 行.
NOTIC: [8] Undefined index: datetime /opt/lampp/www/picServer/App/Qwadmin/Controller/PicapiController.class.php 第 28 行.
NOTIC: [8] Undefined index: datetime /opt/lampp/www/picServer/App/Qwadmin/Controller/PicapiController.class.php 第 28 行.
NOTIC: [8] Undefined index: datetime /opt/lampp/www/picServer/App/Qwadmin/Controller/PicapiController.class.php 第 28 行.
NOTIC: [8] Undefined index: datetime /opt/lampp/www/picServer/App/Qwadmin/Controller/PicapiController.class.php 第 28 行.
INFO: [ app_end ] --START--
INFO: Run Behavior\ShowPageTraceBehavior [ RunTime:0.000287s ]
INFO: [ app_end ] --END-- [ RunTime:0.000301s ]

