[ 2021-04-04T00:56:24+08:00 ] 36.142.179.66 /picapi//index?version=v2&page=0&size=10
INFO: [ app_init ] --START--
INFO: Run Behavior\BuildLiteBehavior [ RunTime:0.000005s ]
INFO: [ app_init ] --END-- [ RunTime:0.000025s ]
INFO: [ app_begin ] --START--
INFO: Run Behavior\ReadHtmlCacheBehavior [ RunTime:0.000237s ]
INFO: [ app_begin ] --END-- [ RunTime:0.000254s ]
SQL: SHOW COLUMNS FROM `qw_setting` [ RunTime:0.0006s ]
SQL: SELECT `k`,`v` FROM `qw_setting`  [ RunTime:0.0002s ]
SQL: SHOW COLUMNS FROM `qw_photo` [ RunTime:0.0004s ]
SQL: SELECT * FROM `qw_photo` ORDER BY id DESC LIMIT 0,10   [ RunTime:0.0002s ]
SQL: SELECT COUNT(*) AS tp_count FROM `qw_photo` LIMIT 1   [ RunTime:0.0001s ]
NOTIC: [8] Undefined index: datetime /opt/lampp/www/picServer/App/Qwadmin/Controller/PicapiController.class.php 第 28 行.
NOTIC: [8] Undefined index: datetime /opt/lampp/www/picServer/App/Qwadmin/Controller/PicapiController.class.php 第 28 行.
NOTIC: [8] Undefined index: datetime /opt/lampp/www/picServer/App/Qwadmin/Controller/PicapiController.class.php 第 28 行.
NOTIC: [8] Undefined index: datetime /opt/lampp/www/picServer/App/Qwadmin/Controller/PicapiController.class.php 第 28 行.
NOTIC: [8] Undefined index: datetime /opt/lampp/www/picServer/App/Qwadmin/Controller/PicapiController.class.php 第 28 行.
NOTIC: [8] Undefined index: datetime /opt/lampp/www/picServer/App/Qwadmin/Controller/PicapiController.class.php 第 28 行.
NOTIC: [8] Undefined index: datetime /opt/lampp/www/picServer/App/Qwadmin/Controller/PicapiController.class.php 第 28 行.
NOTIC: [8] Undefined index: datetime /opt/lampp/www/picServer/App/Qwadmin/Controller/PicapiController.class.php 第 28 行.
NOTIC: [8] Undefined index: datetime /opt/lampp/www/picServer/App/Qwadmin/Controller/PicapiController.class.php 第 28 行.
NOTIC: [8] Undefined index: datetime /opt/lampp/www/picServer/App/Qwadmin/Controller/PicapiController.class.php 第 28 行.
INFO: [ app_end ] --START--
INFO: Run Behavior\ShowPageTraceBehavior [ RunTime:0.000227s ]
INFO: [ app_end ] --END-- [ RunTime:0.000240s ]

[ 2021-04-04T00:56:24+08:00 ] 36.142.179.66 /picapi/config/wx8dfbc97733f412a1
INFO: [ app_init ] --START--
INFO: Run Behavior\BuildLiteBehavior [ RunTime:0.000005s ]
INFO: [ app_init ] --END-- [ RunTime:0.000020s ]
INFO: [ app_begin ] --START--
INFO: Run Behavior\ReadHtmlCacheBehavior [ RunTime:0.000192s ]
INFO: [ app_begin ] --END-- [ RunTime:0.000207s ]
SQL: SHOW COLUMNS FROM `qw_setting` [ RunTime:0.0004s ]
SQL: SELECT `k`,`v` FROM `qw_setting`  [ RunTime:0.0002s ]
INFO: [ app_end ] --START--
INFO: Run Behavior\ShowPageTraceBehavior [ RunTime:0.000236s ]
INFO: [ app_end ] --END-- [ RunTime:0.000249s ]

[ 2021-04-04T00:57:31+08:00 ] 36.142.179.66 /picapi/config/wx8dfbc97733f412a1
INFO: [ app_init ] --START--
INFO: Run Behavior\BuildLiteBehavior [ RunTime:0.000005s ]
INFO: [ app_init ] --END-- [ RunTime:0.000025s ]
INFO: [ app_begin ] --START--
INFO: Run Behavior\ReadHtmlCacheBehavior [ RunTime:0.000199s ]
INFO: [ app_begin ] --END-- [ RunTime:0.000213s ]
SQL: SHOW COLUMNS FROM `qw_setting` [ RunTime:0.0022s ]
SQL: SELECT `k`,`v` FROM `qw_setting`  [ RunTime:0.0002s ]
INFO: [ app_end ] --START--
INFO: Run Behavior\ShowPageTraceBehavior [ RunTime:0.000262s ]
INFO: [ app_end ] --END-- [ RunTime:0.000277s ]

[ 2021-04-04T00:57:31+08:00 ] 36.142.179.66 /picapi//index?version=v2&page=0&size=10
INFO: [ app_init ] --START--
INFO: Run Behavior\BuildLiteBehavior [ RunTime:0.000005s ]
INFO: [ app_init ] --END-- [ RunTime:0.000021s ]
INFO: [ app_begin ] --START--
INFO: Run Behavior\ReadHtmlCacheBehavior [ RunTime:0.000187s ]
INFO: [ app_begin ] --END-- [ RunTime:0.000201s ]
SQL: SHOW COLUMNS FROM `qw_setting` [ RunTime:0.0021s ]
SQL: SELECT `k`,`v` FROM `qw_setting`  [ RunTime:0.0002s ]
SQL: SHOW COLUMNS FROM `qw_photo` [ RunTime:0.0004s ]
SQL: SELECT * FROM `qw_photo` ORDER BY id DESC LIMIT 0,10   [ RunTime:0.0003s ]
SQL: SELECT COUNT(*) AS tp_count FROM `qw_photo` LIMIT 1   [ RunTime:0.0002s ]
NOTIC: [8] Undefined index: datetime /opt/lampp/www/picServer/App/Qwadmin/Controller/PicapiController.class.php 第 28 行.
NOTIC: [8] Undefined index: datetime /opt/lampp/www/picServer/App/Qwadmin/Controller/PicapiController.class.php 第 28 行.
NOTIC: [8] Undefined index: datetime /opt/lampp/www/picServer/App/Qwadmin/Controller/PicapiController.class.php 第 28 行.
NOTIC: [8] Undefined index: datetime /opt/lampp/www/picServer/App/Qwadmin/Controller/PicapiController.class.php 第 28 行.
NOTIC: [8] Undefined index: datetime /opt/lampp/www/picServer/App/Qwadmin/Controller/PicapiController.class.php 第 28 行.
NOTIC: [8] Undefined index: datetime /opt/lampp/www/picServer/App/Qwadmin/Controller/PicapiController.class.php 第 28 行.
NOTIC: [8] Undefined index: datetime /opt/lampp/www/picServer/App/Qwadmin/Controller/PicapiController.class.php 第 28 行.
NOTIC: [8] Undefined index: datetime /opt/lampp/www/picServer/App/Qwadmin/Controller/PicapiController.class.php 第 28 行.
NOTIC: [8] Undefined index: datetime /opt/lampp/www/picServer/App/Qwadmin/Controller/PicapiController.class.php 第 28 行.
NOTIC: [8] Undefined index: datetime /opt/lampp/www/picServer/App/Qwadmin/Controller/PicapiController.class.php 第 28 行.
INFO: [ app_end ] --START--
INFO: Run Behavior\ShowPageTraceBehavior [ RunTime:0.000238s ]
INFO: [ app_end ] --END-- [ RunTime:0.000252s ]

[ 2021-04-04T01:09:38+08:00 ] 36.142.179.66 /picapi/config/wx8dfbc97733f412a1
INFO: [ app_init ] --START--
INFO: Run Behavior\BuildLiteBehavior [ RunTime:0.000005s ]
INFO: [ app_init ] --END-- [ RunTime:0.000024s ]
INFO: [ app_begin ] --START--
INFO: Run Behavior\ReadHtmlCacheBehavior [ RunTime:0.000188s ]
INFO: [ app_begin ] --END-- [ RunTime:0.000202s ]
SQL: SHOW COLUMNS FROM `qw_setting` [ RunTime:0.0008s ]
SQL: SELECT `k`,`v` FROM `qw_setting`  [ RunTime:0.0002s ]
INFO: [ app_end ] --START--
INFO: Run Behavior\ShowPageTraceBehavior [ RunTime:0.000238s ]
INFO: [ app_end ] --END-- [ RunTime:0.000254s ]

[ 2021-04-04T01:09:38+08:00 ] 36.142.179.66 /picapi//index?version=v2&page=0&size=10
INFO: [ app_init ] --START--
INFO: Run Behavior\BuildLiteBehavior [ RunTime:0.000006s ]
INFO: [ app_init ] --END-- [ RunTime:0.000022s ]
INFO: [ app_begin ] --START--
INFO: Run Behavior\ReadHtmlCacheBehavior [ RunTime:0.000185s ]
INFO: [ app_begin ] --END-- [ RunTime:0.000200s ]
SQL: SHOW COLUMNS FROM `qw_setting` [ RunTime:0.0008s ]
SQL: SELECT `k`,`v` FROM `qw_setting`  [ RunTime:0.0002s ]
SQL: SHOW COLUMNS FROM `qw_photo` [ RunTime:0.0004s ]
SQL: SELECT * FROM `qw_photo` ORDER BY id DESC LIMIT 0,10   [ RunTime:0.0002s ]
SQL: SELECT COUNT(*) AS tp_count FROM `qw_photo` LIMIT 1   [ RunTime:0.0002s ]
NOTIC: [8] Undefined index: datetime /opt/lampp/www/picServer/App/Qwadmin/Controller/PicapiController.class.php 第 28 行.
NOTIC: [8] Undefined index: datetime /opt/lampp/www/picServer/App/Qwadmin/Controller/PicapiController.class.php 第 28 行.
NOTIC: [8] Undefined index: datetime /opt/lampp/www/picServer/App/Qwadmin/Controller/PicapiController.class.php 第 28 行.
NOTIC: [8] Undefined index: datetime /opt/lampp/www/picServer/App/Qwadmin/Controller/PicapiController.class.php 第 28 行.
NOTIC: [8] Undefined index: datetime /opt/lampp/www/picServer/App/Qwadmin/Controller/PicapiController.class.php 第 28 行.
NOTIC: [8] Undefined index: datetime /opt/lampp/www/picServer/App/Qwadmin/Controller/PicapiController.class.php 第 28 行.
NOTIC: [8] Undefined index: datetime /opt/lampp/www/picServer/App/Qwadmin/Controller/PicapiController.class.php 第 28 行.
NOTIC: [8] Undefined index: datetime /opt/lampp/www/picServer/App/Qwadmin/Controller/PicapiController.class.php 第 28 行.
NOTIC: [8] Undefined index: datetime /opt/lampp/www/picServer/App/Qwadmin/Controller/PicapiController.class.php 第 28 行.
NOTIC: [8] Undefined index: datetime /opt/lampp/www/picServer/App/Qwadmin/Controller/PicapiController.class.php 第 28 行.
INFO: [ app_end ] --START--
INFO: Run Behavior\ShowPageTraceBehavior [ RunTime:0.000264s ]
INFO: [ app_end ] --END-- [ RunTime:0.000277s ]

[ 2021-04-04T05:15:40+08:00 ] 81.68.170.171 /picapi/config/wx8dfbc97733f412a1
INFO: [ app_init ] --START--
INFO: Run Behavior\BuildLiteBehavior [ RunTime:0.000007s ]
INFO: [ app_init ] --END-- [ RunTime:0.000033s ]
INFO: [ app_begin ] --START--
INFO: Run Behavior\ReadHtmlCacheBehavior [ RunTime:0.000195s ]
INFO: [ app_begin ] --END-- [ RunTime:0.000210s ]
SQL: SHOW COLUMNS FROM `qw_setting` [ RunTime:0.0007s ]
SQL: SELECT `k`,`v` FROM `qw_setting`  [ RunTime:0.0002s ]
INFO: [ app_end ] --START--
INFO: Run Behavior\ShowPageTraceBehavior [ RunTime:0.000257s ]
INFO: [ app_end ] --END-- [ RunTime:0.000275s ]

[ 2021-04-04T05:15:40+08:00 ] 49.235.202.114 /picapi//index?version=v2&page=0&size=10
INFO: [ app_init ] --START--
INFO: Run Behavior\BuildLiteBehavior [ RunTime:0.000005s ]
INFO: [ app_init ] --END-- [ RunTime:0.000026s ]
INFO: [ app_begin ] --START--
INFO: Run Behavior\ReadHtmlCacheBehavior [ RunTime:0.000231s ]
INFO: [ app_begin ] --END-- [ RunTime:0.000246s ]
SQL: SHOW COLUMNS FROM `qw_setting` [ RunTime:0.0006s ]
SQL: SELECT `k`,`v` FROM `qw_setting`  [ RunTime:0.0002s ]
SQL: SHOW COLUMNS FROM `qw_photo` [ RunTime:0.0004s ]
SQL: SELECT * FROM `qw_photo` ORDER BY id DESC LIMIT 0,10   [ RunTime:0.0002s ]
SQL: SELECT COUNT(*) AS tp_count FROM `qw_photo` LIMIT 1   [ RunTime:0.0001s ]
NOTIC: [8] Undefined index: datetime /opt/lampp/www/picServer/App/Qwadmin/Controller/PicapiController.class.php 第 28 行.
NOTIC: [8] Undefined index: datetime /opt/lampp/www/picServer/App/Qwadmin/Controller/PicapiController.class.php 第 28 行.
NOTIC: [8] Undefined index: datetime /opt/lampp/www/picServer/App/Qwadmin/Controller/PicapiController.class.php 第 28 行.
NOTIC: [8] Undefined index: datetime /opt/lampp/www/picServer/App/Qwadmin/Controller/PicapiController.class.php 第 28 行.
NOTIC: [8] Undefined index: datetime /opt/lampp/www/picServer/App/Qwadmin/Controller/PicapiController.class.php 第 28 行.
NOTIC: [8] Undefined index: datetime /opt/lampp/www/picServer/App/Qwadmin/Controller/PicapiController.class.php 第 28 行.
NOTIC: [8] Undefined index: datetime /opt/lampp/www/picServer/App/Qwadmin/Controller/PicapiController.class.php 第 28 行.
NOTIC: [8] Undefined index: datetime /opt/lampp/www/picServer/App/Qwadmin/Controller/PicapiController.class.php 第 28 行.
NOTIC: [8] Undefined index: datetime /opt/lampp/www/picServer/App/Qwadmin/Controller/PicapiController.class.php 第 28 行.
NOTIC: [8] Undefined index: datetime /opt/lampp/www/picServer/App/Qwadmin/Controller/PicapiController.class.php 第 28 行.
INFO: [ app_end ] --START--
INFO: Run Behavior\ShowPageTraceBehavior [ RunTime:0.000273s ]
INFO: [ app_end ] --END-- [ RunTime:0.000287s ]

[ 2021-04-04T06:25:24+08:00 ] 113.224.117.60 /picapi/config/wx8dfbc97733f412a1
INFO: [ app_init ] --START--
INFO: Run Behavior\BuildLiteBehavior [ RunTime:0.000005s ]
INFO: [ app_init ] --END-- [ RunTime:0.000020s ]
INFO: [ app_begin ] --START--
INFO: Run Behavior\ReadHtmlCacheBehavior [ RunTime:0.000233s ]
INFO: [ app_begin ] --END-- [ RunTime:0.000248s ]
SQL: SHOW COLUMNS FROM `qw_setting` [ RunTime:0.0007s ]
SQL: SELECT `k`,`v` FROM `qw_setting`  [ RunTime:0.0016s ]
INFO: [ app_end ] --START--
INFO: Run Behavior\ShowPageTraceBehavior [ RunTime:0.000233s ]
INFO: [ app_end ] --END-- [ RunTime:0.000248s ]

[ 2021-04-04T06:25:24+08:00 ] 113.224.117.60 /picapi//index?version=v2&page=0&size=10
INFO: [ app_init ] --START--
INFO: Run Behavior\BuildLiteBehavior [ RunTime:0.000005s ]
INFO: [ app_init ] --END-- [ RunTime:0.000024s ]
INFO: [ app_begin ] --START--
INFO: Run Behavior\ReadHtmlCacheBehavior [ RunTime:0.000218s ]
INFO: [ app_begin ] --END-- [ RunTime:0.000234s ]
SQL: SHOW COLUMNS FROM `qw_setting` [ RunTime:0.0007s ]
SQL: SELECT `k`,`v` FROM `qw_setting`  [ RunTime:0.0016s ]
SQL: SHOW COLUMNS FROM `qw_photo` [ RunTime:0.0004s ]
SQL: SELECT * FROM `qw_photo` ORDER BY id DESC LIMIT 0,10   [ RunTime:0.0016s ]
SQL: SELECT COUNT(*) AS tp_count FROM `qw_photo` LIMIT 1   [ RunTime:0.0001s ]
NOTIC: [8] Undefined index: datetime /opt/lampp/www/picServer/App/Qwadmin/Controller/PicapiController.class.php 第 28 行.
NOTIC: [8] Undefined index: datetime /opt/lampp/www/picServer/App/Qwadmin/Controller/PicapiController.class.php 第 28 行.
NOTIC: [8] Undefined index: datetime /opt/lampp/www/picServer/App/Qwadmin/Controller/PicapiController.class.php 第 28 行.
NOTIC: [8] Undefined index: datetime /opt/lampp/www/picServer/App/Qwadmin/Controller/PicapiController.class.php 第 28 行.
NOTIC: [8] Undefined index: datetime /opt/lampp/www/picServer/App/Qwadmin/Controller/PicapiController.class.php 第 28 行.
NOTIC: [8] Undefined index: datetime /opt/lampp/www/picServer/App/Qwadmin/Controller/PicapiController.class.php 第 28 行.
NOTIC: [8] Undefined index: datetime /opt/lampp/www/picServer/App/Qwadmin/Controller/PicapiController.class.php 第 28 行.
NOTIC: [8] Undefined index: datetime /opt/lampp/www/picServer/App/Qwadmin/Controller/PicapiController.class.php 第 28 行.
NOTIC: [8] Undefined index: datetime /opt/lampp/www/picServer/App/Qwadmin/Controller/PicapiController.class.php 第 28 行.
NOTIC: [8] Undefined index: datetime /opt/lampp/www/picServer/App/Qwadmin/Controller/PicapiController.class.php 第 28 行.
INFO: [ app_end ] --START--
INFO: Run Behavior\ShowPageTraceBehavior [ RunTime:0.000221s ]
INFO: [ app_end ] --END-- [ RunTime:0.000233s ]

[ 2021-04-04T06:25:37+08:00 ] 113.224.117.60 /picapi//index?version=v2&page=1&size=10
INFO: [ app_init ] --START--
INFO: Run Behavior\BuildLiteBehavior [ RunTime:0.000005s ]
INFO: [ app_init ] --END-- [ RunTime:0.000025s ]
INFO: [ app_begin ] --START--
INFO: Run Behavior\ReadHtmlCacheBehavior [ RunTime:0.000220s ]
INFO: [ app_begin ] --END-- [ RunTime:0.000233s ]
SQL: SHOW COLUMNS FROM `qw_setting` [ RunTime:0.0006s ]
SQL: SELECT `k`,`v` FROM `qw_setting`  [ RunTime:0.0002s ]
SQL: SHOW COLUMNS FROM `qw_photo` [ RunTime:0.0004s ]
SQL: SELECT * FROM `qw_photo` ORDER BY id DESC LIMIT 10,10   [ RunTime:0.0003s ]
SQL: SELECT COUNT(*) AS tp_count FROM `qw_photo` LIMIT 1   [ RunTime:0.0001s ]
NOTIC: [8] Undefined index: datetime /opt/lampp/www/picServer/App/Qwadmin/Controller/PicapiController.class.php 第 28 行.
NOTIC: [8] Undefined index: datetime /opt/lampp/www/picServer/App/Qwadmin/Controller/PicapiController.class.php 第 28 行.
NOTIC: [8] Undefined index: datetime /opt/lampp/www/picServer/App/Qwadmin/Controller/PicapiController.class.php 第 28 行.
NOTIC: [8] Undefined index: datetime /opt/lampp/www/picServer/App/Qwadmin/Controller/PicapiController.class.php 第 28 行.
NOTIC: [8] Undefined index: datetime /opt/lampp/www/picServer/App/Qwadmin/Controller/PicapiController.class.php 第 28 行.
NOTIC: [8] Undefined index: datetime /opt/lampp/www/picServer/App/Qwadmin/Controller/PicapiController.class.php 第 28 行.
INFO: [ app_end ] --START--
INFO: Run Behavior\ShowPageTraceBehavior [ RunTime:0.000248s ]
INFO: [ app_end ] --END-- [ RunTime:0.000260s ]

[ 2021-04-04T09:10:21+08:00 ] 112.49.178.105 /picapi/config/wx8dfbc97733f412a1
INFO: [ app_init ] --START--
INFO: Run Behavior\BuildLiteBehavior [ RunTime:0.000005s ]
INFO: [ app_init ] --END-- [ RunTime:0.000050s ]
INFO: [ app_begin ] --START--
INFO: Run Behavior\ReadHtmlCacheBehavior [ RunTime:0.000194s ]
INFO: [ app_begin ] --END-- [ RunTime:0.000210s ]
SQL: SHOW COLUMNS FROM `qw_setting` [ RunTime:0.0004s ]
SQL: SELECT `k`,`v` FROM `qw_setting`  [ RunTime:0.0002s ]
INFO: [ app_end ] --START--
INFO: Run Behavior\ShowPageTraceBehavior [ RunTime:0.001543s ]
INFO: [ app_end ] --END-- [ RunTime:0.001561s ]

[ 2021-04-04T09:10:21+08:00 ] 112.49.178.105 /picapi//index?version=v2&page=0&size=10
INFO: [ app_init ] --START--
INFO: Run Behavior\BuildLiteBehavior [ RunTime:0.000005s ]
INFO: [ app_init ] --END-- [ RunTime:0.000025s ]
INFO: [ app_begin ] --START--
INFO: Run Behavior\ReadHtmlCacheBehavior [ RunTime:0.000191s ]
INFO: [ app_begin ] --END-- [ RunTime:0.000206s ]
SQL: SHOW COLUMNS FROM `qw_setting` [ RunTime:0.0006s ]
SQL: SELECT `k`,`v` FROM `qw_setting`  [ RunTime:0.0003s ]
SQL: SHOW COLUMNS FROM `qw_photo` [ RunTime:0.0005s ]
SQL: SELECT * FROM `qw_photo` ORDER BY id DESC LIMIT 0,10   [ RunTime:0.0003s ]
SQL: SELECT COUNT(*) AS tp_count FROM `qw_photo` LIMIT 1   [ RunTime:0.0002s ]
NOTIC: [8] Undefined index: datetime /opt/lampp/www/picServer/App/Qwadmin/Controller/PicapiController.class.php 第 28 行.
NOTIC: [8] Undefined index: datetime /opt/lampp/www/picServer/App/Qwadmin/Controller/PicapiController.class.php 第 28 行.
NOTIC: [8] Undefined index: datetime /opt/lampp/www/picServer/App/Qwadmin/Controller/PicapiController.class.php 第 28 行.
NOTIC: [8] Undefined index: datetime /opt/lampp/www/picServer/App/Qwadmin/Controller/PicapiController.class.php 第 28 行.
NOTIC: [8] Undefined index: datetime /opt/lampp/www/picServer/App/Qwadmin/Controller/PicapiController.class.php 第 28 行.
NOTIC: [8] Undefined index: datetime /opt/lampp/www/picServer/App/Qwadmin/Controller/PicapiController.class.php 第 28 行.
NOTIC: [8] Undefined index: datetime /opt/lampp/www/picServer/App/Qwadmin/Controller/PicapiController.class.php 第 28 行.
NOTIC: [8] Undefined index: datetime /opt/lampp/www/picServer/App/Qwadmin/Controller/PicapiController.class.php 第 28 行.
NOTIC: [8] Undefined index: datetime /opt/lampp/www/picServer/App/Qwadmin/Controller/PicapiController.class.php 第 28 行.
NOTIC: [8] Undefined index: datetime /opt/lampp/www/picServer/App/Qwadmin/Controller/PicapiController.class.php 第 28 行.
INFO: [ app_end ] --START--
INFO: Run Behavior\ShowPageTraceBehavior [ RunTime:0.000786s ]
INFO: [ app_end ] --END-- [ RunTime:0.000806s ]

[ 2021-04-04T11:29:02+08:00 ] 47.103.87.110 /
INFO: [ app_init ] --START--
INFO: Run Behavior\BuildLiteBehavior [ RunTime:0.000005s ]
INFO: [ app_init ] --END-- [ RunTime:0.000024s ]
INFO: [ app_begin ] --START--
INFO: Run Behavior\ReadHtmlCacheBehavior [ RunTime:0.000224s ]
INFO: [ app_begin ] --END-- [ RunTime:0.000238s ]
SQL: SHOW COLUMNS FROM `qw_setting` [ RunTime:0.0006s ]
SQL: SELECT `k`,`v` FROM `qw_setting`  [ RunTime:0.0015s ]
NOTIC: [8] Undefined offset: 1 /opt/lampp/www/picServer/App/Qwadmin/Controller/ComController.class.php 第 27 行.

[ 2021-04-04T11:29:02+08:00 ] 47.103.87.110 /login/index.html
INFO: [ app_init ] --START--
INFO: Run Behavior\BuildLiteBehavior [ RunTime:0.000005s ]
INFO: [ app_init ] --END-- [ RunTime:0.000024s ]
INFO: [ app_begin ] --START--
INFO: Run Behavior\ReadHtmlCacheBehavior [ RunTime:0.000188s ]
INFO: [ app_begin ] --END-- [ RunTime:0.000202s ]
SQL: SHOW COLUMNS FROM `qw_setting` [ RunTime:0.0006s ]
SQL: SELECT `k`,`v` FROM `qw_setting`  [ RunTime:0.0002s ]
NOTIC: [8] Undefined offset: 1 /opt/lampp/www/picServer/App/Qwadmin/Controller/LoginController.class.php 第 21 行.
INFO: [ view_parse ] --START--
INFO: [ template_filter ] --START--
INFO: Run Behavior\ContentReplaceBehavior [ RunTime:0.000048s ]
INFO: [ template_filter ] --END-- [ RunTime:0.000065s ]
INFO: Run Behavior\ParseTemplateBehavior [ RunTime:0.011291s ]
INFO: [ view_parse ] --END-- [ RunTime:0.011305s ]
INFO: [ view_filter ] --START--
INFO: Run Behavior\WriteHtmlCacheBehavior [ RunTime:0.001656s ]
INFO: [ view_filter ] --END-- [ RunTime:0.001668s ]
INFO: [ app_end ] --START--
INFO: Run Behavior\ShowPageTraceBehavior [ RunTime:0.000253s ]
INFO: [ app_end ] --END-- [ RunTime:0.000266s ]

[ 2021-04-04T19:34:28+08:00 ] 127.0.0.1 /
INFO: [ app_init ] --START--
INFO: Run Behavior\BuildLiteBehavior [ RunTime:0.000017s ]
INFO: [ app_init ] --END-- [ RunTime:0.000041s ]
INFO: [ app_begin ] --START--
INFO: Run Behavior\ReadHtmlCacheBehavior [ RunTime:0.000214s ]
INFO: [ app_begin ] --END-- [ RunTime:0.000227s ]
SQL: SHOW COLUMNS FROM `qw_setting` [ RunTime:0.0006s ]
SQL: SELECT `k`,`v` FROM `qw_setting`  [ RunTime:0.0016s ]
NOTIC: [8] Undefined offset: 1 /opt/lampp/www/picServer/App/Qwadmin/Controller/ComController.class.php 第 27 行.

[ 2021-04-04T19:34:28+08:00 ] 127.0.0.1 /login/index.html
INFO: [ app_init ] --START--
INFO: Run Behavior\BuildLiteBehavior [ RunTime:0.000005s ]
INFO: [ app_init ] --END-- [ RunTime:0.000040s ]
INFO: [ app_begin ] --START--
INFO: Run Behavior\ReadHtmlCacheBehavior [ RunTime:0.000200s ]
INFO: [ app_begin ] --END-- [ RunTime:0.000215s ]
SQL: SHOW COLUMNS FROM `qw_setting` [ RunTime:0.0006s ]
SQL: SELECT `k`,`v` FROM `qw_setting`  [ RunTime:0.0003s ]
NOTIC: [8] Undefined offset: 1 /opt/lampp/www/picServer/App/Qwadmin/Controller/LoginController.class.php 第 21 行.
INFO: [ view_parse ] --START--
INFO: [ template_filter ] --START--
INFO: Run Behavior\ContentReplaceBehavior [ RunTime:0.000031s ]
INFO: [ template_filter ] --END-- [ RunTime:0.000053s ]
INFO: Run Behavior\ParseTemplateBehavior [ RunTime:0.022301s ]
INFO: [ view_parse ] --END-- [ RunTime:0.022320s ]
INFO: [ view_filter ] --START--
INFO: Run Behavior\WriteHtmlCacheBehavior [ RunTime:0.002844s ]
INFO: [ view_filter ] --END-- [ RunTime:0.002857s ]
INFO: [ app_end ] --START--
INFO: Run Behavior\ShowPageTraceBehavior [ RunTime:0.001694s ]
INFO: [ app_end ] --END-- [ RunTime:0.001715s ]

[ 2021-04-04T19:34:28+08:00 ] 127.0.0.1 /login/verify.html
INFO: [ app_init ] --START--
INFO: Run Behavior\BuildLiteBehavior [ RunTime:0.000005s ]
INFO: [ app_init ] --END-- [ RunTime:0.000025s ]
INFO: [ app_begin ] --START--
INFO: Run Behavior\ReadHtmlCacheBehavior [ RunTime:0.000231s ]
INFO: [ app_begin ] --END-- [ RunTime:0.000246s ]
SQL: SHOW COLUMNS FROM `qw_setting` [ RunTime:0.0006s ]
SQL: SELECT `k`,`v` FROM `qw_setting`  [ RunTime:0.0003s ]
INFO: [ app_end ] --START--
INFO: Run Behavior\ShowPageTraceBehavior [ RunTime:0.000246s ]
INFO: [ app_end ] --END-- [ RunTime:0.000265s ]

[ 2021-04-04T19:57:28+08:00 ] 127.0.0.1 /
INFO: [ app_init ] --START--
INFO: Run Behavior\BuildLiteBehavior [ RunTime:0.000005s ]
INFO: [ app_init ] --END-- [ RunTime:0.000041s ]
INFO: [ app_begin ] --START--
INFO: Run Behavior\ReadHtmlCacheBehavior [ RunTime:0.000200s ]
INFO: [ app_begin ] --END-- [ RunTime:0.000215s ]
SQL: SHOW COLUMNS FROM `qw_setting` [ RunTime:0.0006s ]
SQL: SELECT `k`,`v` FROM `qw_setting`  [ RunTime:0.0002s ]
NOTIC: [8] Undefined offset: 1 /opt/lampp/www/picServer/App/Qwadmin/Controller/ComController.class.php 第 27 行.

[ 2021-04-04T19:57:28+08:00 ] 127.0.0.1 /login/index.html
INFO: [ app_init ] --START--
INFO: Run Behavior\BuildLiteBehavior [ RunTime:0.000005s ]
INFO: [ app_init ] --END-- [ RunTime:0.000022s ]
INFO: [ app_begin ] --START--
INFO: Run Behavior\ReadHtmlCacheBehavior [ RunTime:0.000198s ]
INFO: [ app_begin ] --END-- [ RunTime:0.000213s ]
SQL: SHOW COLUMNS FROM `qw_setting` [ RunTime:0.0006s ]
SQL: SELECT `k`,`v` FROM `qw_setting`  [ RunTime:0.0003s ]
NOTIC: [8] Undefined offset: 1 /opt/lampp/www/picServer/App/Qwadmin/Controller/LoginController.class.php 第 21 行.
INFO: [ view_parse ] --START--
INFO: [ template_filter ] --START--
INFO: Run Behavior\ContentReplaceBehavior [ RunTime:0.000026s ]
INFO: [ template_filter ] --END-- [ RunTime:0.000041s ]
INFO: Run Behavior\ParseTemplateBehavior [ RunTime:0.002722s ]
INFO: [ view_parse ] --END-- [ RunTime:0.002737s ]
INFO: [ view_filter ] --START--
INFO: Run Behavior\WriteHtmlCacheBehavior [ RunTime:0.000066s ]
INFO: [ view_filter ] --END-- [ RunTime:0.000076s ]
INFO: [ app_end ] --START--
INFO: Run Behavior\ShowPageTraceBehavior [ RunTime:0.000257s ]
INFO: [ app_end ] --END-- [ RunTime:0.000269s ]

[ 2021-04-04T20:41:49+08:00 ] 112.49.178.105 /picapi/config/wx8dfbc97733f412a1
INFO: [ app_init ] --START--
INFO: Run Behavior\BuildLiteBehavior [ RunTime:0.000004s ]
INFO: [ app_init ] --END-- [ RunTime:0.000020s ]
INFO: [ app_begin ] --START--
INFO: Run Behavior\ReadHtmlCacheBehavior [ RunTime:0.000198s ]
INFO: [ app_begin ] --END-- [ RunTime:0.000213s ]
SQL: SHOW COLUMNS FROM `qw_setting` [ RunTime:0.0007s ]
SQL: SELECT `k`,`v` FROM `qw_setting`  [ RunTime:0.0002s ]
INFO: [ app_end ] --START--
INFO: Run Behavior\ShowPageTraceBehavior [ RunTime:0.000257s ]
INFO: [ app_end ] --END-- [ RunTime:0.000271s ]

[ 2021-04-04T20:41:49+08:00 ] 112.49.178.105 /picapi//index?version=v2&page=0&size=10
INFO: [ app_init ] --START--
INFO: Run Behavior\BuildLiteBehavior [ RunTime:0.000006s ]
INFO: [ app_init ] --END-- [ RunTime:0.000025s ]
INFO: [ app_begin ] --START--
INFO: Run Behavior\ReadHtmlCacheBehavior [ RunTime:0.000191s ]
INFO: [ app_begin ] --END-- [ RunTime:0.000205s ]
SQL: SHOW COLUMNS FROM `qw_setting` [ RunTime:0.0007s ]
SQL: SELECT `k`,`v` FROM `qw_setting`  [ RunTime:0.0002s ]
SQL: SHOW COLUMNS FROM `qw_photo` [ RunTime:0.0004s ]
SQL: SELECT * FROM `qw_photo` ORDER BY id DESC LIMIT 0,10   [ RunTime:0.0017s ]
SQL: SELECT COUNT(*) AS tp_count FROM `qw_photo` LIMIT 1   [ RunTime:0.0002s ]
NOTIC: [8] Undefined index: datetime /opt/lampp/www/picServer/App/Qwadmin/Controller/PicapiController.class.php 第 28 行.
NOTIC: [8] Undefined index: datetime /opt/lampp/www/picServer/App/Qwadmin/Controller/PicapiController.class.php 第 28 行.
NOTIC: [8] Undefined index: datetime /opt/lampp/www/picServer/App/Qwadmin/Controller/PicapiController.class.php 第 28 行.
NOTIC: [8] Undefined index: datetime /opt/lampp/www/picServer/App/Qwadmin/Controller/PicapiController.class.php 第 28 行.
NOTIC: [8] Undefined index: datetime /opt/lampp/www/picServer/App/Qwadmin/Controller/PicapiController.class.php 第 28 行.
NOTIC: [8] Undefined index: datetime /opt/lampp/www/picServer/App/Qwadmin/Controller/PicapiController.class.php 第 28 行.
NOTIC: [8] Undefined index: datetime /opt/lampp/www/picServer/App/Qwadmin/Controller/PicapiController.class.php 第 28 行.
NOTIC: [8] Undefined index: datetime /opt/lampp/www/picServer/App/Qwadmin/Controller/PicapiController.class.php 第 28 行.
NOTIC: [8] Undefined index: datetime /opt/lampp/www/picServer/App/Qwadmin/Controller/PicapiController.class.php 第 28 行.
NOTIC: [8] Undefined index: datetime /opt/lampp/www/picServer/App/Qwadmin/Controller/PicapiController.class.php 第 28 行.
INFO: [ app_end ] --START--
INFO: Run Behavior\ShowPageTraceBehavior [ RunTime:0.000246s ]
INFO: [ app_end ] --END-- [ RunTime:0.000259s ]

[ 2021-04-04T20:42:41+08:00 ] 103.8.207.224 /picapi//index?version=v2&page=0&size=10
INFO: [ app_init ] --START--
INFO: Run Behavior\BuildLiteBehavior [ RunTime:0.000006s ]
INFO: [ app_init ] --END-- [ RunTime:0.000033s ]
INFO: [ app_begin ] --START--
INFO: Run Behavior\ReadHtmlCacheBehavior [ RunTime:0.000267s ]
INFO: [ app_begin ] --END-- [ RunTime:0.000285s ]
SQL: SHOW COLUMNS FROM `qw_setting` [ RunTime:0.0008s ]
SQL: SELECT `k`,`v` FROM `qw_setting`  [ RunTime:0.0003s ]
SQL: SHOW COLUMNS FROM `qw_photo` [ RunTime:0.0005s ]
SQL: SELECT * FROM `qw_photo` ORDER BY id DESC LIMIT 0,10   [ RunTime:0.0003s ]
SQL: SELECT COUNT(*) AS tp_count FROM `qw_photo` LIMIT 1   [ RunTime:0.0002s ]
NOTIC: [8] Undefined index: datetime /opt/lampp/www/picServer/App/Qwadmin/Controller/PicapiController.class.php 第 28 行.
NOTIC: [8] Undefined index: datetime /opt/lampp/www/picServer/App/Qwadmin/Controller/PicapiController.class.php 第 28 行.
NOTIC: [8] Undefined index: datetime /opt/lampp/www/picServer/App/Qwadmin/Controller/PicapiController.class.php 第 28 行.
NOTIC: [8] Undefined index: datetime /opt/lampp/www/picServer/App/Qwadmin/Controller/PicapiController.class.php 第 28 行.
NOTIC: [8] Undefined index: datetime /opt/lampp/www/picServer/App/Qwadmin/Controller/PicapiController.class.php 第 28 行.
NOTIC: [8] Undefined index: datetime /opt/lampp/www/picServer/App/Qwadmin/Controller/PicapiController.class.php 第 28 行.
NOTIC: [8] Undefined index: datetime /opt/lampp/www/picServer/App/Qwadmin/Controller/PicapiController.class.php 第 28 行.
NOTIC: [8] Undefined index: datetime /opt/lampp/www/picServer/App/Qwadmin/Controller/PicapiController.class.php 第 28 行.
NOTIC: [8] Undefined index: datetime /opt/lampp/www/picServer/App/Qwadmin/Controller/PicapiController.class.php 第 28 行.
NOTIC: [8] Undefined index: datetime /opt/lampp/www/picServer/App/Qwadmin/Controller/PicapiController.class.php 第 28 行.
INFO: [ app_end ] --START--
INFO: Run Behavior\ShowPageTraceBehavior [ RunTime:0.000275s ]
INFO: [ app_end ] --END-- [ RunTime:0.000289s ]

[ 2021-04-04T20:42:41+08:00 ] 103.8.207.224 /picapi/config/wx8dfbc97733f412a1
INFO: [ app_init ] --START--
INFO: Run Behavior\BuildLiteBehavior [ RunTime:0.000005s ]
INFO: [ app_init ] --END-- [ RunTime:0.000026s ]
INFO: [ app_begin ] --START--
INFO: Run Behavior\ReadHtmlCacheBehavior [ RunTime:0.000212s ]
INFO: [ app_begin ] --END-- [ RunTime:0.000229s ]
SQL: SHOW COLUMNS FROM `qw_setting` [ RunTime:0.0006s ]
SQL: SELECT `k`,`v` FROM `qw_setting`  [ RunTime:0.0002s ]
INFO: [ app_end ] --START--
INFO: Run Behavior\ShowPageTraceBehavior [ RunTime:0.000331s ]
INFO: [ app_end ] --END-- [ RunTime:0.000350s ]

[ 2021-04-04T21:41:55+08:00 ] 127.0.0.1 /
INFO: [ app_init ] --START--
INFO: Run Behavior\BuildLiteBehavior [ RunTime:0.000005s ]
INFO: [ app_init ] --END-- [ RunTime:0.000025s ]
INFO: [ app_begin ] --START--
INFO: Run Behavior\ReadHtmlCacheBehavior [ RunTime:0.000185s ]
INFO: [ app_begin ] --END-- [ RunTime:0.000199s ]
SQL: SHOW COLUMNS FROM `qw_setting` [ RunTime:0.0006s ]
SQL: SELECT `k`,`v` FROM `qw_setting`  [ RunTime:0.0002s ]
NOTIC: [8] Undefined offset: 1 /opt/lampp/www/picServer/App/Qwadmin/Controller/ComController.class.php 第 27 行.

[ 2021-04-04T21:41:56+08:00 ] 127.0.0.1 /login/index.html
INFO: [ app_init ] --START--
INFO: Run Behavior\BuildLiteBehavior [ RunTime:0.000005s ]
INFO: [ app_init ] --END-- [ RunTime:0.000023s ]
INFO: [ app_begin ] --START--
INFO: Run Behavior\ReadHtmlCacheBehavior [ RunTime:0.000235s ]
INFO: [ app_begin ] --END-- [ RunTime:0.000250s ]
SQL: SHOW COLUMNS FROM `qw_setting` [ RunTime:0.0007s ]
SQL: SELECT `k`,`v` FROM `qw_setting`  [ RunTime:0.0002s ]
NOTIC: [8] Undefined offset: 1 /opt/lampp/www/picServer/App/Qwadmin/Controller/LoginController.class.php 第 21 行.
INFO: [ view_parse ] --START--
INFO: [ template_filter ] --START--
INFO: Run Behavior\ContentReplaceBehavior [ RunTime:0.000027s ]
INFO: [ template_filter ] --END-- [ RunTime:0.000043s ]
INFO: Run Behavior\ParseTemplateBehavior [ RunTime:0.003636s ]
INFO: [ view_parse ] --END-- [ RunTime:0.003649s ]
INFO: [ view_filter ] --START--
INFO: Run Behavior\WriteHtmlCacheBehavior [ RunTime:0.000086s ]
INFO: [ view_filter ] --END-- [ RunTime:0.000096s ]
INFO: [ app_end ] --START--
INFO: Run Behavior\ShowPageTraceBehavior [ RunTime:0.000287s ]
INFO: [ app_end ] --END-- [ RunTime:0.000300s ]

[ 2021-04-04T21:41:57+08:00 ] 127.0.0.1 /login/verify.html
INFO: [ app_init ] --START--
INFO: Run Behavior\BuildLiteBehavior [ RunTime:0.000006s ]
INFO: [ app_init ] --END-- [ RunTime:0.000027s ]
INFO: [ app_begin ] --START--
INFO: Run Behavior\ReadHtmlCacheBehavior [ RunTime:0.000234s ]
INFO: [ app_begin ] --END-- [ RunTime:0.000250s ]
SQL: SHOW COLUMNS FROM `qw_setting` [ RunTime:0.0006s ]
SQL: SELECT `k`,`v` FROM `qw_setting`  [ RunTime:0.0002s ]
INFO: [ app_end ] --START--
INFO: Run Behavior\ShowPageTraceBehavior [ RunTime:0.000275s ]
INFO: [ app_end ] --END-- [ RunTime:0.000295s ]

[ 2021-04-04T22:20:45+08:00 ] 119.248.248.116 /picapi//index?version=v2&page=0&size=10
INFO: [ app_init ] --START--
INFO: Run Behavior\BuildLiteBehavior [ RunTime:0.000006s ]
INFO: [ app_init ] --END-- [ RunTime:0.000040s ]
INFO: [ app_begin ] --START--
INFO: Run Behavior\ReadHtmlCacheBehavior [ RunTime:0.000217s ]
INFO: [ app_begin ] --END-- [ RunTime:0.000232s ]
SQL: SHOW COLUMNS FROM `qw_setting` [ RunTime:0.0007s ]
SQL: SELECT `k`,`v` FROM `qw_setting`  [ RunTime:0.0002s ]
SQL: SHOW COLUMNS FROM `qw_photo` [ RunTime:0.0004s ]
SQL: SELECT * FROM `qw_photo` ORDER BY id DESC LIMIT 0,10   [ RunTime:0.0002s ]
SQL: SELECT COUNT(*) AS tp_count FROM `qw_photo` LIMIT 1   [ RunTime:0.0001s ]
NOTIC: [8] Undefined index: datetime /opt/lampp/www/picServer/App/Qwadmin/Controller/PicapiController.class.php 第 28 行.
NOTIC: [8] Undefined index: datetime /opt/lampp/www/picServer/App/Qwadmin/Controller/PicapiController.class.php 第 28 行.
NOTIC: [8] Undefined index: datetime /opt/lampp/www/picServer/App/Qwadmin/Controller/PicapiController.class.php 第 28 行.
NOTIC: [8] Undefined index: datetime /opt/lampp/www/picServer/App/Qwadmin/Controller/PicapiController.class.php 第 28 行.
NOTIC: [8] Undefined index: datetime /opt/lampp/www/picServer/App/Qwadmin/Controller/PicapiController.class.php 第 28 行.
NOTIC: [8] Undefined index: datetime /opt/lampp/www/picServer/App/Qwadmin/Controller/PicapiController.class.php 第 28 行.
NOTIC: [8] Undefined index: datetime /opt/lampp/www/picServer/App/Qwadmin/Controller/PicapiController.class.php 第 28 行.
NOTIC: [8] Undefined index: datetime /opt/lampp/www/picServer/App/Qwadmin/Controller/PicapiController.class.php 第 28 行.
NOTIC: [8] Undefined index: datetime /opt/lampp/www/picServer/App/Qwadmin/Controller/PicapiController.class.php 第 28 行.
NOTIC: [8] Undefined index: datetime /opt/lampp/www/picServer/App/Qwadmin/Controller/PicapiController.class.php 第 28 行.
INFO: [ app_end ] --START--
INFO: Run Behavior\ShowPageTraceBehavior [ RunTime:0.000353s ]
INFO: [ app_end ] --END-- [ RunTime:0.000368s ]

[ 2021-04-04T22:20:45+08:00 ] 119.248.248.116 /picapi/config/wx8dfbc97733f412a1
INFO: [ app_init ] --START--
INFO: Run Behavior\BuildLiteBehavior [ RunTime:0.000004s ]
INFO: [ app_init ] --END-- [ RunTime:0.000026s ]
INFO: [ app_begin ] --START--
INFO: Run Behavior\ReadHtmlCacheBehavior [ RunTime:0.000191s ]
INFO: [ app_begin ] --END-- [ RunTime:0.000206s ]
SQL: SHOW COLUMNS FROM `qw_setting` [ RunTime:0.0009s ]
SQL: SELECT `k`,`v` FROM `qw_setting`  [ RunTime:0.0003s ]
INFO: [ app_end ] --START--
INFO: Run Behavior\ShowPageTraceBehavior [ RunTime:0.000271s ]
INFO: [ app_end ] --END-- [ RunTime:0.000285s ]

[ 2021-04-04T23:44:52+08:00 ] 101.132.44.124 /
INFO: [ app_init ] --START--
INFO: Run Behavior\BuildLiteBehavior [ RunTime:0.000005s ]
INFO: [ app_init ] --END-- [ RunTime:0.000025s ]
INFO: [ app_begin ] --START--
INFO: Run Behavior\ReadHtmlCacheBehavior [ RunTime:0.000196s ]
INFO: [ app_begin ] --END-- [ RunTime:0.000209s ]
SQL: SHOW COLUMNS FROM `qw_setting` [ RunTime:0.0006s ]
SQL: SELECT `k`,`v` FROM `qw_setting`  [ RunTime:0.0002s ]
NOTIC: [8] Undefined offset: 1 /opt/lampp/www/picServer/App/Qwadmin/Controller/ComController.class.php 第 27 行.

[ 2021-04-04T23:44:52+08:00 ] 101.132.44.124 /login/index.html
INFO: [ app_init ] --START--
INFO: Run Behavior\BuildLiteBehavior [ RunTime:0.000005s ]
INFO: [ app_init ] --END-- [ RunTime:0.000024s ]
INFO: [ app_begin ] --START--
INFO: Run Behavior\ReadHtmlCacheBehavior [ RunTime:0.000191s ]
INFO: [ app_begin ] --END-- [ RunTime:0.000205s ]
SQL: SHOW COLUMNS FROM `qw_setting` [ RunTime:0.0006s ]
SQL: SELECT `k`,`v` FROM `qw_setting`  [ RunTime:0.0002s ]
NOTIC: [8] Undefined offset: 1 /opt/lampp/www/picServer/App/Qwadmin/Controller/LoginController.class.php 第 21 行.
INFO: [ view_parse ] --START--
INFO: [ template_filter ] --START--
INFO: Run Behavior\ContentReplaceBehavior [ RunTime:0.000028s ]
INFO: [ template_filter ] --END-- [ RunTime:0.000063s ]
INFO: Run Behavior\ParseTemplateBehavior [ RunTime:0.003416s ]
INFO: [ view_parse ] --END-- [ RunTime:0.003429s ]
INFO: [ view_filter ] --START--
INFO: Run Behavior\WriteHtmlCacheBehavior [ RunTime:0.000066s ]
INFO: [ view_filter ] --END-- [ RunTime:0.000076s ]
INFO: [ app_end ] --START--
INFO: Run Behavior\ShowPageTraceBehavior [ RunTime:0.000236s ]
INFO: [ app_end ] --END-- [ RunTime:0.000248s ]

[ 2021-04-04T23:44:53+08:00 ] 101.132.44.124 /login/verify.html
INFO: [ app_init ] --START--
INFO: Run Behavior\BuildLiteBehavior [ RunTime:0.000005s ]
INFO: [ app_init ] --END-- [ RunTime:0.000037s ]
INFO: [ app_begin ] --START--
INFO: Run Behavior\ReadHtmlCacheBehavior [ RunTime:0.000198s ]
INFO: [ app_begin ] --END-- [ RunTime:0.000214s ]
SQL: SHOW COLUMNS FROM `qw_setting` [ RunTime:0.0006s ]
SQL: SELECT `k`,`v` FROM `qw_setting`  [ RunTime:0.0002s ]
INFO: [ app_end ] --START--
INFO: Run Behavior\ShowPageTraceBehavior [ RunTime:0.000339s ]
INFO: [ app_end ] --END-- [ RunTime:0.000363s ]

