[ 2021-09-21T12:01:14+08:00 ] 147.158.188.117 /picapi//index?version=v2&page=0&size=10
INFO: [ app_init ] --START--
INFO: Run Behavior\BuildLiteBehavior [ RunTime:0.000010s ]
INFO: [ app_init ] --END-- [ RunTime:0.000044s ]
INFO: [ app_begin ] --START--
INFO: Run Behavior\ReadHtmlCacheBehavior [ RunTime:0.002962s ]
INFO: [ app_begin ] --END-- [ RunTime:0.002996s ]
SQL: SHOW COLUMNS FROM `qw_setting` [ RunTime:0.0006s ]
SQL: SELECT `k`,`v` FROM `qw_setting`  [ RunTime:0.0015s ]
SQL: SHOW COLUMNS FROM `qw_photo` [ RunTime:0.0006s ]
SQL: SELECT * FROM `qw_photo` ORDER BY id DESC LIMIT 0,10   [ RunTime:0.0016s ]
SQL: SELECT COUNT(*) AS tp_count FROM `qw_photo` LIMIT 1   [ RunTime:0.0002s ]
NOTIC: [8] Undefined index: datetime /opt/lampp/www/picServer/App/Qwadmin/Controller/PicapiController.class.php 第 28 行.
NOTIC: [8] Undefined index: datetime /opt/lampp/www/picServer/App/Qwadmin/Controller/PicapiController.class.php 第 28 行.
NOTIC: [8] Undefined index: datetime /opt/lampp/www/picServer/App/Qwadmin/Controller/PicapiController.class.php 第 28 行.
NOTIC: [8] Undefined index: datetime /opt/lampp/www/picServer/App/Qwadmin/Controller/PicapiController.class.php 第 28 行.
NOTIC: [8] Undefined index: datetime /opt/lampp/www/picServer/App/Qwadmin/Controller/PicapiController.class.php 第 28 行.
NOTIC: [8] Undefined index: datetime /opt/lampp/www/picServer/App/Qwadmin/Controller/PicapiController.class.php 第 28 行.
NOTIC: [8] Undefined index: datetime /opt/lampp/www/picServer/App/Qwadmin/Controller/PicapiController.class.php 第 28 行.
NOTIC: [8] Undefined index: datetime /opt/lampp/www/picServer/App/Qwadmin/Controller/PicapiController.class.php 第 28 行.
NOTIC: [8] Undefined index: datetime /opt/lampp/www/picServer/App/Qwadmin/Controller/PicapiController.class.php 第 28 行.
NOTIC: [8] Undefined index: datetime /opt/lampp/www/picServer/App/Qwadmin/Controller/PicapiController.class.php 第 28 行.
INFO: [ app_end ] --START--
INFO: Run Behavior\ShowPageTraceBehavior [ RunTime:0.001562s ]
INFO: [ app_end ] --END-- [ RunTime:0.001579s ]

[ 2021-09-21T12:01:14+08:00 ] 147.158.188.117 /picapi/config/wx8dfbc97733f412a1
INFO: [ app_init ] --START--
INFO: Run Behavior\BuildLiteBehavior [ RunTime:0.000005s ]
INFO: [ app_init ] --END-- [ RunTime:0.000026s ]
INFO: [ app_begin ] --START--
INFO: Run Behavior\ReadHtmlCacheBehavior [ RunTime:0.000232s ]
INFO: [ app_begin ] --END-- [ RunTime:0.000247s ]
SQL: SHOW COLUMNS FROM `qw_setting` [ RunTime:0.0006s ]
SQL: SELECT `k`,`v` FROM `qw_setting`  [ RunTime:0.0002s ]
INFO: [ app_end ] --START--
INFO: Run Behavior\ShowPageTraceBehavior [ RunTime:0.000290s ]
INFO: [ app_end ] --END-- [ RunTime:0.000308s ]

[ 2021-09-21T12:01:34+08:00 ] 147.158.188.117 /picapi//nineList?version=v2&page=0&size=10
INFO: [ app_init ] --START--
INFO: Run Behavior\BuildLiteBehavior [ RunTime:0.000006s ]
INFO: [ app_init ] --END-- [ RunTime:0.000027s ]
INFO: [ app_begin ] --START--
INFO: Run Behavior\ReadHtmlCacheBehavior [ RunTime:0.000228s ]
INFO: [ app_begin ] --END-- [ RunTime:0.000245s ]
SQL: SHOW COLUMNS FROM `qw_setting` [ RunTime:0.0006s ]
SQL: SELECT `k`,`v` FROM `qw_setting`  [ RunTime:0.0002s ]
SQL: SHOW COLUMNS FROM `qw_photo` [ RunTime:0.0004s ]
SQL: SELECT * FROM `qw_photo` ORDER BY id DESC LIMIT 0,10   [ RunTime:0.0003s ]
SQL: SELECT COUNT(*) AS tp_count FROM `qw_photo` LIMIT 1   [ RunTime:0.0002s ]
INFO: [ app_end ] --START--
INFO: Run Behavior\ShowPageTraceBehavior [ RunTime:0.000277s ]
INFO: [ app_end ] --END-- [ RunTime:0.000292s ]

[ 2021-09-21T12:01:39+08:00 ] 147.158.188.117 /picapi//nineList?version=v2&page=1&size=10
INFO: [ app_init ] --START--
INFO: Run Behavior\BuildLiteBehavior [ RunTime:0.000005s ]
INFO: [ app_init ] --END-- [ RunTime:0.000025s ]
INFO: [ app_begin ] --START--
INFO: Run Behavior\ReadHtmlCacheBehavior [ RunTime:0.000191s ]
INFO: [ app_begin ] --END-- [ RunTime:0.000205s ]
SQL: SHOW COLUMNS FROM `qw_setting` [ RunTime:0.0021s ]
SQL: SELECT `k`,`v` FROM `qw_setting`  [ RunTime:0.0003s ]
SQL: SHOW COLUMNS FROM `qw_photo` [ RunTime:0.0005s ]
SQL: SELECT * FROM `qw_photo` ORDER BY id DESC LIMIT 10,10   [ RunTime:0.0003s ]
SQL: SELECT COUNT(*) AS tp_count FROM `qw_photo` LIMIT 1   [ RunTime:0.0002s ]
INFO: [ app_end ] --START--
INFO: Run Behavior\ShowPageTraceBehavior [ RunTime:0.000273s ]
INFO: [ app_end ] --END-- [ RunTime:0.000290s ]

[ 2021-09-21T13:28:26+08:00 ] 127.0.0.1 /
INFO: [ app_init ] --START--
INFO: Run Behavior\BuildLiteBehavior [ RunTime:0.000005s ]
INFO: [ app_init ] --END-- [ RunTime:0.000026s ]
INFO: [ app_begin ] --START--
INFO: Run Behavior\ReadHtmlCacheBehavior [ RunTime:0.000190s ]
INFO: [ app_begin ] --END-- [ RunTime:0.000203s ]
SQL: SHOW COLUMNS FROM `qw_setting` [ RunTime:0.0007s ]
SQL: SELECT `k`,`v` FROM `qw_setting`  [ RunTime:0.0003s ]
NOTIC: [8] Undefined offset: 1 /opt/lampp/www/picServer/App/Qwadmin/Controller/ComController.class.php 第 27 行.

[ 2021-09-21T13:28:26+08:00 ] 127.0.0.1 /login/index.html
INFO: [ app_init ] --START--
INFO: Run Behavior\BuildLiteBehavior [ RunTime:0.000005s ]
INFO: [ app_init ] --END-- [ RunTime:0.000045s ]
INFO: [ app_begin ] --START--
INFO: Run Behavior\ReadHtmlCacheBehavior [ RunTime:0.000215s ]
INFO: [ app_begin ] --END-- [ RunTime:0.000231s ]
SQL: SHOW COLUMNS FROM `qw_setting` [ RunTime:0.0006s ]
SQL: SELECT `k`,`v` FROM `qw_setting`  [ RunTime:0.0002s ]
NOTIC: [8] Undefined offset: 1 /opt/lampp/www/picServer/App/Qwadmin/Controller/LoginController.class.php 第 21 行.
INFO: [ view_parse ] --START--
INFO: [ template_filter ] --START--
INFO: Run Behavior\ContentReplaceBehavior [ RunTime:0.000032s ]
INFO: [ template_filter ] --END-- [ RunTime:0.000060s ]
INFO: Run Behavior\ParseTemplateBehavior [ RunTime:0.018571s ]
INFO: [ view_parse ] --END-- [ RunTime:0.018601s ]
INFO: [ view_filter ] --START--
INFO: Run Behavior\WriteHtmlCacheBehavior [ RunTime:0.001360s ]
INFO: [ view_filter ] --END-- [ RunTime:0.001402s ]
INFO: [ app_end ] --START--
INFO: Run Behavior\ShowPageTraceBehavior [ RunTime:0.000388s ]
INFO: [ app_end ] --END-- [ RunTime:0.000404s ]

