[ 2021-06-11T00:19:31+08:00 ] 175.167.130.234 /picapi/config/wx8dfbc97733f412a1
INFO: [ app_init ] --START--
INFO: Run Behavior\BuildLiteBehavior [ RunTime:0.000005s ]
INFO: [ app_init ] --END-- [ RunTime:0.000024s ]
INFO: [ app_begin ] --START--
INFO: Run Behavior\ReadHtmlCacheBehavior [ RunTime:0.000203s ]
INFO: [ app_begin ] --END-- [ RunTime:0.000218s ]
SQL: SHOW COLUMNS FROM `qw_setting` [ RunTime:0.0007s ]
SQL: SELECT `k`,`v` FROM `qw_setting`  [ RunTime:0.0003s ]
INFO: [ app_end ] --START--
INFO: Run Behavior\ShowPageTraceBehavior [ RunTime:0.000236s ]
INFO: [ app_end ] --END-- [ RunTime:0.000251s ]

[ 2021-06-11T00:19:31+08:00 ] 175.167.130.234 /picapi//index?version=v2&page=0&size=10
INFO: [ app_init ] --START--
INFO: Run Behavior\BuildLiteBehavior [ RunTime:0.000005s ]
INFO: [ app_init ] --END-- [ RunTime:0.000024s ]
INFO: [ app_begin ] --START--
INFO: Run Behavior\ReadHtmlCacheBehavior [ RunTime:0.000254s ]
INFO: [ app_begin ] --END-- [ RunTime:0.000271s ]
SQL: SHOW COLUMNS FROM `qw_setting` [ RunTime:0.0006s ]
SQL: SELECT `k`,`v` FROM `qw_setting`  [ RunTime:0.0002s ]
SQL: SHOW COLUMNS FROM `qw_photo` [ RunTime:0.0004s ]
SQL: SELECT * FROM `qw_photo` ORDER BY id DESC LIMIT 0,10   [ RunTime:0.0002s ]
SQL: SELECT COUNT(*) AS tp_count FROM `qw_photo` LIMIT 1   [ RunTime:0.0001s ]
NOTIC: [8] Undefined index: datetime /opt/lampp/www/picServer/App/Qwadmin/Controller/PicapiController.class.php 第 28 行.
NOTIC: [8] Undefined index: datetime /opt/lampp/www/picServer/App/Qwadmin/Controller/PicapiController.class.php 第 28 行.
NOTIC: [8] Undefined index: datetime /opt/lampp/www/picServer/App/Qwadmin/Controller/PicapiController.class.php 第 28 行.
NOTIC: [8] Undefined index: datetime /opt/lampp/www/picServer/App/Qwadmin/Controller/PicapiController.class.php 第 28 行.
NOTIC: [8] Undefined index: datetime /opt/lampp/www/picServer/App/Qwadmin/Controller/PicapiController.class.php 第 28 行.
NOTIC: [8] Undefined index: datetime /opt/lampp/www/picServer/App/Qwadmin/Controller/PicapiController.class.php 第 28 行.
NOTIC: [8] Undefined index: datetime /opt/lampp/www/picServer/App/Qwadmin/Controller/PicapiController.class.php 第 28 行.
NOTIC: [8] Undefined index: datetime /opt/lampp/www/picServer/App/Qwadmin/Controller/PicapiController.class.php 第 28 行.
NOTIC: [8] Undefined index: datetime /opt/lampp/www/picServer/App/Qwadmin/Controller/PicapiController.class.php 第 28 行.
NOTIC: [8] Undefined index: datetime /opt/lampp/www/picServer/App/Qwadmin/Controller/PicapiController.class.php 第 28 行.
INFO: [ app_end ] --START--
INFO: Run Behavior\ShowPageTraceBehavior [ RunTime:0.000329s ]
INFO: [ app_end ] --END-- [ RunTime:0.000345s ]

[ 2021-06-11T05:54:13+08:00 ] 47.103.124.214 /
INFO: [ app_init ] --START--
INFO: Run Behavior\BuildLiteBehavior [ RunTime:0.000005s ]
INFO: [ app_init ] --END-- [ RunTime:0.000026s ]
INFO: [ app_begin ] --START--
INFO: Run Behavior\ReadHtmlCacheBehavior [ RunTime:0.000190s ]
INFO: [ app_begin ] --END-- [ RunTime:0.000205s ]
SQL: SHOW COLUMNS FROM `qw_setting` [ RunTime:0.0007s ]
SQL: SELECT `k`,`v` FROM `qw_setting`  [ RunTime:0.0034s ]
NOTIC: [8] Undefined offset: 1 /opt/lampp/www/picServer/App/Qwadmin/Controller/ComController.class.php 第 27 行.

[ 2021-06-11T05:54:13+08:00 ] 47.103.124.214 /login/index.html
INFO: [ app_init ] --START--
INFO: Run Behavior\BuildLiteBehavior [ RunTime:0.000005s ]
INFO: [ app_init ] --END-- [ RunTime:0.000024s ]
INFO: [ app_begin ] --START--
INFO: Run Behavior\ReadHtmlCacheBehavior [ RunTime:0.000197s ]
INFO: [ app_begin ] --END-- [ RunTime:0.000215s ]
SQL: SHOW COLUMNS FROM `qw_setting` [ RunTime:0.0006s ]
SQL: SELECT `k`,`v` FROM `qw_setting`  [ RunTime:0.0003s ]
NOTIC: [8] Undefined offset: 1 /opt/lampp/www/picServer/App/Qwadmin/Controller/LoginController.class.php 第 21 行.
INFO: [ view_parse ] --START--
INFO: [ template_filter ] --START--
INFO: Run Behavior\ContentReplaceBehavior [ RunTime:0.000047s ]
INFO: [ template_filter ] --END-- [ RunTime:0.000070s ]
INFO: Run Behavior\ParseTemplateBehavior [ RunTime:0.020613s ]
INFO: [ view_parse ] --END-- [ RunTime:0.020641s ]
INFO: [ view_filter ] --START--
INFO: Run Behavior\WriteHtmlCacheBehavior [ RunTime:0.002873s ]
INFO: [ view_filter ] --END-- [ RunTime:0.002887s ]
INFO: [ app_end ] --START--
INFO: Run Behavior\ShowPageTraceBehavior [ RunTime:0.000277s ]
INFO: [ app_end ] --END-- [ RunTime:0.000289s ]

[ 2021-06-11T10:32:44+08:00 ] 118.145.238.45 /picapi/config/wx8dfbc97733f412a1
INFO: [ app_init ] --START--
INFO: Run Behavior\BuildLiteBehavior [ RunTime:0.000007s ]
INFO: [ app_init ] --END-- [ RunTime:0.000027s ]
INFO: [ app_begin ] --START--
INFO: Run Behavior\ReadHtmlCacheBehavior [ RunTime:0.000219s ]
INFO: [ app_begin ] --END-- [ RunTime:0.000233s ]
SQL: SHOW COLUMNS FROM `qw_setting` [ RunTime:0.0007s ]
SQL: SELECT `k`,`v` FROM `qw_setting`  [ RunTime:0.0017s ]
INFO: [ app_end ] --START--
INFO: Run Behavior\ShowPageTraceBehavior [ RunTime:0.000284s ]
INFO: [ app_end ] --END-- [ RunTime:0.000298s ]

[ 2021-06-11T10:32:44+08:00 ] 118.145.238.45 /picapi//index?version=v2&page=0&size=10
INFO: [ app_init ] --START--
INFO: Run Behavior\BuildLiteBehavior [ RunTime:0.000005s ]
INFO: [ app_init ] --END-- [ RunTime:0.000027s ]
INFO: [ app_begin ] --START--
INFO: Run Behavior\ReadHtmlCacheBehavior [ RunTime:0.000245s ]
INFO: [ app_begin ] --END-- [ RunTime:0.000262s ]
SQL: SHOW COLUMNS FROM `qw_setting` [ RunTime:0.0007s ]
SQL: SELECT `k`,`v` FROM `qw_setting`  [ RunTime:0.0002s ]
SQL: SHOW COLUMNS FROM `qw_photo` [ RunTime:0.0005s ]
SQL: SELECT * FROM `qw_photo` ORDER BY id DESC LIMIT 0,10   [ RunTime:0.0022s ]
SQL: SELECT COUNT(*) AS tp_count FROM `qw_photo` LIMIT 1   [ RunTime:0.0002s ]
NOTIC: [8] Undefined index: datetime /opt/lampp/www/picServer/App/Qwadmin/Controller/PicapiController.class.php 第 28 行.
NOTIC: [8] Undefined index: datetime /opt/lampp/www/picServer/App/Qwadmin/Controller/PicapiController.class.php 第 28 行.
NOTIC: [8] Undefined index: datetime /opt/lampp/www/picServer/App/Qwadmin/Controller/PicapiController.class.php 第 28 行.
NOTIC: [8] Undefined index: datetime /opt/lampp/www/picServer/App/Qwadmin/Controller/PicapiController.class.php 第 28 行.
NOTIC: [8] Undefined index: datetime /opt/lampp/www/picServer/App/Qwadmin/Controller/PicapiController.class.php 第 28 行.
NOTIC: [8] Undefined index: datetime /opt/lampp/www/picServer/App/Qwadmin/Controller/PicapiController.class.php 第 28 行.
NOTIC: [8] Undefined index: datetime /opt/lampp/www/picServer/App/Qwadmin/Controller/PicapiController.class.php 第 28 行.
NOTIC: [8] Undefined index: datetime /opt/lampp/www/picServer/App/Qwadmin/Controller/PicapiController.class.php 第 28 行.
NOTIC: [8] Undefined index: datetime /opt/lampp/www/picServer/App/Qwadmin/Controller/PicapiController.class.php 第 28 行.
NOTIC: [8] Undefined index: datetime /opt/lampp/www/picServer/App/Qwadmin/Controller/PicapiController.class.php 第 28 行.
INFO: [ app_end ] --START--
INFO: Run Behavior\ShowPageTraceBehavior [ RunTime:0.000342s ]
INFO: [ app_end ] --END-- [ RunTime:0.000360s ]

[ 2021-06-11T11:22:42+08:00 ] 117.136.57.193 /picapi/config/wx8dfbc97733f412a1
INFO: [ app_init ] --START--
INFO: Run Behavior\BuildLiteBehavior [ RunTime:0.000006s ]
INFO: [ app_init ] --END-- [ RunTime:0.000026s ]
INFO: [ app_begin ] --START--
INFO: Run Behavior\ReadHtmlCacheBehavior [ RunTime:0.000226s ]
INFO: [ app_begin ] --END-- [ RunTime:0.000240s ]
SQL: SHOW COLUMNS FROM `qw_setting` [ RunTime:0.0007s ]
SQL: SELECT `k`,`v` FROM `qw_setting`  [ RunTime:0.0003s ]
INFO: [ app_end ] --START--
INFO: Run Behavior\ShowPageTraceBehavior [ RunTime:0.000303s ]
INFO: [ app_end ] --END-- [ RunTime:0.000319s ]

[ 2021-06-11T11:22:42+08:00 ] 117.136.57.193 /picapi//index?version=v2&page=0&size=10
INFO: [ app_init ] --START--
INFO: Run Behavior\BuildLiteBehavior [ RunTime:0.000006s ]
INFO: [ app_init ] --END-- [ RunTime:0.000026s ]
INFO: [ app_begin ] --START--
INFO: Run Behavior\ReadHtmlCacheBehavior [ RunTime:0.000226s ]
INFO: [ app_begin ] --END-- [ RunTime:0.000242s ]
SQL: SHOW COLUMNS FROM `qw_setting` [ RunTime:0.0006s ]
SQL: SELECT `k`,`v` FROM `qw_setting`  [ RunTime:0.0002s ]
SQL: SHOW COLUMNS FROM `qw_photo` [ RunTime:0.0004s ]
SQL: SELECT * FROM `qw_photo` ORDER BY id DESC LIMIT 0,10   [ RunTime:0.0016s ]
SQL: SELECT COUNT(*) AS tp_count FROM `qw_photo` LIMIT 1   [ RunTime:0.0002s ]
NOTIC: [8] Undefined index: datetime /opt/lampp/www/picServer/App/Qwadmin/Controller/PicapiController.class.php 第 28 行.
NOTIC: [8] Undefined index: datetime /opt/lampp/www/picServer/App/Qwadmin/Controller/PicapiController.class.php 第 28 行.
NOTIC: [8] Undefined index: datetime /opt/lampp/www/picServer/App/Qwadmin/Controller/PicapiController.class.php 第 28 行.
NOTIC: [8] Undefined index: datetime /opt/lampp/www/picServer/App/Qwadmin/Controller/PicapiController.class.php 第 28 行.
NOTIC: [8] Undefined index: datetime /opt/lampp/www/picServer/App/Qwadmin/Controller/PicapiController.class.php 第 28 行.
NOTIC: [8] Undefined index: datetime /opt/lampp/www/picServer/App/Qwadmin/Controller/PicapiController.class.php 第 28 行.
NOTIC: [8] Undefined index: datetime /opt/lampp/www/picServer/App/Qwadmin/Controller/PicapiController.class.php 第 28 行.
NOTIC: [8] Undefined index: datetime /opt/lampp/www/picServer/App/Qwadmin/Controller/PicapiController.class.php 第 28 行.
NOTIC: [8] Undefined index: datetime /opt/lampp/www/picServer/App/Qwadmin/Controller/PicapiController.class.php 第 28 行.
NOTIC: [8] Undefined index: datetime /opt/lampp/www/picServer/App/Qwadmin/Controller/PicapiController.class.php 第 28 行.
INFO: [ app_end ] --START--
INFO: Run Behavior\ShowPageTraceBehavior [ RunTime:0.000274s ]
INFO: [ app_end ] --END-- [ RunTime:0.000292s ]

[ 2021-06-11T11:39:06+08:00 ] 47.102.115.133 /
INFO: [ app_init ] --START--
INFO: Run Behavior\BuildLiteBehavior [ RunTime:0.000005s ]
INFO: [ app_init ] --END-- [ RunTime:0.000024s ]
INFO: [ app_begin ] --START--
INFO: Run Behavior\ReadHtmlCacheBehavior [ RunTime:0.000187s ]
INFO: [ app_begin ] --END-- [ RunTime:0.000201s ]
SQL: SHOW COLUMNS FROM `qw_setting` [ RunTime:0.0006s ]
SQL: SELECT `k`,`v` FROM `qw_setting`  [ RunTime:0.0002s ]
NOTIC: [8] Undefined offset: 1 /opt/lampp/www/picServer/App/Qwadmin/Controller/ComController.class.php 第 27 行.

[ 2021-06-11T11:39:06+08:00 ] 47.102.115.133 /login/index.html
INFO: [ app_init ] --START--
INFO: Run Behavior\BuildLiteBehavior [ RunTime:0.000005s ]
INFO: [ app_init ] --END-- [ RunTime:0.000025s ]
INFO: [ app_begin ] --START--
INFO: Run Behavior\ReadHtmlCacheBehavior [ RunTime:0.000201s ]
INFO: [ app_begin ] --END-- [ RunTime:0.000214s ]
SQL: SHOW COLUMNS FROM `qw_setting` [ RunTime:0.0006s ]
SQL: SELECT `k`,`v` FROM `qw_setting`  [ RunTime:0.0002s ]
NOTIC: [8] Undefined offset: 1 /opt/lampp/www/picServer/App/Qwadmin/Controller/LoginController.class.php 第 21 行.
INFO: [ view_parse ] --START--
INFO: [ template_filter ] --START--
INFO: Run Behavior\ContentReplaceBehavior [ RunTime:0.000033s ]
INFO: [ template_filter ] --END-- [ RunTime:0.000054s ]
INFO: Run Behavior\ParseTemplateBehavior [ RunTime:0.009808s ]
INFO: [ view_parse ] --END-- [ RunTime:0.009825s ]
INFO: [ view_filter ] --START--
INFO: Run Behavior\WriteHtmlCacheBehavior [ RunTime:0.001526s ]
INFO: [ view_filter ] --END-- [ RunTime:0.001544s ]
INFO: [ app_end ] --START--
INFO: Run Behavior\ShowPageTraceBehavior [ RunTime:0.000308s ]
INFO: [ app_end ] --END-- [ RunTime:0.000322s ]

[ 2021-06-11T11:39:08+08:00 ] 47.102.115.133 /login/verify.html
INFO: [ app_init ] --START--
INFO: Run Behavior\BuildLiteBehavior [ RunTime:0.000005s ]
INFO: [ app_init ] --END-- [ RunTime:0.000054s ]
INFO: [ app_begin ] --START--
INFO: Run Behavior\ReadHtmlCacheBehavior [ RunTime:0.000236s ]
INFO: [ app_begin ] --END-- [ RunTime:0.000251s ]
SQL: SHOW COLUMNS FROM `qw_setting` [ RunTime:0.0006s ]
SQL: SELECT `k`,`v` FROM `qw_setting`  [ RunTime:0.0002s ]
INFO: [ app_end ] --START--
INFO: Run Behavior\ShowPageTraceBehavior [ RunTime:0.000340s ]
INFO: [ app_end ] --END-- [ RunTime:0.000369s ]

[ 2021-06-11T12:39:01+08:00 ] 47.101.148.46 /
INFO: [ app_init ] --START--
INFO: Run Behavior\BuildLiteBehavior [ RunTime:0.000006s ]
INFO: [ app_init ] --END-- [ RunTime:0.000026s ]
INFO: [ app_begin ] --START--
INFO: Run Behavior\ReadHtmlCacheBehavior [ RunTime:0.000229s ]
INFO: [ app_begin ] --END-- [ RunTime:0.000248s ]
SQL: SHOW COLUMNS FROM `qw_setting` [ RunTime:0.0006s ]
SQL: SELECT `k`,`v` FROM `qw_setting`  [ RunTime:0.0017s ]
NOTIC: [8] Undefined offset: 1 /opt/lampp/www/picServer/App/Qwadmin/Controller/ComController.class.php 第 27 行.

[ 2021-06-11T12:39:01+08:00 ] 47.101.148.46 /login/index.html
INFO: [ app_init ] --START--
INFO: Run Behavior\BuildLiteBehavior [ RunTime:0.000005s ]
INFO: [ app_init ] --END-- [ RunTime:0.000024s ]
INFO: [ app_begin ] --START--
INFO: Run Behavior\ReadHtmlCacheBehavior [ RunTime:0.000243s ]
INFO: [ app_begin ] --END-- [ RunTime:0.000258s ]
SQL: SHOW COLUMNS FROM `qw_setting` [ RunTime:0.0006s ]
SQL: SELECT `k`,`v` FROM `qw_setting`  [ RunTime:0.0002s ]
NOTIC: [8] Undefined offset: 1 /opt/lampp/www/picServer/App/Qwadmin/Controller/LoginController.class.php 第 21 行.
INFO: [ view_parse ] --START--
INFO: [ template_filter ] --START--
INFO: Run Behavior\ContentReplaceBehavior [ RunTime:0.000027s ]
INFO: [ template_filter ] --END-- [ RunTime:0.000042s ]
INFO: Run Behavior\ParseTemplateBehavior [ RunTime:0.003509s ]
INFO: [ view_parse ] --END-- [ RunTime:0.003523s ]
INFO: [ view_filter ] --START--
INFO: Run Behavior\WriteHtmlCacheBehavior [ RunTime:0.000068s ]
INFO: [ view_filter ] --END-- [ RunTime:0.000077s ]
INFO: [ app_end ] --START--
INFO: Run Behavior\ShowPageTraceBehavior [ RunTime:0.000261s ]
INFO: [ app_end ] --END-- [ RunTime:0.000274s ]

[ 2021-06-11T12:39:02+08:00 ] 47.101.148.46 /login/verify.html
INFO: [ app_init ] --START--
INFO: Run Behavior\BuildLiteBehavior [ RunTime:0.000008s ]
INFO: [ app_init ] --END-- [ RunTime:0.000035s ]
INFO: [ app_begin ] --START--
INFO: Run Behavior\ReadHtmlCacheBehavior [ RunTime:0.000188s ]
INFO: [ app_begin ] --END-- [ RunTime:0.000202s ]
SQL: SHOW COLUMNS FROM `qw_setting` [ RunTime:0.0007s ]
SQL: SELECT `k`,`v` FROM `qw_setting`  [ RunTime:0.0002s ]
INFO: [ app_end ] --START--
INFO: Run Behavior\ShowPageTraceBehavior [ RunTime:0.000258s ]
INFO: [ app_end ] --END-- [ RunTime:0.000277s ]

[ 2021-06-11T14:45:12+08:00 ] 223.104.44.45 /picapi/config/wx8dfbc97733f412a1
INFO: [ app_init ] --START--
INFO: Run Behavior\BuildLiteBehavior [ RunTime:0.000004s ]
INFO: [ app_init ] --END-- [ RunTime:0.000024s ]
INFO: [ app_begin ] --START--
INFO: Run Behavior\ReadHtmlCacheBehavior [ RunTime:0.000254s ]
INFO: [ app_begin ] --END-- [ RunTime:0.000270s ]
SQL: SHOW COLUMNS FROM `qw_setting` [ RunTime:0.0006s ]
SQL: SELECT `k`,`v` FROM `qw_setting`  [ RunTime:0.0002s ]
INFO: [ app_end ] --START--
INFO: Run Behavior\ShowPageTraceBehavior [ RunTime:0.000236s ]
INFO: [ app_end ] --END-- [ RunTime:0.000252s ]

[ 2021-06-11T14:45:12+08:00 ] 223.104.44.45 /picapi//index?version=v2&page=0&size=10
INFO: [ app_init ] --START--
INFO: Run Behavior\BuildLiteBehavior [ RunTime:0.000006s ]
INFO: [ app_init ] --END-- [ RunTime:0.000025s ]
INFO: [ app_begin ] --START--
INFO: Run Behavior\ReadHtmlCacheBehavior [ RunTime:0.000228s ]
INFO: [ app_begin ] --END-- [ RunTime:0.000246s ]
SQL: SHOW COLUMNS FROM `qw_setting` [ RunTime:0.0008s ]
SQL: SELECT `k`,`v` FROM `qw_setting`  [ RunTime:0.0003s ]
SQL: SHOW COLUMNS FROM `qw_photo` [ RunTime:0.0004s ]
SQL: SELECT * FROM `qw_photo` ORDER BY id DESC LIMIT 0,10   [ RunTime:0.0017s ]
SQL: SELECT COUNT(*) AS tp_count FROM `qw_photo` LIMIT 1   [ RunTime:0.0002s ]
NOTIC: [8] Undefined index: datetime /opt/lampp/www/picServer/App/Qwadmin/Controller/PicapiController.class.php 第 28 行.
NOTIC: [8] Undefined index: datetime /opt/lampp/www/picServer/App/Qwadmin/Controller/PicapiController.class.php 第 28 行.
NOTIC: [8] Undefined index: datetime /opt/lampp/www/picServer/App/Qwadmin/Controller/PicapiController.class.php 第 28 行.
NOTIC: [8] Undefined index: datetime /opt/lampp/www/picServer/App/Qwadmin/Controller/PicapiController.class.php 第 28 行.
NOTIC: [8] Undefined index: datetime /opt/lampp/www/picServer/App/Qwadmin/Controller/PicapiController.class.php 第 28 行.
NOTIC: [8] Undefined index: datetime /opt/lampp/www/picServer/App/Qwadmin/Controller/PicapiController.class.php 第 28 行.
NOTIC: [8] Undefined index: datetime /opt/lampp/www/picServer/App/Qwadmin/Controller/PicapiController.class.php 第 28 行.
NOTIC: [8] Undefined index: datetime /opt/lampp/www/picServer/App/Qwadmin/Controller/PicapiController.class.php 第 28 行.
NOTIC: [8] Undefined index: datetime /opt/lampp/www/picServer/App/Qwadmin/Controller/PicapiController.class.php 第 28 行.
NOTIC: [8] Undefined index: datetime /opt/lampp/www/picServer/App/Qwadmin/Controller/PicapiController.class.php 第 28 行.
INFO: [ app_end ] --START--
INFO: Run Behavior\ShowPageTraceBehavior [ RunTime:0.000320s ]
INFO: [ app_end ] --END-- [ RunTime:0.000335s ]

[ 2021-06-11T15:24:37+08:00 ] 116.20.32.154 /picapi/config/wx8dfbc97733f412a1
INFO: [ app_init ] --START--
INFO: Run Behavior\BuildLiteBehavior [ RunTime:0.000006s ]
INFO: [ app_init ] --END-- [ RunTime:0.000033s ]
INFO: [ app_begin ] --START--
INFO: Run Behavior\ReadHtmlCacheBehavior [ RunTime:0.000190s ]
INFO: [ app_begin ] --END-- [ RunTime:0.000206s ]
SQL: SHOW COLUMNS FROM `qw_setting` [ RunTime:0.0014s ]
SQL: SELECT `k`,`v` FROM `qw_setting`  [ RunTime:0.0002s ]
INFO: [ app_end ] --START--
INFO: Run Behavior\ShowPageTraceBehavior [ RunTime:0.000233s ]
INFO: [ app_end ] --END-- [ RunTime:0.000248s ]

[ 2021-06-11T15:24:37+08:00 ] 116.20.32.154 /picapi//index?version=v2&page=0&size=10
INFO: [ app_init ] --START--
INFO: Run Behavior\BuildLiteBehavior [ RunTime:0.000005s ]
INFO: [ app_init ] --END-- [ RunTime:0.000022s ]
INFO: [ app_begin ] --START--
INFO: Run Behavior\ReadHtmlCacheBehavior [ RunTime:0.000185s ]
INFO: [ app_begin ] --END-- [ RunTime:0.000199s ]
SQL: SHOW COLUMNS FROM `qw_setting` [ RunTime:0.0019s ]
SQL: SELECT `k`,`v` FROM `qw_setting`  [ RunTime:0.0002s ]
SQL: SHOW COLUMNS FROM `qw_photo` [ RunTime:0.0004s ]
SQL: SELECT * FROM `qw_photo` ORDER BY id DESC LIMIT 0,10   [ RunTime:0.0003s ]
SQL: SELECT COUNT(*) AS tp_count FROM `qw_photo` LIMIT 1   [ RunTime:0.0002s ]
NOTIC: [8] Undefined index: datetime /opt/lampp/www/picServer/App/Qwadmin/Controller/PicapiController.class.php 第 28 行.
NOTIC: [8] Undefined index: datetime /opt/lampp/www/picServer/App/Qwadmin/Controller/PicapiController.class.php 第 28 行.
NOTIC: [8] Undefined index: datetime /opt/lampp/www/picServer/App/Qwadmin/Controller/PicapiController.class.php 第 28 行.
NOTIC: [8] Undefined index: datetime /opt/lampp/www/picServer/App/Qwadmin/Controller/PicapiController.class.php 第 28 行.
NOTIC: [8] Undefined index: datetime /opt/lampp/www/picServer/App/Qwadmin/Controller/PicapiController.class.php 第 28 行.
NOTIC: [8] Undefined index: datetime /opt/lampp/www/picServer/App/Qwadmin/Controller/PicapiController.class.php 第 28 行.
NOTIC: [8] Undefined index: datetime /opt/lampp/www/picServer/App/Qwadmin/Controller/PicapiController.class.php 第 28 行.
NOTIC: [8] Undefined index: datetime /opt/lampp/www/picServer/App/Qwadmin/Controller/PicapiController.class.php 第 28 行.
NOTIC: [8] Undefined index: datetime /opt/lampp/www/picServer/App/Qwadmin/Controller/PicapiController.class.php 第 28 行.
NOTIC: [8] Undefined index: datetime /opt/lampp/www/picServer/App/Qwadmin/Controller/PicapiController.class.php 第 28 行.
INFO: [ app_end ] --START--
INFO: Run Behavior\ShowPageTraceBehavior [ RunTime:0.000285s ]
INFO: [ app_end ] --END-- [ RunTime:0.000303s ]

[ 2021-06-11T15:24:42+08:00 ] 116.20.32.154 /picapi//nineList?version=v2&page=0&size=10
INFO: [ app_init ] --START--
INFO: Run Behavior\BuildLiteBehavior [ RunTime:0.000007s ]
INFO: [ app_init ] --END-- [ RunTime:0.000030s ]
INFO: [ app_begin ] --START--
INFO: Run Behavior\ReadHtmlCacheBehavior [ RunTime:0.000192s ]
INFO: [ app_begin ] --END-- [ RunTime:0.000215s ]
SQL: SHOW COLUMNS FROM `qw_setting` [ RunTime:0.0007s ]
SQL: SELECT `k`,`v` FROM `qw_setting`  [ RunTime:0.0003s ]
SQL: SHOW COLUMNS FROM `qw_photo` [ RunTime:0.0004s ]
SQL: SELECT * FROM `qw_photo` ORDER BY id DESC LIMIT 0,10   [ RunTime:0.0003s ]
SQL: SELECT COUNT(*) AS tp_count FROM `qw_photo` LIMIT 1   [ RunTime:0.0002s ]
INFO: [ app_end ] --START--
INFO: Run Behavior\ShowPageTraceBehavior [ RunTime:0.000272s ]
INFO: [ app_end ] --END-- [ RunTime:0.000299s ]

[ 2021-06-11T15:25:23+08:00 ] 116.20.32.154 /picapi//nineList?version=v2&page=0&size=10
INFO: [ app_init ] --START--
INFO: Run Behavior\BuildLiteBehavior [ RunTime:0.000006s ]
INFO: [ app_init ] --END-- [ RunTime:0.000029s ]
INFO: [ app_begin ] --START--
INFO: Run Behavior\ReadHtmlCacheBehavior [ RunTime:0.000215s ]
INFO: [ app_begin ] --END-- [ RunTime:0.000230s ]
SQL: SHOW COLUMNS FROM `qw_setting` [ RunTime:0.0007s ]
SQL: SELECT `k`,`v` FROM `qw_setting`  [ RunTime:0.0002s ]
SQL: SHOW COLUMNS FROM `qw_photo` [ RunTime:0.0005s ]
SQL: SELECT * FROM `qw_photo` ORDER BY id DESC LIMIT 0,10   [ RunTime:0.0002s ]
SQL: SELECT COUNT(*) AS tp_count FROM `qw_photo` LIMIT 1   [ RunTime:0.0001s ]
INFO: [ app_end ] --START--
INFO: Run Behavior\ShowPageTraceBehavior [ RunTime:0.000304s ]
INFO: [ app_end ] --END-- [ RunTime:0.000323s ]

[ 2021-06-11T15:25:27+08:00 ] 116.20.32.154 /picapi//nineList?version=v2&page=1&size=10
INFO: [ app_init ] --START--
INFO: Run Behavior\BuildLiteBehavior [ RunTime:0.000016s ]
INFO: [ app_init ] --END-- [ RunTime:0.000037s ]
INFO: [ app_begin ] --START--
INFO: Run Behavior\ReadHtmlCacheBehavior [ RunTime:0.000191s ]
INFO: [ app_begin ] --END-- [ RunTime:0.000205s ]
SQL: SHOW COLUMNS FROM `qw_setting` [ RunTime:0.0006s ]
SQL: SELECT `k`,`v` FROM `qw_setting`  [ RunTime:0.0002s ]
SQL: SHOW COLUMNS FROM `qw_photo` [ RunTime:0.0004s ]
SQL: SELECT * FROM `qw_photo` ORDER BY id DESC LIMIT 10,10   [ RunTime:0.0003s ]
SQL: SELECT COUNT(*) AS tp_count FROM `qw_photo` LIMIT 1   [ RunTime:0.0001s ]
INFO: [ app_end ] --START--
INFO: Run Behavior\ShowPageTraceBehavior [ RunTime:0.000273s ]
INFO: [ app_end ] --END-- [ RunTime:0.000287s ]

[ 2021-06-11T15:25:30+08:00 ] 116.20.32.154 /picapi//nineList?version=v2&page=2&size=10
INFO: [ app_init ] --START--
INFO: Run Behavior\BuildLiteBehavior [ RunTime:0.000021s ]
INFO: [ app_init ] --END-- [ RunTime:0.000042s ]
INFO: [ app_begin ] --START--
INFO: Run Behavior\ReadHtmlCacheBehavior [ RunTime:0.000217s ]
INFO: [ app_begin ] --END-- [ RunTime:0.000233s ]
SQL: SHOW COLUMNS FROM `qw_setting` [ RunTime:0.0008s ]
SQL: SELECT `k`,`v` FROM `qw_setting`  [ RunTime:0.0003s ]
SQL: SHOW COLUMNS FROM `qw_photo` [ RunTime:0.0004s ]
SQL: SELECT * FROM `qw_photo` ORDER BY id DESC LIMIT 20,10   [ RunTime:0.0004s ]
SQL: SELECT COUNT(*) AS tp_count FROM `qw_photo` LIMIT 1   [ RunTime:0.0002s ]
INFO: [ app_end ] --START--
INFO: Run Behavior\ShowPageTraceBehavior [ RunTime:0.000375s ]
INFO: [ app_end ] --END-- [ RunTime:0.000393s ]

[ 2021-06-11T15:26:33+08:00 ] 116.20.32.154 /picapi/add
INFO: [ app_init ] --START--
INFO: Run Behavior\BuildLiteBehavior [ RunTime:0.000007s ]
INFO: [ app_init ] --END-- [ RunTime:0.000035s ]
INFO: [ app_begin ] --START--
INFO: Run Behavior\ReadHtmlCacheBehavior [ RunTime:0.000193s ]
INFO: [ app_begin ] --END-- [ RunTime:0.000208s ]
SQL: SHOW COLUMNS FROM `qw_setting` [ RunTime:0.0006s ]
SQL: SELECT `k`,`v` FROM `qw_setting`  [ RunTime:0.0002s ]
INFO: [ app_end ] --START--
INFO: Run Behavior\ShowPageTraceBehavior [ RunTime:0.000371s ]
INFO: [ app_end ] --END-- [ RunTime:0.000413s ]

[ 2021-06-11T15:26:56+08:00 ] 116.20.32.154 /picapi/add
INFO: [ app_init ] --START--
INFO: Run Behavior\BuildLiteBehavior [ RunTime:0.000005s ]
INFO: [ app_init ] --END-- [ RunTime:0.000046s ]
INFO: [ app_begin ] --START--
INFO: Run Behavior\ReadHtmlCacheBehavior [ RunTime:0.000207s ]
INFO: [ app_begin ] --END-- [ RunTime:0.000223s ]
SQL: SHOW COLUMNS FROM `qw_setting` [ RunTime:0.0007s ]
SQL: SELECT `k`,`v` FROM `qw_setting`  [ RunTime:0.0003s ]
INFO: [ app_end ] --START--
INFO: Run Behavior\ShowPageTraceBehavior [ RunTime:0.000350s ]
INFO: [ app_end ] --END-- [ RunTime:0.000379s ]

[ 2021-06-11T15:27:12+08:00 ] 116.20.32.154 /picapi/add
INFO: [ app_init ] --START--
INFO: Run Behavior\BuildLiteBehavior [ RunTime:0.000005s ]
INFO: [ app_init ] --END-- [ RunTime:0.000026s ]
INFO: [ app_begin ] --START--
INFO: Run Behavior\ReadHtmlCacheBehavior [ RunTime:0.000192s ]
INFO: [ app_begin ] --END-- [ RunTime:0.000206s ]
SQL: SHOW COLUMNS FROM `qw_setting` [ RunTime:0.0006s ]
SQL: SELECT `k`,`v` FROM `qw_setting`  [ RunTime:0.0003s ]
INFO: [ app_end ] --START--
INFO: Run Behavior\ShowPageTraceBehavior [ RunTime:0.000438s ]
INFO: [ app_end ] --END-- [ RunTime:0.000495s ]

[ 2021-06-11T15:27:35+08:00 ] 116.20.32.154 /picapi/add
INFO: [ app_init ] --START--
INFO: Run Behavior\BuildLiteBehavior [ RunTime:0.000005s ]
INFO: [ app_init ] --END-- [ RunTime:0.000027s ]
INFO: [ app_begin ] --START--
INFO: Run Behavior\ReadHtmlCacheBehavior [ RunTime:0.000197s ]
INFO: [ app_begin ] --END-- [ RunTime:0.000213s ]
SQL: SHOW COLUMNS FROM `qw_setting` [ RunTime:0.0006s ]
SQL: SELECT `k`,`v` FROM `qw_setting`  [ RunTime:0.0002s ]
NOTIC: [2] call_user_func() expects parameter 1 to be a valid callback, no array or string given /opt/lampp/www/picServer/ThinkPHP/Library/Think/Upload.class.php 第 170 行.
INFO: [ app_end ] --START--
INFO: Run Behavior\ShowPageTraceBehavior [ RunTime:0.000403s ]
INFO: [ app_end ] --END-- [ RunTime:0.000446s ]

[ 2021-06-11T15:27:48+08:00 ] 116.20.32.154 /picapi/add
INFO: [ app_init ] --START--
INFO: Run Behavior\BuildLiteBehavior [ RunTime:0.000008s ]
INFO: [ app_init ] --END-- [ RunTime:0.000036s ]
INFO: [ app_begin ] --START--
INFO: Run Behavior\ReadHtmlCacheBehavior [ RunTime:0.000255s ]
INFO: [ app_begin ] --END-- [ RunTime:0.000276s ]
SQL: SHOW COLUMNS FROM `qw_setting` [ RunTime:0.0007s ]
SQL: SELECT `k`,`v` FROM `qw_setting`  [ RunTime:0.0003s ]
NOTIC: [2] call_user_func() expects parameter 1 to be a valid callback, no array or string given /opt/lampp/www/picServer/ThinkPHP/Library/Think/Upload.class.php 第 170 行.
INFO: [ app_end ] --START--
INFO: Run Behavior\ShowPageTraceBehavior [ RunTime:0.000410s ]
INFO: [ app_end ] --END-- [ RunTime:0.000451s ]

[ 2021-06-11T15:27:56+08:00 ] 116.20.32.154 /picapi//nineList?version=v2&page=0&size=10
INFO: [ app_init ] --START--
INFO: Run Behavior\BuildLiteBehavior [ RunTime:0.000006s ]
INFO: [ app_init ] --END-- [ RunTime:0.000026s ]
INFO: [ app_begin ] --START--
INFO: Run Behavior\ReadHtmlCacheBehavior [ RunTime:0.000201s ]
INFO: [ app_begin ] --END-- [ RunTime:0.000218s ]
SQL: SHOW COLUMNS FROM `qw_setting` [ RunTime:0.0007s ]
SQL: SELECT `k`,`v` FROM `qw_setting`  [ RunTime:0.0002s ]
SQL: SHOW COLUMNS FROM `qw_photo` [ RunTime:0.0004s ]
SQL: SELECT * FROM `qw_photo` ORDER BY id DESC LIMIT 0,10   [ RunTime:0.0003s ]
SQL: SELECT COUNT(*) AS tp_count FROM `qw_photo` LIMIT 1   [ RunTime:0.0002s ]
INFO: [ app_end ] --START--
INFO: Run Behavior\ShowPageTraceBehavior [ RunTime:0.000263s ]
INFO: [ app_end ] --END-- [ RunTime:0.000278s ]

[ 2021-06-11T15:28:00+08:00 ] 116.20.32.154 /picapi//nineList?version=v2&page=1&size=10
INFO: [ app_init ] --START--
INFO: Run Behavior\BuildLiteBehavior [ RunTime:0.000013s ]
INFO: [ app_init ] --END-- [ RunTime:0.000034s ]
INFO: [ app_begin ] --START--
INFO: Run Behavior\ReadHtmlCacheBehavior [ RunTime:0.000187s ]
INFO: [ app_begin ] --END-- [ RunTime:0.000200s ]
SQL: SHOW COLUMNS FROM `qw_setting` [ RunTime:0.0006s ]
SQL: SELECT `k`,`v` FROM `qw_setting`  [ RunTime:0.0002s ]
SQL: SHOW COLUMNS FROM `qw_photo` [ RunTime:0.0004s ]
SQL: SELECT * FROM `qw_photo` ORDER BY id DESC LIMIT 10,10   [ RunTime:0.0002s ]
SQL: SELECT COUNT(*) AS tp_count FROM `qw_photo` LIMIT 1   [ RunTime:0.0001s ]
INFO: [ app_end ] --START--
INFO: Run Behavior\ShowPageTraceBehavior [ RunTime:0.000262s ]
INFO: [ app_end ] --END-- [ RunTime:0.000277s ]

[ 2021-06-11T15:28:03+08:00 ] 116.20.32.154 /picapi//nineDetail?id=3390&version=v2
INFO: [ app_init ] --START--
INFO: Run Behavior\BuildLiteBehavior [ RunTime:0.000026s ]
INFO: [ app_init ] --END-- [ RunTime:0.000047s ]
INFO: [ app_begin ] --START--
INFO: Run Behavior\ReadHtmlCacheBehavior [ RunTime:0.000192s ]
INFO: [ app_begin ] --END-- [ RunTime:0.000207s ]
SQL: SHOW COLUMNS FROM `qw_setting` [ RunTime:0.0006s ]
SQL: SELECT `k`,`v` FROM `qw_setting`  [ RunTime:0.0002s ]
SQL: SHOW COLUMNS FROM `qw_photo` [ RunTime:0.0004s ]
SQL: SELECT * FROM `qw_photo` WHERE `id` = 3390 LIMIT 1   [ RunTime:0.0002s ]
SQL: SELECT COUNT(*) AS tp_count FROM `qw_photo` WHERE `id` = 3390 LIMIT 1   [ RunTime:0.0001s ]
INFO: [ app_end ] --START--
INFO: Run Behavior\ShowPageTraceBehavior [ RunTime:0.000282s ]
INFO: [ app_end ] --END-- [ RunTime:0.000298s ]

[ 2021-06-11T15:28:52+08:00 ] 116.20.32.154 /picapi//nineList?version=v2&page=0&size=10
INFO: [ app_init ] --START--
INFO: Run Behavior\BuildLiteBehavior [ RunTime:0.000006s ]
INFO: [ app_init ] --END-- [ RunTime:0.000026s ]
INFO: [ app_begin ] --START--
INFO: Run Behavior\ReadHtmlCacheBehavior [ RunTime:0.000190s ]
INFO: [ app_begin ] --END-- [ RunTime:0.000203s ]
SQL: SHOW COLUMNS FROM `qw_setting` [ RunTime:0.0006s ]
SQL: SELECT `k`,`v` FROM `qw_setting`  [ RunTime:0.0003s ]
SQL: SHOW COLUMNS FROM `qw_photo` [ RunTime:0.0004s ]
SQL: SELECT * FROM `qw_photo` ORDER BY id DESC LIMIT 0,10   [ RunTime:0.0002s ]
SQL: SELECT COUNT(*) AS tp_count FROM `qw_photo` LIMIT 1   [ RunTime:0.0001s ]
INFO: [ app_end ] --START--
INFO: Run Behavior\ShowPageTraceBehavior [ RunTime:0.000285s ]
INFO: [ app_end ] --END-- [ RunTime:0.000300s ]

[ 2021-06-11T17:40:15+08:00 ] 171.82.215.218 /picapi/config/wx8dfbc97733f412a1
INFO: [ app_init ] --START--
INFO: Run Behavior\BuildLiteBehavior [ RunTime:0.000006s ]
INFO: [ app_init ] --END-- [ RunTime:0.000028s ]
INFO: [ app_begin ] --START--
INFO: Run Behavior\ReadHtmlCacheBehavior [ RunTime:0.000190s ]
INFO: [ app_begin ] --END-- [ RunTime:0.000205s ]
SQL: SHOW COLUMNS FROM `qw_setting` [ RunTime:0.0028s ]
SQL: SELECT `k`,`v` FROM `qw_setting`  [ RunTime:0.0011s ]
INFO: [ app_end ] --START--
INFO: Run Behavior\ShowPageTraceBehavior [ RunTime:0.000363s ]
INFO: [ app_end ] --END-- [ RunTime:0.000384s ]

[ 2021-06-11T17:40:15+08:00 ] 171.82.215.218 /picapi//index?version=v2&page=0&size=10
INFO: [ app_init ] --START--
INFO: Run Behavior\BuildLiteBehavior [ RunTime:0.000006s ]
INFO: [ app_init ] --END-- [ RunTime:0.000027s ]
INFO: [ app_begin ] --START--
INFO: Run Behavior\ReadHtmlCacheBehavior [ RunTime:0.000284s ]
INFO: [ app_begin ] --END-- [ RunTime:0.000299s ]
SQL: SHOW COLUMNS FROM `qw_setting` [ RunTime:0.0023s ]
SQL: SELECT `k`,`v` FROM `qw_setting`  [ RunTime:0.0017s ]
SQL: SHOW COLUMNS FROM `qw_photo` [ RunTime:0.0005s ]
SQL: SELECT * FROM `qw_photo` ORDER BY id DESC LIMIT 0,10   [ RunTime:0.0003s ]
SQL: SELECT COUNT(*) AS tp_count FROM `qw_photo` LIMIT 1   [ RunTime:0.0001s ]
NOTIC: [8] Undefined index: datetime /opt/lampp/www/picServer/App/Qwadmin/Controller/PicapiController.class.php 第 28 行.
NOTIC: [8] Undefined index: datetime /opt/lampp/www/picServer/App/Qwadmin/Controller/PicapiController.class.php 第 28 行.
NOTIC: [8] Undefined index: datetime /opt/lampp/www/picServer/App/Qwadmin/Controller/PicapiController.class.php 第 28 行.
NOTIC: [8] Undefined index: datetime /opt/lampp/www/picServer/App/Qwadmin/Controller/PicapiController.class.php 第 28 行.
NOTIC: [8] Undefined index: datetime /opt/lampp/www/picServer/App/Qwadmin/Controller/PicapiController.class.php 第 28 行.
NOTIC: [8] Undefined index: datetime /opt/lampp/www/picServer/App/Qwadmin/Controller/PicapiController.class.php 第 28 行.
NOTIC: [8] Undefined index: datetime /opt/lampp/www/picServer/App/Qwadmin/Controller/PicapiController.class.php 第 28 行.
NOTIC: [8] Undefined index: datetime /opt/lampp/www/picServer/App/Qwadmin/Controller/PicapiController.class.php 第 28 行.
NOTIC: [8] Undefined index: datetime /opt/lampp/www/picServer/App/Qwadmin/Controller/PicapiController.class.php 第 28 行.
NOTIC: [8] Undefined index: datetime /opt/lampp/www/picServer/App/Qwadmin/Controller/PicapiController.class.php 第 28 行.
INFO: [ app_end ] --START--
INFO: Run Behavior\ShowPageTraceBehavior [ RunTime:0.000356s ]
INFO: [ app_end ] --END-- [ RunTime:0.000374s ]

[ 2021-06-11T17:40:26+08:00 ] 171.82.215.218 /picapi//nineList?version=v2&page=0&size=10
INFO: [ app_init ] --START--
INFO: Run Behavior\BuildLiteBehavior [ RunTime:0.000005s ]
INFO: [ app_init ] --END-- [ RunTime:0.000026s ]
INFO: [ app_begin ] --START--
INFO: Run Behavior\ReadHtmlCacheBehavior [ RunTime:0.000219s ]
INFO: [ app_begin ] --END-- [ RunTime:0.000235s ]
SQL: SHOW COLUMNS FROM `qw_setting` [ RunTime:0.0020s ]
SQL: SELECT `k`,`v` FROM `qw_setting`  [ RunTime:0.0002s ]
SQL: SHOW COLUMNS FROM `qw_photo` [ RunTime:0.0004s ]
SQL: SELECT * FROM `qw_photo` ORDER BY id DESC LIMIT 0,10   [ RunTime:0.0002s ]
SQL: SELECT COUNT(*) AS tp_count FROM `qw_photo` LIMIT 1   [ RunTime:0.0001s ]
INFO: [ app_end ] --START--
INFO: Run Behavior\ShowPageTraceBehavior [ RunTime:0.000255s ]
INFO: [ app_end ] --END-- [ RunTime:0.000269s ]

[ 2021-06-11T17:40:33+08:00 ] 171.82.215.218 /picapi//nineList?version=v2&page=1&size=10
INFO: [ app_init ] --START--
INFO: Run Behavior\BuildLiteBehavior [ RunTime:0.000006s ]
INFO: [ app_init ] --END-- [ RunTime:0.000027s ]
INFO: [ app_begin ] --START--
INFO: Run Behavior\ReadHtmlCacheBehavior [ RunTime:0.000211s ]
INFO: [ app_begin ] --END-- [ RunTime:0.000227s ]
SQL: SHOW COLUMNS FROM `qw_setting` [ RunTime:0.0022s ]
SQL: SELECT `k`,`v` FROM `qw_setting`  [ RunTime:0.0003s ]
SQL: SHOW COLUMNS FROM `qw_photo` [ RunTime:0.0005s ]
SQL: SELECT * FROM `qw_photo` ORDER BY id DESC LIMIT 10,10   [ RunTime:0.0003s ]
SQL: SELECT COUNT(*) AS tp_count FROM `qw_photo` LIMIT 1   [ RunTime:0.0002s ]
INFO: [ app_end ] --START--
INFO: Run Behavior\ShowPageTraceBehavior [ RunTime:0.000340s ]
INFO: [ app_end ] --END-- [ RunTime:0.000360s ]

[ 2021-06-11T17:40:38+08:00 ] 171.82.215.218 /picapi//nineList?version=v2&page=2&size=10
INFO: [ app_init ] --START--
INFO: Run Behavior\BuildLiteBehavior [ RunTime:0.000007s ]
INFO: [ app_init ] --END-- [ RunTime:0.000030s ]
INFO: [ app_begin ] --START--
INFO: Run Behavior\ReadHtmlCacheBehavior [ RunTime:0.000259s ]
INFO: [ app_begin ] --END-- [ RunTime:0.000274s ]
SQL: SHOW COLUMNS FROM `qw_setting` [ RunTime:0.0021s ]
SQL: SELECT `k`,`v` FROM `qw_setting`  [ RunTime:0.0002s ]
SQL: SHOW COLUMNS FROM `qw_photo` [ RunTime:0.0004s ]
SQL: SELECT * FROM `qw_photo` ORDER BY id DESC LIMIT 20,10   [ RunTime:0.0003s ]
SQL: SELECT COUNT(*) AS tp_count FROM `qw_photo` LIMIT 1   [ RunTime:0.0002s ]
INFO: [ app_end ] --START--
INFO: Run Behavior\ShowPageTraceBehavior [ RunTime:0.000338s ]
INFO: [ app_end ] --END-- [ RunTime:0.000355s ]

[ 2021-06-11T18:56:47+08:00 ] 112.224.69.197 /picapi/config/wx8dfbc97733f412a1
INFO: [ app_init ] --START--
INFO: Run Behavior\BuildLiteBehavior [ RunTime:0.000006s ]
INFO: [ app_init ] --END-- [ RunTime:0.000028s ]
INFO: [ app_begin ] --START--
INFO: Run Behavior\ReadHtmlCacheBehavior [ RunTime:0.000194s ]
INFO: [ app_begin ] --END-- [ RunTime:0.000209s ]
SQL: SHOW COLUMNS FROM `qw_setting` [ RunTime:0.0007s ]
SQL: SELECT `k`,`v` FROM `qw_setting`  [ RunTime:0.0002s ]
INFO: [ app_end ] --START--
INFO: Run Behavior\ShowPageTraceBehavior [ RunTime:0.000290s ]
INFO: [ app_end ] --END-- [ RunTime:0.000304s ]

[ 2021-06-11T18:56:48+08:00 ] 112.224.69.197 /picapi//index?version=v2&page=0&size=10
INFO: [ app_init ] --START--
INFO: Run Behavior\BuildLiteBehavior [ RunTime:0.000006s ]
INFO: [ app_init ] --END-- [ RunTime:0.000025s ]
INFO: [ app_begin ] --START--
INFO: Run Behavior\ReadHtmlCacheBehavior [ RunTime:0.000227s ]
INFO: [ app_begin ] --END-- [ RunTime:0.000242s ]
SQL: SHOW COLUMNS FROM `qw_setting` [ RunTime:0.0006s ]
SQL: SELECT `k`,`v` FROM `qw_setting`  [ RunTime:0.0002s ]
SQL: SHOW COLUMNS FROM `qw_photo` [ RunTime:0.0004s ]
SQL: SELECT * FROM `qw_photo` ORDER BY id DESC LIMIT 0,10   [ RunTime:0.0002s ]
SQL: SELECT COUNT(*) AS tp_count FROM `qw_photo` LIMIT 1   [ RunTime:0.0001s ]
NOTIC: [8] Undefined index: datetime /opt/lampp/www/picServer/App/Qwadmin/Controller/PicapiController.class.php 第 28 行.
NOTIC: [8] Undefined index: datetime /opt/lampp/www/picServer/App/Qwadmin/Controller/PicapiController.class.php 第 28 行.
NOTIC: [8] Undefined index: datetime /opt/lampp/www/picServer/App/Qwadmin/Controller/PicapiController.class.php 第 28 行.
NOTIC: [8] Undefined index: datetime /opt/lampp/www/picServer/App/Qwadmin/Controller/PicapiController.class.php 第 28 行.
NOTIC: [8] Undefined index: datetime /opt/lampp/www/picServer/App/Qwadmin/Controller/PicapiController.class.php 第 28 行.
NOTIC: [8] Undefined index: datetime /opt/lampp/www/picServer/App/Qwadmin/Controller/PicapiController.class.php 第 28 行.
NOTIC: [8] Undefined index: datetime /opt/lampp/www/picServer/App/Qwadmin/Controller/PicapiController.class.php 第 28 行.
NOTIC: [8] Undefined index: datetime /opt/lampp/www/picServer/App/Qwadmin/Controller/PicapiController.class.php 第 28 行.
NOTIC: [8] Undefined index: datetime /opt/lampp/www/picServer/App/Qwadmin/Controller/PicapiController.class.php 第 28 行.
NOTIC: [8] Undefined index: datetime /opt/lampp/www/picServer/App/Qwadmin/Controller/PicapiController.class.php 第 28 行.
INFO: [ app_end ] --START--
INFO: Run Behavior\ShowPageTraceBehavior [ RunTime:0.000271s ]
INFO: [ app_end ] --END-- [ RunTime:0.000285s ]

[ 2021-06-11T18:58:09+08:00 ] 112.224.69.197 /picapi/config/wx8dfbc97733f412a1
INFO: [ app_init ] --START--
INFO: Run Behavior\BuildLiteBehavior [ RunTime:0.000005s ]
INFO: [ app_init ] --END-- [ RunTime:0.000027s ]
INFO: [ app_begin ] --START--
INFO: Run Behavior\ReadHtmlCacheBehavior [ RunTime:0.000187s ]
INFO: [ app_begin ] --END-- [ RunTime:0.000202s ]
SQL: SHOW COLUMNS FROM `qw_setting` [ RunTime:0.0021s ]
SQL: SELECT `k`,`v` FROM `qw_setting`  [ RunTime:0.0002s ]
INFO: [ app_end ] --START--
INFO: Run Behavior\ShowPageTraceBehavior [ RunTime:0.000234s ]
INFO: [ app_end ] --END-- [ RunTime:0.000248s ]

[ 2021-06-11T18:58:09+08:00 ] 112.224.69.197 /picapi//index?version=v2&page=0&size=10
INFO: [ app_init ] --START--
INFO: Run Behavior\BuildLiteBehavior [ RunTime:0.000004s ]
INFO: [ app_init ] --END-- [ RunTime:0.000029s ]
INFO: [ app_begin ] --START--
INFO: Run Behavior\ReadHtmlCacheBehavior [ RunTime:0.000198s ]
INFO: [ app_begin ] --END-- [ RunTime:0.000212s ]
SQL: SHOW COLUMNS FROM `qw_setting` [ RunTime:0.0005s ]
SQL: SELECT `k`,`v` FROM `qw_setting`  [ RunTime:0.0002s ]
SQL: SHOW COLUMNS FROM `qw_photo` [ RunTime:0.0004s ]
SQL: SELECT * FROM `qw_photo` ORDER BY id DESC LIMIT 0,10   [ RunTime:0.0002s ]
SQL: SELECT COUNT(*) AS tp_count FROM `qw_photo` LIMIT 1   [ RunTime:0.0001s ]
NOTIC: [8] Undefined index: datetime /opt/lampp/www/picServer/App/Qwadmin/Controller/PicapiController.class.php 第 28 行.
NOTIC: [8] Undefined index: datetime /opt/lampp/www/picServer/App/Qwadmin/Controller/PicapiController.class.php 第 28 行.
NOTIC: [8] Undefined index: datetime /opt/lampp/www/picServer/App/Qwadmin/Controller/PicapiController.class.php 第 28 行.
NOTIC: [8] Undefined index: datetime /opt/lampp/www/picServer/App/Qwadmin/Controller/PicapiController.class.php 第 28 行.
NOTIC: [8] Undefined index: datetime /opt/lampp/www/picServer/App/Qwadmin/Controller/PicapiController.class.php 第 28 行.
NOTIC: [8] Undefined index: datetime /opt/lampp/www/picServer/App/Qwadmin/Controller/PicapiController.class.php 第 28 行.
NOTIC: [8] Undefined index: datetime /opt/lampp/www/picServer/App/Qwadmin/Controller/PicapiController.class.php 第 28 行.
NOTIC: [8] Undefined index: datetime /opt/lampp/www/picServer/App/Qwadmin/Controller/PicapiController.class.php 第 28 行.
NOTIC: [8] Undefined index: datetime /opt/lampp/www/picServer/App/Qwadmin/Controller/PicapiController.class.php 第 28 行.
NOTIC: [8] Undefined index: datetime /opt/lampp/www/picServer/App/Qwadmin/Controller/PicapiController.class.php 第 28 行.
INFO: [ app_end ] --START--
INFO: Run Behavior\ShowPageTraceBehavior [ RunTime:0.000243s ]
INFO: [ app_end ] --END-- [ RunTime:0.000259s ]

[ 2021-06-11T20:28:53+08:00 ] 122.100.169.3 /picapi/config/wx8dfbc97733f412a1
INFO: [ app_init ] --START--
INFO: Run Behavior\BuildLiteBehavior [ RunTime:0.000008s ]
INFO: [ app_init ] --END-- [ RunTime:0.000036s ]
INFO: [ app_begin ] --START--
INFO: Run Behavior\ReadHtmlCacheBehavior [ RunTime:0.000308s ]
INFO: [ app_begin ] --END-- [ RunTime:0.000331s ]
SQL: SHOW COLUMNS FROM `qw_setting` [ RunTime:0.0007s ]
SQL: SELECT `k`,`v` FROM `qw_setting`  [ RunTime:0.0002s ]
INFO: [ app_end ] --START--
INFO: Run Behavior\ShowPageTraceBehavior [ RunTime:0.000226s ]
INFO: [ app_end ] --END-- [ RunTime:0.000240s ]

[ 2021-06-11T20:28:53+08:00 ] 122.100.169.3 /picapi//index?version=v2&page=0&size=10
INFO: [ app_init ] --START--
INFO: Run Behavior\BuildLiteBehavior [ RunTime:0.000005s ]
INFO: [ app_init ] --END-- [ RunTime:0.000025s ]
INFO: [ app_begin ] --START--
INFO: Run Behavior\ReadHtmlCacheBehavior [ RunTime:0.000211s ]
INFO: [ app_begin ] --END-- [ RunTime:0.000228s ]
SQL: SHOW COLUMNS FROM `qw_setting` [ RunTime:0.0006s ]
SQL: SELECT `k`,`v` FROM `qw_setting`  [ RunTime:0.0002s ]
SQL: SHOW COLUMNS FROM `qw_photo` [ RunTime:0.0004s ]
SQL: SELECT * FROM `qw_photo` ORDER BY id DESC LIMIT 0,10   [ RunTime:0.0002s ]
SQL: SELECT COUNT(*) AS tp_count FROM `qw_photo` LIMIT 1   [ RunTime:0.0002s ]
NOTIC: [8] Undefined index: datetime /opt/lampp/www/picServer/App/Qwadmin/Controller/PicapiController.class.php 第 28 行.
NOTIC: [8] Undefined index: datetime /opt/lampp/www/picServer/App/Qwadmin/Controller/PicapiController.class.php 第 28 行.
NOTIC: [8] Undefined index: datetime /opt/lampp/www/picServer/App/Qwadmin/Controller/PicapiController.class.php 第 28 行.
NOTIC: [8] Undefined index: datetime /opt/lampp/www/picServer/App/Qwadmin/Controller/PicapiController.class.php 第 28 行.
NOTIC: [8] Undefined index: datetime /opt/lampp/www/picServer/App/Qwadmin/Controller/PicapiController.class.php 第 28 行.
NOTIC: [8] Undefined index: datetime /opt/lampp/www/picServer/App/Qwadmin/Controller/PicapiController.class.php 第 28 行.
NOTIC: [8] Undefined index: datetime /opt/lampp/www/picServer/App/Qwadmin/Controller/PicapiController.class.php 第 28 行.
NOTIC: [8] Undefined index: datetime /opt/lampp/www/picServer/App/Qwadmin/Controller/PicapiController.class.php 第 28 行.
NOTIC: [8] Undefined index: datetime /opt/lampp/www/picServer/App/Qwadmin/Controller/PicapiController.class.php 第 28 行.
NOTIC: [8] Undefined index: datetime /opt/lampp/www/picServer/App/Qwadmin/Controller/PicapiController.class.php 第 28 行.
INFO: [ app_end ] --START--
INFO: Run Behavior\ShowPageTraceBehavior [ RunTime:0.000314s ]
INFO: [ app_end ] --END-- [ RunTime:0.000330s ]

[ 2021-06-11T20:29:26+08:00 ] 122.100.169.3 /picapi//nineList?version=v2&page=0&size=10
INFO: [ app_init ] --START--
INFO: Run Behavior\BuildLiteBehavior [ RunTime:0.000005s ]
INFO: [ app_init ] --END-- [ RunTime:0.000026s ]
INFO: [ app_begin ] --START--
INFO: Run Behavior\ReadHtmlCacheBehavior [ RunTime:0.000240s ]
INFO: [ app_begin ] --END-- [ RunTime:0.000254s ]
SQL: SHOW COLUMNS FROM `qw_setting` [ RunTime:0.0006s ]
SQL: SELECT `k`,`v` FROM `qw_setting`  [ RunTime:0.0003s ]
SQL: SHOW COLUMNS FROM `qw_photo` [ RunTime:0.0004s ]
SQL: SELECT * FROM `qw_photo` ORDER BY id DESC LIMIT 0,10   [ RunTime:0.0003s ]
SQL: SELECT COUNT(*) AS tp_count FROM `qw_photo` LIMIT 1   [ RunTime:0.0002s ]
INFO: [ app_end ] --START--
INFO: Run Behavior\ShowPageTraceBehavior [ RunTime:0.000257s ]
INFO: [ app_end ] --END-- [ RunTime:0.000271s ]

[ 2021-06-11T20:34:21+08:00 ] 122.100.169.3 /picapi/config/wx8dfbc97733f412a1
INFO: [ app_init ] --START--
INFO: Run Behavior\BuildLiteBehavior [ RunTime:0.000004s ]
INFO: [ app_init ] --END-- [ RunTime:0.000042s ]
INFO: [ app_begin ] --START--
INFO: Run Behavior\ReadHtmlCacheBehavior [ RunTime:0.000197s ]
INFO: [ app_begin ] --END-- [ RunTime:0.000213s ]
SQL: SHOW COLUMNS FROM `qw_setting` [ RunTime:0.0005s ]
SQL: SELECT `k`,`v` FROM `qw_setting`  [ RunTime:0.0002s ]
INFO: [ app_end ] --START--
INFO: Run Behavior\ShowPageTraceBehavior [ RunTime:0.000269s ]
INFO: [ app_end ] --END-- [ RunTime:0.000286s ]

[ 2021-06-11T20:34:21+08:00 ] 122.100.169.3 /picapi//index?version=v2&page=0&size=10
INFO: [ app_init ] --START--
INFO: Run Behavior\BuildLiteBehavior [ RunTime:0.000005s ]
INFO: [ app_init ] --END-- [ RunTime:0.000026s ]
INFO: [ app_begin ] --START--
INFO: Run Behavior\ReadHtmlCacheBehavior [ RunTime:0.000194s ]
INFO: [ app_begin ] --END-- [ RunTime:0.000209s ]
SQL: SHOW COLUMNS FROM `qw_setting` [ RunTime:0.0043s ]
SQL: SELECT `k`,`v` FROM `qw_setting`  [ RunTime:0.0003s ]
SQL: SHOW COLUMNS FROM `qw_photo` [ RunTime:0.0005s ]
SQL: SELECT * FROM `qw_photo` ORDER BY id DESC LIMIT 0,10   [ RunTime:0.0002s ]
SQL: SELECT COUNT(*) AS tp_count FROM `qw_photo` LIMIT 1   [ RunTime:0.0002s ]
NOTIC: [8] Undefined index: datetime /opt/lampp/www/picServer/App/Qwadmin/Controller/PicapiController.class.php 第 28 行.
NOTIC: [8] Undefined index: datetime /opt/lampp/www/picServer/App/Qwadmin/Controller/PicapiController.class.php 第 28 行.
NOTIC: [8] Undefined index: datetime /opt/lampp/www/picServer/App/Qwadmin/Controller/PicapiController.class.php 第 28 行.
NOTIC: [8] Undefined index: datetime /opt/lampp/www/picServer/App/Qwadmin/Controller/PicapiController.class.php 第 28 行.
NOTIC: [8] Undefined index: datetime /opt/lampp/www/picServer/App/Qwadmin/Controller/PicapiController.class.php 第 28 行.
NOTIC: [8] Undefined index: datetime /opt/lampp/www/picServer/App/Qwadmin/Controller/PicapiController.class.php 第 28 行.
NOTIC: [8] Undefined index: datetime /opt/lampp/www/picServer/App/Qwadmin/Controller/PicapiController.class.php 第 28 行.
NOTIC: [8] Undefined index: datetime /opt/lampp/www/picServer/App/Qwadmin/Controller/PicapiController.class.php 第 28 行.
NOTIC: [8] Undefined index: datetime /opt/lampp/www/picServer/App/Qwadmin/Controller/PicapiController.class.php 第 28 行.
NOTIC: [8] Undefined index: datetime /opt/lampp/www/picServer/App/Qwadmin/Controller/PicapiController.class.php 第 28 行.
INFO: [ app_end ] --START--
INFO: Run Behavior\ShowPageTraceBehavior [ RunTime:0.000300s ]
INFO: [ app_end ] --END-- [ RunTime:0.000314s ]

[ 2021-06-11T20:51:31+08:00 ] 113.124.90.239 /picapi/config/wx8dfbc97733f412a1
INFO: [ app_init ] --START--
INFO: Run Behavior\BuildLiteBehavior [ RunTime:0.000005s ]
INFO: [ app_init ] --END-- [ RunTime:0.000026s ]
INFO: [ app_begin ] --START--
INFO: Run Behavior\ReadHtmlCacheBehavior [ RunTime:0.000204s ]
INFO: [ app_begin ] --END-- [ RunTime:0.000218s ]
SQL: SHOW COLUMNS FROM `qw_setting` [ RunTime:0.0019s ]
SQL: SELECT `k`,`v` FROM `qw_setting`  [ RunTime:0.0002s ]
INFO: [ app_end ] --START--
INFO: Run Behavior\ShowPageTraceBehavior [ RunTime:0.000304s ]
INFO: [ app_end ] --END-- [ RunTime:0.000321s ]

[ 2021-06-11T20:51:31+08:00 ] 113.124.90.239 /picapi//index?version=v2&page=0&size=10
INFO: [ app_init ] --START--
INFO: Run Behavior\BuildLiteBehavior [ RunTime:0.000005s ]
INFO: [ app_init ] --END-- [ RunTime:0.000021s ]
INFO: [ app_begin ] --START--
INFO: Run Behavior\ReadHtmlCacheBehavior [ RunTime:0.000238s ]
INFO: [ app_begin ] --END-- [ RunTime:0.000252s ]
SQL: SHOW COLUMNS FROM `qw_setting` [ RunTime:0.0017s ]
SQL: SELECT `k`,`v` FROM `qw_setting`  [ RunTime:0.0002s ]
SQL: SHOW COLUMNS FROM `qw_photo` [ RunTime:0.0004s ]
SQL: SELECT * FROM `qw_photo` ORDER BY id DESC LIMIT 0,10   [ RunTime:0.0003s ]
SQL: SELECT COUNT(*) AS tp_count FROM `qw_photo` LIMIT 1   [ RunTime:0.0001s ]
NOTIC: [8] Undefined index: datetime /opt/lampp/www/picServer/App/Qwadmin/Controller/PicapiController.class.php 第 28 行.
NOTIC: [8] Undefined index: datetime /opt/lampp/www/picServer/App/Qwadmin/Controller/PicapiController.class.php 第 28 行.
NOTIC: [8] Undefined index: datetime /opt/lampp/www/picServer/App/Qwadmin/Controller/PicapiController.class.php 第 28 行.
NOTIC: [8] Undefined index: datetime /opt/lampp/www/picServer/App/Qwadmin/Controller/PicapiController.class.php 第 28 行.
NOTIC: [8] Undefined index: datetime /opt/lampp/www/picServer/App/Qwadmin/Controller/PicapiController.class.php 第 28 行.
NOTIC: [8] Undefined index: datetime /opt/lampp/www/picServer/App/Qwadmin/Controller/PicapiController.class.php 第 28 行.
NOTIC: [8] Undefined index: datetime /opt/lampp/www/picServer/App/Qwadmin/Controller/PicapiController.class.php 第 28 行.
NOTIC: [8] Undefined index: datetime /opt/lampp/www/picServer/App/Qwadmin/Controller/PicapiController.class.php 第 28 行.
NOTIC: [8] Undefined index: datetime /opt/lampp/www/picServer/App/Qwadmin/Controller/PicapiController.class.php 第 28 行.
NOTIC: [8] Undefined index: datetime /opt/lampp/www/picServer/App/Qwadmin/Controller/PicapiController.class.php 第 28 行.
INFO: [ app_end ] --START--
INFO: Run Behavior\ShowPageTraceBehavior [ RunTime:0.000264s ]
INFO: [ app_end ] --END-- [ RunTime:0.000279s ]

[ 2021-06-11T21:51:58+08:00 ] 183.253.4.169 /picapi/config/wx8dfbc97733f412a1
INFO: [ app_init ] --START--
INFO: Run Behavior\BuildLiteBehavior [ RunTime:0.000005s ]
INFO: [ app_init ] --END-- [ RunTime:0.000057s ]
INFO: [ app_begin ] --START--
INFO: Run Behavior\ReadHtmlCacheBehavior [ RunTime:0.000197s ]
INFO: [ app_begin ] --END-- [ RunTime:0.000214s ]
SQL: SHOW COLUMNS FROM `qw_setting` [ RunTime:0.0007s ]
SQL: SELECT `k`,`v` FROM `qw_setting`  [ RunTime:0.0003s ]
INFO: [ app_end ] --START--
INFO: Run Behavior\ShowPageTraceBehavior [ RunTime:0.000275s ]
INFO: [ app_end ] --END-- [ RunTime:0.000291s ]

[ 2021-06-11T21:51:58+08:00 ] 183.253.4.169 /picapi//index?version=v2&page=0&size=10
INFO: [ app_init ] --START--
INFO: Run Behavior\BuildLiteBehavior [ RunTime:0.000005s ]
INFO: [ app_init ] --END-- [ RunTime:0.000024s ]
INFO: [ app_begin ] --START--
INFO: Run Behavior\ReadHtmlCacheBehavior [ RunTime:0.000187s ]
INFO: [ app_begin ] --END-- [ RunTime:0.000200s ]
SQL: SHOW COLUMNS FROM `qw_setting` [ RunTime:0.0006s ]
SQL: SELECT `k`,`v` FROM `qw_setting`  [ RunTime:0.0002s ]
SQL: SHOW COLUMNS FROM `qw_photo` [ RunTime:0.0004s ]
SQL: SELECT * FROM `qw_photo` ORDER BY id DESC LIMIT 0,10   [ RunTime:0.0002s ]
SQL: SELECT COUNT(*) AS tp_count FROM `qw_photo` LIMIT 1   [ RunTime:0.0001s ]
NOTIC: [8] Undefined index: datetime /opt/lampp/www/picServer/App/Qwadmin/Controller/PicapiController.class.php 第 28 行.
NOTIC: [8] Undefined index: datetime /opt/lampp/www/picServer/App/Qwadmin/Controller/PicapiController.class.php 第 28 行.
NOTIC: [8] Undefined index: datetime /opt/lampp/www/picServer/App/Qwadmin/Controller/PicapiController.class.php 第 28 行.
NOTIC: [8] Undefined index: datetime /opt/lampp/www/picServer/App/Qwadmin/Controller/PicapiController.class.php 第 28 行.
NOTIC: [8] Undefined index: datetime /opt/lampp/www/picServer/App/Qwadmin/Controller/PicapiController.class.php 第 28 行.
NOTIC: [8] Undefined index: datetime /opt/lampp/www/picServer/App/Qwadmin/Controller/PicapiController.class.php 第 28 行.
NOTIC: [8] Undefined index: datetime /opt/lampp/www/picServer/App/Qwadmin/Controller/PicapiController.class.php 第 28 行.
NOTIC: [8] Undefined index: datetime /opt/lampp/www/picServer/App/Qwadmin/Controller/PicapiController.class.php 第 28 行.
NOTIC: [8] Undefined index: datetime /opt/lampp/www/picServer/App/Qwadmin/Controller/PicapiController.class.php 第 28 行.
NOTIC: [8] Undefined index: datetime /opt/lampp/www/picServer/App/Qwadmin/Controller/PicapiController.class.php 第 28 行.
INFO: [ app_end ] --START--
INFO: Run Behavior\ShowPageTraceBehavior [ RunTime:0.000241s ]
INFO: [ app_end ] --END-- [ RunTime:0.000254s ]

[ 2021-06-11T21:59:11+08:00 ] 122.100.169.3 /picapi/config/wx8dfbc97733f412a1
INFO: [ app_init ] --START--
INFO: Run Behavior\BuildLiteBehavior [ RunTime:0.000006s ]
INFO: [ app_init ] --END-- [ RunTime:0.000039s ]
INFO: [ app_begin ] --START--
INFO: Run Behavior\ReadHtmlCacheBehavior [ RunTime:0.000232s ]
INFO: [ app_begin ] --END-- [ RunTime:0.000247s ]
SQL: SHOW COLUMNS FROM `qw_setting` [ RunTime:0.0008s ]
SQL: SELECT `k`,`v` FROM `qw_setting`  [ RunTime:0.0003s ]
INFO: [ app_end ] --START--
INFO: Run Behavior\ShowPageTraceBehavior [ RunTime:0.000254s ]
INFO: [ app_end ] --END-- [ RunTime:0.000269s ]

[ 2021-06-11T21:59:11+08:00 ] 122.100.169.3 /picapi//index?version=v2&page=0&size=10
INFO: [ app_init ] --START--
INFO: Run Behavior\BuildLiteBehavior [ RunTime:0.000005s ]
INFO: [ app_init ] --END-- [ RunTime:0.000023s ]
INFO: [ app_begin ] --START--
INFO: Run Behavior\ReadHtmlCacheBehavior [ RunTime:0.000206s ]
INFO: [ app_begin ] --END-- [ RunTime:0.000223s ]
SQL: SHOW COLUMNS FROM `qw_setting` [ RunTime:0.0021s ]
SQL: SELECT `k`,`v` FROM `qw_setting`  [ RunTime:0.0002s ]
SQL: SHOW COLUMNS FROM `qw_photo` [ RunTime:0.0004s ]
SQL: SELECT * FROM `qw_photo` ORDER BY id DESC LIMIT 0,10   [ RunTime:0.0003s ]
SQL: SELECT COUNT(*) AS tp_count FROM `qw_photo` LIMIT 1   [ RunTime:0.0002s ]
NOTIC: [8] Undefined index: datetime /opt/lampp/www/picServer/App/Qwadmin/Controller/PicapiController.class.php 第 28 行.
NOTIC: [8] Undefined index: datetime /opt/lampp/www/picServer/App/Qwadmin/Controller/PicapiController.class.php 第 28 行.
NOTIC: [8] Undefined index: datetime /opt/lampp/www/picServer/App/Qwadmin/Controller/PicapiController.class.php 第 28 行.
NOTIC: [8] Undefined index: datetime /opt/lampp/www/picServer/App/Qwadmin/Controller/PicapiController.class.php 第 28 行.
NOTIC: [8] Undefined index: datetime /opt/lampp/www/picServer/App/Qwadmin/Controller/PicapiController.class.php 第 28 行.
NOTIC: [8] Undefined index: datetime /opt/lampp/www/picServer/App/Qwadmin/Controller/PicapiController.class.php 第 28 行.
NOTIC: [8] Undefined index: datetime /opt/lampp/www/picServer/App/Qwadmin/Controller/PicapiController.class.php 第 28 行.
NOTIC: [8] Undefined index: datetime /opt/lampp/www/picServer/App/Qwadmin/Controller/PicapiController.class.php 第 28 行.
NOTIC: [8] Undefined index: datetime /opt/lampp/www/picServer/App/Qwadmin/Controller/PicapiController.class.php 第 28 行.
NOTIC: [8] Undefined index: datetime /opt/lampp/www/picServer/App/Qwadmin/Controller/PicapiController.class.php 第 28 行.
INFO: [ app_end ] --START--
INFO: Run Behavior\ShowPageTraceBehavior [ RunTime:0.000308s ]
INFO: [ app_end ] --END-- [ RunTime:0.000326s ]

[ 2021-06-11T23:50:25+08:00 ] 116.162.1.113 /picapi/config/wx8dfbc97733f412a1
INFO: [ app_init ] --START--
INFO: Run Behavior\BuildLiteBehavior [ RunTime:0.000005s ]
INFO: [ app_init ] --END-- [ RunTime:0.000026s ]
INFO: [ app_begin ] --START--
INFO: Run Behavior\ReadHtmlCacheBehavior [ RunTime:0.000214s ]
INFO: [ app_begin ] --END-- [ RunTime:0.000229s ]
SQL: SHOW COLUMNS FROM `qw_setting` [ RunTime:0.0006s ]
SQL: SELECT `k`,`v` FROM `qw_setting`  [ RunTime:0.0002s ]
INFO: [ app_end ] --START--
INFO: Run Behavior\ShowPageTraceBehavior [ RunTime:0.000240s ]
INFO: [ app_end ] --END-- [ RunTime:0.000255s ]

[ 2021-06-11T23:50:25+08:00 ] 116.162.1.113 /picapi//index?version=v2&page=0&size=10
INFO: [ app_init ] --START--
INFO: Run Behavior\BuildLiteBehavior [ RunTime:0.000004s ]
INFO: [ app_init ] --END-- [ RunTime:0.000021s ]
INFO: [ app_begin ] --START--
INFO: Run Behavior\ReadHtmlCacheBehavior [ RunTime:0.000201s ]
INFO: [ app_begin ] --END-- [ RunTime:0.000215s ]
SQL: SHOW COLUMNS FROM `qw_setting` [ RunTime:0.0005s ]
SQL: SELECT `k`,`v` FROM `qw_setting`  [ RunTime:0.0002s ]
SQL: SHOW COLUMNS FROM `qw_photo` [ RunTime:0.0004s ]
SQL: SELECT * FROM `qw_photo` ORDER BY id DESC LIMIT 0,10   [ RunTime:0.0017s ]
SQL: SELECT COUNT(*) AS tp_count FROM `qw_photo` LIMIT 1   [ RunTime:0.0002s ]
NOTIC: [8] Undefined index: datetime /opt/lampp/www/picServer/App/Qwadmin/Controller/PicapiController.class.php 第 28 行.
NOTIC: [8] Undefined index: datetime /opt/lampp/www/picServer/App/Qwadmin/Controller/PicapiController.class.php 第 28 行.
NOTIC: [8] Undefined index: datetime /opt/lampp/www/picServer/App/Qwadmin/Controller/PicapiController.class.php 第 28 行.
NOTIC: [8] Undefined index: datetime /opt/lampp/www/picServer/App/Qwadmin/Controller/PicapiController.class.php 第 28 行.
NOTIC: [8] Undefined index: datetime /opt/lampp/www/picServer/App/Qwadmin/Controller/PicapiController.class.php 第 28 行.
NOTIC: [8] Undefined index: datetime /opt/lampp/www/picServer/App/Qwadmin/Controller/PicapiController.class.php 第 28 行.
NOTIC: [8] Undefined index: datetime /opt/lampp/www/picServer/App/Qwadmin/Controller/PicapiController.class.php 第 28 行.
NOTIC: [8] Undefined index: datetime /opt/lampp/www/picServer/App/Qwadmin/Controller/PicapiController.class.php 第 28 行.
NOTIC: [8] Undefined index: datetime /opt/lampp/www/picServer/App/Qwadmin/Controller/PicapiController.class.php 第 28 行.
NOTIC: [8] Undefined index: datetime /opt/lampp/www/picServer/App/Qwadmin/Controller/PicapiController.class.php 第 28 行.
INFO: [ app_end ] --START--
INFO: Run Behavior\ShowPageTraceBehavior [ RunTime:0.000328s ]
INFO: [ app_end ] --END-- [ RunTime:0.000347s ]

[ 2021-06-11T23:53:31+08:00 ] 116.162.1.113 /picapi//index?version=v2&page=0&size=10
INFO: [ app_init ] --START--
INFO: Run Behavior\BuildLiteBehavior [ RunTime:0.000006s ]
INFO: [ app_init ] --END-- [ RunTime:0.000026s ]
INFO: [ app_begin ] --START--
INFO: Run Behavior\ReadHtmlCacheBehavior [ RunTime:0.000205s ]
INFO: [ app_begin ] --END-- [ RunTime:0.000236s ]
SQL: SHOW COLUMNS FROM `qw_setting` [ RunTime:0.0007s ]
SQL: SELECT `k`,`v` FROM `qw_setting`  [ RunTime:0.0002s ]
SQL: SHOW COLUMNS FROM `qw_photo` [ RunTime:0.0004s ]
SQL: SELECT * FROM `qw_photo` ORDER BY id DESC LIMIT 0,10   [ RunTime:0.0003s ]
SQL: SELECT COUNT(*) AS tp_count FROM `qw_photo` LIMIT 1   [ RunTime:0.0001s ]
NOTIC: [8] Undefined index: datetime /opt/lampp/www/picServer/App/Qwadmin/Controller/PicapiController.class.php 第 28 行.
NOTIC: [8] Undefined index: datetime /opt/lampp/www/picServer/App/Qwadmin/Controller/PicapiController.class.php 第 28 行.
NOTIC: [8] Undefined index: datetime /opt/lampp/www/picServer/App/Qwadmin/Controller/PicapiController.class.php 第 28 行.
NOTIC: [8] Undefined index: datetime /opt/lampp/www/picServer/App/Qwadmin/Controller/PicapiController.class.php 第 28 行.
NOTIC: [8] Undefined index: datetime /opt/lampp/www/picServer/App/Qwadmin/Controller/PicapiController.class.php 第 28 行.
NOTIC: [8] Undefined index: datetime /opt/lampp/www/picServer/App/Qwadmin/Controller/PicapiController.class.php 第 28 行.
NOTIC: [8] Undefined index: datetime /opt/lampp/www/picServer/App/Qwadmin/Controller/PicapiController.class.php 第 28 行.
NOTIC: [8] Undefined index: datetime /opt/lampp/www/picServer/App/Qwadmin/Controller/PicapiController.class.php 第 28 行.
NOTIC: [8] Undefined index: datetime /opt/lampp/www/picServer/App/Qwadmin/Controller/PicapiController.class.php 第 28 行.
NOTIC: [8] Undefined index: datetime /opt/lampp/www/picServer/App/Qwadmin/Controller/PicapiController.class.php 第 28 行.
INFO: [ app_end ] --START--
INFO: Run Behavior\ShowPageTraceBehavior [ RunTime:0.000253s ]
INFO: [ app_end ] --END-- [ RunTime:0.000266s ]

[ 2021-06-11T23:53:31+08:00 ] 116.162.1.113 /picapi/config/wx8dfbc97733f412a1
INFO: [ app_init ] --START--
INFO: Run Behavior\BuildLiteBehavior [ RunTime:0.000006s ]
INFO: [ app_init ] --END-- [ RunTime:0.000025s ]
INFO: [ app_begin ] --START--
INFO: Run Behavior\ReadHtmlCacheBehavior [ RunTime:0.000279s ]
INFO: [ app_begin ] --END-- [ RunTime:0.000297s ]
SQL: SHOW COLUMNS FROM `qw_setting` [ RunTime:0.0005s ]
SQL: SELECT `k`,`v` FROM `qw_setting`  [ RunTime:0.0002s ]
INFO: [ app_end ] --START--
INFO: Run Behavior\ShowPageTraceBehavior [ RunTime:0.000269s ]
INFO: [ app_end ] --END-- [ RunTime:0.000284s ]

