[ 2022-02-21T07:06:34+08:00 ] 47.103.20.123 /
INFO: [ app_init ] --START--
INFO: Run Behavior\BuildLiteBehavior [ RunTime:0.000009s ]
INFO: [ app_init ] --END-- [ RunTime:0.000039s ]
INFO: [ app_begin ] --START--
INFO: Run Behavior\ReadHtmlCacheBehavior [ RunTime:0.001533s ]
INFO: [ app_begin ] --END-- [ RunTime:0.001550s ]
SQL: SHOW COLUMNS FROM `qw_setting` [ RunTime:0.0007s ]
SQL: SELECT `k`,`v` FROM `qw_setting`  [ RunTime:0.0020s ]
NOTIC: [8] Undefined offset: 1 /opt/lampp/www/picServer/App/Qwadmin/Controller/ComController.class.php 第 27 行.

[ 2022-02-21T07:06:34+08:00 ] 47.103.20.123 /login/index.html
INFO: [ app_init ] --START--
INFO: Run Behavior\BuildLiteBehavior [ RunTime:0.000005s ]
INFO: [ app_init ] --END-- [ RunTime:0.000025s ]
INFO: [ app_begin ] --START--
INFO: Run Behavior\ReadHtmlCacheBehavior [ RunTime:0.000191s ]
INFO: [ app_begin ] --END-- [ RunTime:0.000204s ]
SQL: SHOW COLUMNS FROM `qw_setting` [ RunTime:0.0007s ]
SQL: SELECT `k`,`v` FROM `qw_setting`  [ RunTime:0.0002s ]
NOTIC: [8] Undefined offset: 1 /opt/lampp/www/picServer/App/Qwadmin/Controller/LoginController.class.php 第 21 行.
INFO: [ view_parse ] --START--
INFO: [ template_filter ] --START--
INFO: Run Behavior\ContentReplaceBehavior [ RunTime:0.000029s ]
INFO: [ template_filter ] --END-- [ RunTime:0.000061s ]
INFO: Run Behavior\ParseTemplateBehavior [ RunTime:0.021056s ]
INFO: [ view_parse ] --END-- [ RunTime:0.021074s ]
INFO: [ view_filter ] --START--
INFO: Run Behavior\WriteHtmlCacheBehavior [ RunTime:0.001470s ]
INFO: [ view_filter ] --END-- [ RunTime:0.001485s ]
INFO: [ app_end ] --START--
INFO: Run Behavior\ShowPageTraceBehavior [ RunTime:0.001606s ]
INFO: [ app_end ] --END-- [ RunTime:0.001624s ]

[ 2022-02-21T07:06:34+08:00 ] 47.103.20.123 /login/verify.html
INFO: [ app_init ] --START--
INFO: Run Behavior\BuildLiteBehavior [ RunTime:0.000006s ]
INFO: [ app_init ] --END-- [ RunTime:0.000033s ]
INFO: [ app_begin ] --START--
INFO: Run Behavior\ReadHtmlCacheBehavior [ RunTime:0.000212s ]
INFO: [ app_begin ] --END-- [ RunTime:0.000227s ]
SQL: SHOW COLUMNS FROM `qw_setting` [ RunTime:0.0006s ]
SQL: SELECT `k`,`v` FROM `qw_setting`  [ RunTime:0.0002s ]
INFO: [ app_end ] --START--
INFO: Run Behavior\ShowPageTraceBehavior [ RunTime:0.000268s ]
INFO: [ app_end ] --END-- [ RunTime:0.000290s ]

[ 2022-02-21T07:06:34+08:00 ] 47.103.20.123 /login/index.html
INFO: [ app_init ] --START--
INFO: Run Behavior\BuildLiteBehavior [ RunTime:0.000005s ]
INFO: [ app_init ] --END-- [ RunTime:0.000019s ]
INFO: [ app_begin ] --START--
INFO: Run Behavior\ReadHtmlCacheBehavior [ RunTime:0.000226s ]
INFO: [ app_begin ] --END-- [ RunTime:0.000240s ]
SQL: SHOW COLUMNS FROM `qw_setting` [ RunTime:0.0005s ]
SQL: SELECT `k`,`v` FROM `qw_setting`  [ RunTime:0.0002s ]
NOTIC: [8] Undefined offset: 1 /opt/lampp/www/picServer/App/Qwadmin/Controller/LoginController.class.php 第 21 行.
INFO: [ view_parse ] --START--
INFO: [ template_filter ] --START--
INFO: Run Behavior\ContentReplaceBehavior [ RunTime:0.000030s ]
INFO: [ template_filter ] --END-- [ RunTime:0.000050s ]
INFO: Run Behavior\ParseTemplateBehavior [ RunTime:0.002584s ]
INFO: [ view_parse ] --END-- [ RunTime:0.002598s ]
INFO: [ view_filter ] --START--
INFO: Run Behavior\WriteHtmlCacheBehavior [ RunTime:0.000088s ]
INFO: [ view_filter ] --END-- [ RunTime:0.000114s ]
INFO: [ app_end ] --START--
INFO: Run Behavior\ShowPageTraceBehavior [ RunTime:0.000263s ]
INFO: [ app_end ] --END-- [ RunTime:0.000276s ]

[ 2022-02-21T08:19:08+08:00 ] 111.7.100.17 /
INFO: [ app_init ] --START--
INFO: Run Behavior\BuildLiteBehavior [ RunTime:0.000006s ]
INFO: [ app_init ] --END-- [ RunTime:0.000026s ]
INFO: [ app_begin ] --START--
INFO: Run Behavior\ReadHtmlCacheBehavior [ RunTime:0.000207s ]
INFO: [ app_begin ] --END-- [ RunTime:0.000223s ]
SQL: SHOW COLUMNS FROM `qw_setting` [ RunTime:0.0007s ]
SQL: SELECT `k`,`v` FROM `qw_setting`  [ RunTime:0.0003s ]
NOTIC: [8] Undefined offset: 1 /opt/lampp/www/picServer/App/Qwadmin/Controller/ComController.class.php 第 27 行.

[ 2022-02-21T08:19:08+08:00 ] 111.7.100.17 /login/index.html
INFO: [ app_init ] --START--
INFO: Run Behavior\BuildLiteBehavior [ RunTime:0.000005s ]
INFO: [ app_init ] --END-- [ RunTime:0.000026s ]
INFO: [ app_begin ] --START--
INFO: Run Behavior\ReadHtmlCacheBehavior [ RunTime:0.000235s ]
INFO: [ app_begin ] --END-- [ RunTime:0.000251s ]
SQL: SHOW COLUMNS FROM `qw_setting` [ RunTime:0.0006s ]
SQL: SELECT `k`,`v` FROM `qw_setting`  [ RunTime:0.0003s ]
NOTIC: [8] Undefined offset: 1 /opt/lampp/www/picServer/App/Qwadmin/Controller/LoginController.class.php 第 21 行.
INFO: [ view_parse ] --START--
INFO: [ template_filter ] --START--
INFO: Run Behavior\ContentReplaceBehavior [ RunTime:0.000027s ]
INFO: [ template_filter ] --END-- [ RunTime:0.000042s ]
INFO: Run Behavior\ParseTemplateBehavior [ RunTime:0.002525s ]
INFO: [ view_parse ] --END-- [ RunTime:0.002539s ]
INFO: [ view_filter ] --START--
INFO: Run Behavior\WriteHtmlCacheBehavior [ RunTime:0.000075s ]
INFO: [ view_filter ] --END-- [ RunTime:0.000086s ]
INFO: [ app_end ] --START--
INFO: Run Behavior\ShowPageTraceBehavior [ RunTime:0.000255s ]
INFO: [ app_end ] --END-- [ RunTime:0.000267s ]

[ 2022-02-21T08:19:08+08:00 ] 111.7.100.17 /
INFO: [ app_init ] --START--
INFO: Run Behavior\BuildLiteBehavior [ RunTime:0.000006s ]
INFO: [ app_init ] --END-- [ RunTime:0.000027s ]
INFO: [ app_begin ] --START--
INFO: Run Behavior\ReadHtmlCacheBehavior [ RunTime:0.000233s ]
INFO: [ app_begin ] --END-- [ RunTime:0.000248s ]
SQL: SHOW COLUMNS FROM `qw_setting` [ RunTime:0.0006s ]
SQL: SELECT `k`,`v` FROM `qw_setting`  [ RunTime:0.0002s ]
NOTIC: [8] Undefined offset: 1 /opt/lampp/www/picServer/App/Qwadmin/Controller/ComController.class.php 第 27 行.

[ 2022-02-21T08:19:08+08:00 ] 111.7.100.16 /login/index.html
INFO: [ app_init ] --START--
INFO: Run Behavior\BuildLiteBehavior [ RunTime:0.000006s ]
INFO: [ app_init ] --END-- [ RunTime:0.000026s ]
INFO: [ app_begin ] --START--
INFO: Run Behavior\ReadHtmlCacheBehavior [ RunTime:0.000193s ]
INFO: [ app_begin ] --END-- [ RunTime:0.000210s ]
SQL: SHOW COLUMNS FROM `qw_setting` [ RunTime:0.0007s ]
SQL: SELECT `k`,`v` FROM `qw_setting`  [ RunTime:0.0003s ]
NOTIC: [8] Undefined offset: 1 /opt/lampp/www/picServer/App/Qwadmin/Controller/LoginController.class.php 第 21 行.
INFO: [ view_parse ] --START--
INFO: [ template_filter ] --START--
INFO: Run Behavior\ContentReplaceBehavior [ RunTime:0.000026s ]
INFO: [ template_filter ] --END-- [ RunTime:0.000041s ]
INFO: Run Behavior\ParseTemplateBehavior [ RunTime:0.002639s ]
INFO: [ view_parse ] --END-- [ RunTime:0.002656s ]
INFO: [ view_filter ] --START--
INFO: Run Behavior\WriteHtmlCacheBehavior [ RunTime:0.000066s ]
INFO: [ view_filter ] --END-- [ RunTime:0.000076s ]
INFO: [ app_end ] --START--
INFO: Run Behavior\ShowPageTraceBehavior [ RunTime:0.000310s ]
INFO: [ app_end ] --END-- [ RunTime:0.000323s ]

[ 2022-02-21T08:19:12+08:00 ] 111.7.100.17 /favicon.ico
INFO: [ app_init ] --START--
INFO: Run Behavior\BuildLiteBehavior [ RunTime:0.000006s ]
INFO: [ app_init ] --END-- [ RunTime:0.000028s ]

[ 2022-02-21T13:10:28+08:00 ] 175.167.156.245 /picapi/config/wx8dfbc97733f412a1
INFO: [ app_init ] --START--
INFO: Run Behavior\BuildLiteBehavior [ RunTime:0.000005s ]
INFO: [ app_init ] --END-- [ RunTime:0.000025s ]
INFO: [ app_begin ] --START--
INFO: Run Behavior\ReadHtmlCacheBehavior [ RunTime:0.000244s ]
INFO: [ app_begin ] --END-- [ RunTime:0.000259s ]
SQL: SHOW COLUMNS FROM `qw_setting` [ RunTime:0.0006s ]
SQL: SELECT `k`,`v` FROM `qw_setting`  [ RunTime:0.0015s ]
INFO: [ app_end ] --START--
INFO: Run Behavior\ShowPageTraceBehavior [ RunTime:0.000248s ]
INFO: [ app_end ] --END-- [ RunTime:0.000263s ]

[ 2022-02-21T13:10:28+08:00 ] 175.167.156.245 /picapi//index?version=v2&page=0&size=10
INFO: [ app_init ] --START--
INFO: Run Behavior\BuildLiteBehavior [ RunTime:0.000005s ]
INFO: [ app_init ] --END-- [ RunTime:0.000020s ]
INFO: [ app_begin ] --START--
INFO: Run Behavior\ReadHtmlCacheBehavior [ RunTime:0.000187s ]
INFO: [ app_begin ] --END-- [ RunTime:0.000202s ]
SQL: SHOW COLUMNS FROM `qw_setting` [ RunTime:0.0004s ]
SQL: SELECT `k`,`v` FROM `qw_setting`  [ RunTime:0.0011s ]
SQL: SHOW COLUMNS FROM `qw_photo` [ RunTime:0.0004s ]
SQL: SELECT * FROM `qw_photo` ORDER BY id DESC LIMIT 0,10   [ RunTime:0.0017s ]
SQL: SELECT COUNT(*) AS tp_count FROM `qw_photo` LIMIT 1   [ RunTime:0.0002s ]
NOTIC: [8] Undefined index: datetime /opt/lampp/www/picServer/App/Qwadmin/Controller/PicapiController.class.php 第 28 行.
NOTIC: [8] Undefined index: datetime /opt/lampp/www/picServer/App/Qwadmin/Controller/PicapiController.class.php 第 28 行.
NOTIC: [8] Undefined index: datetime /opt/lampp/www/picServer/App/Qwadmin/Controller/PicapiController.class.php 第 28 行.
NOTIC: [8] Undefined index: datetime /opt/lampp/www/picServer/App/Qwadmin/Controller/PicapiController.class.php 第 28 行.
NOTIC: [8] Undefined index: datetime /opt/lampp/www/picServer/App/Qwadmin/Controller/PicapiController.class.php 第 28 行.
NOTIC: [8] Undefined index: datetime /opt/lampp/www/picServer/App/Qwadmin/Controller/PicapiController.class.php 第 28 行.
NOTIC: [8] Undefined index: datetime /opt/lampp/www/picServer/App/Qwadmin/Controller/PicapiController.class.php 第 28 行.
NOTIC: [8] Undefined index: datetime /opt/lampp/www/picServer/App/Qwadmin/Controller/PicapiController.class.php 第 28 行.
NOTIC: [8] Undefined index: datetime /opt/lampp/www/picServer/App/Qwadmin/Controller/PicapiController.class.php 第 28 行.
NOTIC: [8] Undefined index: datetime /opt/lampp/www/picServer/App/Qwadmin/Controller/PicapiController.class.php 第 28 行.
INFO: [ app_end ] --START--
INFO: Run Behavior\ShowPageTraceBehavior [ RunTime:0.000246s ]
INFO: [ app_end ] --END-- [ RunTime:0.000260s ]

[ 2022-02-21T15:49:30+08:00 ] 39.128.254.185 /picapi/config/wx8dfbc97733f412a1
INFO: [ app_init ] --START--
INFO: Run Behavior\BuildLiteBehavior [ RunTime:0.000005s ]
INFO: [ app_init ] --END-- [ RunTime:0.000024s ]
INFO: [ app_begin ] --START--
INFO: Run Behavior\ReadHtmlCacheBehavior [ RunTime:0.000228s ]
INFO: [ app_begin ] --END-- [ RunTime:0.000247s ]
SQL: SHOW COLUMNS FROM `qw_setting` [ RunTime:0.0007s ]
SQL: SELECT `k`,`v` FROM `qw_setting`  [ RunTime:0.0028s ]
INFO: [ app_end ] --START--
INFO: Run Behavior\ShowPageTraceBehavior [ RunTime:0.000259s ]
INFO: [ app_end ] --END-- [ RunTime:0.000273s ]

[ 2022-02-21T15:49:30+08:00 ] 39.128.254.185 /picapi//index?version=v2&page=0&size=10
INFO: [ app_init ] --START--
INFO: Run Behavior\BuildLiteBehavior [ RunTime:0.000005s ]
INFO: [ app_init ] --END-- [ RunTime:0.000036s ]
INFO: [ app_begin ] --START--
INFO: Run Behavior\ReadHtmlCacheBehavior [ RunTime:0.000203s ]
INFO: [ app_begin ] --END-- [ RunTime:0.000219s ]
SQL: SHOW COLUMNS FROM `qw_setting` [ RunTime:0.0007s ]
SQL: SELECT `k`,`v` FROM `qw_setting`  [ RunTime:0.0027s ]
SQL: SHOW COLUMNS FROM `qw_photo` [ RunTime:0.0004s ]
SQL: SELECT * FROM `qw_photo` ORDER BY id DESC LIMIT 0,10   [ RunTime:0.0016s ]
SQL: SELECT COUNT(*) AS tp_count FROM `qw_photo` LIMIT 1   [ RunTime:0.0002s ]
NOTIC: [8] Undefined index: datetime /opt/lampp/www/picServer/App/Qwadmin/Controller/PicapiController.class.php 第 28 行.
NOTIC: [8] Undefined index: datetime /opt/lampp/www/picServer/App/Qwadmin/Controller/PicapiController.class.php 第 28 行.
NOTIC: [8] Undefined index: datetime /opt/lampp/www/picServer/App/Qwadmin/Controller/PicapiController.class.php 第 28 行.
NOTIC: [8] Undefined index: datetime /opt/lampp/www/picServer/App/Qwadmin/Controller/PicapiController.class.php 第 28 行.
NOTIC: [8] Undefined index: datetime /opt/lampp/www/picServer/App/Qwadmin/Controller/PicapiController.class.php 第 28 行.
NOTIC: [8] Undefined index: datetime /opt/lampp/www/picServer/App/Qwadmin/Controller/PicapiController.class.php 第 28 行.
NOTIC: [8] Undefined index: datetime /opt/lampp/www/picServer/App/Qwadmin/Controller/PicapiController.class.php 第 28 行.
NOTIC: [8] Undefined index: datetime /opt/lampp/www/picServer/App/Qwadmin/Controller/PicapiController.class.php 第 28 行.
NOTIC: [8] Undefined index: datetime /opt/lampp/www/picServer/App/Qwadmin/Controller/PicapiController.class.php 第 28 行.
NOTIC: [8] Undefined index: datetime /opt/lampp/www/picServer/App/Qwadmin/Controller/PicapiController.class.php 第 28 行.
INFO: [ app_end ] --START--
INFO: Run Behavior\ShowPageTraceBehavior [ RunTime:0.000269s ]
INFO: [ app_end ] --END-- [ RunTime:0.000283s ]

[ 2022-02-21T17:07:15+08:00 ] 120.37.242.136 /picapi/config/wx8dfbc97733f412a1
INFO: [ app_init ] --START--
INFO: Run Behavior\BuildLiteBehavior [ RunTime:0.000004s ]
INFO: [ app_init ] --END-- [ RunTime:0.000020s ]
INFO: [ app_begin ] --START--
INFO: Run Behavior\ReadHtmlCacheBehavior [ RunTime:0.000189s ]
INFO: [ app_begin ] --END-- [ RunTime:0.000203s ]
SQL: SHOW COLUMNS FROM `qw_setting` [ RunTime:0.0005s ]
SQL: SELECT `k`,`v` FROM `qw_setting`  [ RunTime:0.0003s ]
INFO: [ app_end ] --START--
INFO: Run Behavior\ShowPageTraceBehavior [ RunTime:0.000234s ]
INFO: [ app_end ] --END-- [ RunTime:0.000251s ]

[ 2022-02-21T17:07:15+08:00 ] 120.37.242.136 /picapi//index?version=v2&page=0&size=10
INFO: [ app_init ] --START--
INFO: Run Behavior\BuildLiteBehavior [ RunTime:0.000005s ]
INFO: [ app_init ] --END-- [ RunTime:0.000027s ]
INFO: [ app_begin ] --START--
INFO: Run Behavior\ReadHtmlCacheBehavior [ RunTime:0.000216s ]
INFO: [ app_begin ] --END-- [ RunTime:0.000230s ]
SQL: SHOW COLUMNS FROM `qw_setting` [ RunTime:0.0006s ]
SQL: SELECT `k`,`v` FROM `qw_setting`  [ RunTime:0.0002s ]
SQL: SHOW COLUMNS FROM `qw_photo` [ RunTime:0.0003s ]
SQL: SELECT * FROM `qw_photo` ORDER BY id DESC LIMIT 0,10   [ RunTime:0.0002s ]
SQL: SELECT COUNT(*) AS tp_count FROM `qw_photo` LIMIT 1   [ RunTime:0.0001s ]
NOTIC: [8] Undefined index: datetime /opt/lampp/www/picServer/App/Qwadmin/Controller/PicapiController.class.php 第 28 行.
NOTIC: [8] Undefined index: datetime /opt/lampp/www/picServer/App/Qwadmin/Controller/PicapiController.class.php 第 28 行.
NOTIC: [8] Undefined index: datetime /opt/lampp/www/picServer/App/Qwadmin/Controller/PicapiController.class.php 第 28 行.
NOTIC: [8] Undefined index: datetime /opt/lampp/www/picServer/App/Qwadmin/Controller/PicapiController.class.php 第 28 行.
NOTIC: [8] Undefined index: datetime /opt/lampp/www/picServer/App/Qwadmin/Controller/PicapiController.class.php 第 28 行.
NOTIC: [8] Undefined index: datetime /opt/lampp/www/picServer/App/Qwadmin/Controller/PicapiController.class.php 第 28 行.
NOTIC: [8] Undefined index: datetime /opt/lampp/www/picServer/App/Qwadmin/Controller/PicapiController.class.php 第 28 行.
NOTIC: [8] Undefined index: datetime /opt/lampp/www/picServer/App/Qwadmin/Controller/PicapiController.class.php 第 28 行.
NOTIC: [8] Undefined index: datetime /opt/lampp/www/picServer/App/Qwadmin/Controller/PicapiController.class.php 第 28 行.
NOTIC: [8] Undefined index: datetime /opt/lampp/www/picServer/App/Qwadmin/Controller/PicapiController.class.php 第 28 行.
INFO: [ app_end ] --START--
INFO: Run Behavior\ShowPageTraceBehavior [ RunTime:0.000279s ]
INFO: [ app_end ] --END-- [ RunTime:0.000297s ]

[ 2022-02-21T17:53:06+08:00 ] 42.192.17.155 /
INFO: [ app_init ] --START--
INFO: Run Behavior\BuildLiteBehavior [ RunTime:0.000006s ]
INFO: [ app_init ] --END-- [ RunTime:0.000030s ]
INFO: [ app_begin ] --START--
INFO: Run Behavior\ReadHtmlCacheBehavior [ RunTime:0.000253s ]
INFO: [ app_begin ] --END-- [ RunTime:0.000271s ]
SQL: SHOW COLUMNS FROM `qw_setting` [ RunTime:0.0007s ]
SQL: SELECT `k`,`v` FROM `qw_setting`  [ RunTime:0.0003s ]
NOTIC: [8] Undefined offset: 1 /opt/lampp/www/picServer/App/Qwadmin/Controller/ComController.class.php 第 27 行.

